[2024-10-07T21:52:08.595-0300] {local_task_job_runner.py:120} INFO - ::group::Pre task execution logs
[2024-10-07T21:52:08.619-0300] {taskinstance.py:2076} INFO - Dependencies all met for dep_context=non-requeueable deps ti=<TaskInstance: preprocess_predict.task_preprocess manual__2024-10-08T00:52:00.898914+00:00 [queued]>
[2024-10-07T21:52:08.631-0300] {taskinstance.py:2076} INFO - Dependencies all met for dep_context=requeueable deps ti=<TaskInstance: preprocess_predict.task_preprocess manual__2024-10-08T00:52:00.898914+00:00 [queued]>
[2024-10-07T21:52:08.633-0300] {taskinstance.py:2306} INFO - Starting attempt 2 of 2
[2024-10-07T21:52:08.646-0300] {taskinstance.py:2330} INFO - Executing <Task(_DockerDecoratedOperator): task_preprocess> on 2024-10-08 00:52:00.898914+00:00
[2024-10-07T21:52:08.652-0300] {warnings.py:110} WARNING - /home/***/.local/lib/python3.12/site-packages/***/task/task_runner/standard_task_runner.py:61: DeprecationWarning: This process (pid=1580) is multi-threaded, use of fork() may lead to deadlocks in the child.
  pid = os.fork()

[2024-10-07T21:52:08.654-0300] {standard_task_runner.py:63} INFO - Started process 1581 to run task
[2024-10-07T21:52:08.654-0300] {standard_task_runner.py:90} INFO - Running: ['***', 'tasks', 'run', 'preprocess_predict', 'task_preprocess', 'manual__2024-10-08T00:52:00.898914+00:00', '--job-id', '43', '--raw', '--subdir', 'DAGS_FOLDER/Predict/preprocess_predict.py', '--cfg-path', '/tmp/tmp9n96smi6']
[2024-10-07T21:52:08.655-0300] {standard_task_runner.py:91} INFO - Job 43: Subtask task_preprocess
[2024-10-07T21:52:08.702-0300] {task_command.py:426} INFO - Running <TaskInstance: preprocess_predict.task_preprocess manual__2024-10-08T00:52:00.898914+00:00 [running]> on host 4a07270c49a4
[2024-10-07T21:52:08.781-0300] {taskinstance.py:2648} INFO - Exporting env vars: AIRFLOW_CTX_DAG_OWNER='***' AIRFLOW_CTX_DAG_ID='preprocess_predict' AIRFLOW_CTX_TASK_ID='task_preprocess' AIRFLOW_CTX_EXECUTION_DATE='2024-10-08T00:52:00.898914+00:00' AIRFLOW_CTX_TRY_NUMBER='2' AIRFLOW_CTX_DAG_RUN_ID='manual__2024-10-08T00:52:00.898914+00:00'
[2024-10-07T21:52:08.782-0300] {taskinstance.py:430} INFO - ::endgroup::
[2024-10-07T21:52:08.784-0300] {taskinstance.py:441} INFO - ::group::Post task execution logs
[2024-10-07T21:52:08.785-0300] {taskinstance.py:2905} ERROR - Task failed with exception
Traceback (most recent call last):
  File "/home/airflow/.local/lib/python3.12/site-packages/airflow/models/taskinstance.py", line 465, in _execute_task
    result = _execute_callable(context=context, **execute_callable_kwargs)
             ^^^^^^^^^^^^^^^^^^^^^^^^^^^^^^^^^^^^^^^^^^^^^^^^^^^^^^^^^^^^^
  File "/home/airflow/.local/lib/python3.12/site-packages/airflow/models/taskinstance.py", line 432, in _execute_callable
    return execute_callable(context=context, **execute_callable_kwargs)
           ^^^^^^^^^^^^^^^^^^^^^^^^^^^^^^^^^^^^^^^^^^^^^^^^^^^^^^^^^^^^
  File "/home/airflow/.local/lib/python3.12/site-packages/airflow/models/baseoperator.py", line 400, in wrapper
    return func(self, *args, **kwargs)
           ^^^^^^^^^^^^^^^^^^^^^^^^^^^
  File "/home/airflow/.local/lib/python3.12/site-packages/airflow/providers/docker/decorators/docker.py", line 102, in execute
    self.pickling_library.dump({"args": self.op_args, "kwargs": self.op_kwargs}, file)
_pickle.PicklingError: Can't pickle <function task_preprocess at 0x7f65e00caca0>: it's not the same object as common.add_task.task_preprocess
[2024-10-07T21:52:08.793-0300] {taskinstance.py:1206} INFO - Marking task as FAILED. dag_id=preprocess_predict, task_id=task_preprocess, run_id=manual__2024-10-08T00:52:00.898914+00:00, execution_date=20241008T005200, start_date=20241008T005208, end_date=20241008T005208
[2024-10-07T21:52:08.806-0300] {standard_task_runner.py:110} ERROR - Failed to execute job 43 for task task_preprocess (Can't pickle <function task_preprocess at 0x7f65e00caca0>: it's not the same object as common.add_task.task_preprocess; 1581)
[2024-10-07T21:52:08.829-0300] {local_task_job_runner.py:240} INFO - Task exited with return code 1
[2024-10-07T21:52:08.851-0300] {taskinstance.py:3498} INFO - 0 downstream tasks scheduled from follow-on schedule check
[2024-10-07T21:52:08.856-0300] {local_task_job_runner.py:222} INFO - ::endgroup::
