[2024-10-08T08:46:57.763-0300] {local_task_job_runner.py:120} INFO - ::group::Pre task execution logs
[2024-10-08T08:46:57.801-0300] {taskinstance.py:2076} INFO - Dependencies all met for dep_context=non-requeueable deps ti=<TaskInstance: preprocess_predict.preprocess manual__2024-10-08T11:46:56.362746+00:00 [queued]>
[2024-10-08T08:46:57.818-0300] {taskinstance.py:2076} INFO - Dependencies all met for dep_context=requeueable deps ti=<TaskInstance: preprocess_predict.preprocess manual__2024-10-08T11:46:56.362746+00:00 [queued]>
[2024-10-08T08:46:57.819-0300] {taskinstance.py:2306} INFO - Starting attempt 1 of 1
[2024-10-08T08:46:57.842-0300] {taskinstance.py:2330} INFO - Executing <Task(_PythonVirtualenvDecoratedOperator): preprocess> on 2024-10-08 11:46:56.362746+00:00
[2024-10-08T08:46:57.855-0300] {warnings.py:110} WARNING - /home/***/.local/lib/python3.12/site-packages/***/task/task_runner/standard_task_runner.py:61: DeprecationWarning: This process (pid=999) is multi-threaded, use of fork() may lead to deadlocks in the child.
  pid = os.fork()

[2024-10-08T08:46:57.856-0300] {standard_task_runner.py:90} INFO - Running: ['***', 'tasks', 'run', 'preprocess_predict', 'preprocess', 'manual__2024-10-08T11:46:56.362746+00:00', '--job-id', '124', '--raw', '--subdir', 'DAGS_FOLDER/Predict/preprocess_predict.py', '--cfg-path', '/tmp/tmpn057bt_v']
[2024-10-08T08:46:57.857-0300] {standard_task_runner.py:63} INFO - Started process 1000 to run task
[2024-10-08T08:46:57.858-0300] {standard_task_runner.py:91} INFO - Job 124: Subtask preprocess
[2024-10-08T08:46:57.953-0300] {task_command.py:426} INFO - Running <TaskInstance: preprocess_predict.preprocess manual__2024-10-08T11:46:56.362746+00:00 [running]> on host 4a07270c49a4
[2024-10-08T08:46:58.125-0300] {taskinstance.py:2648} INFO - Exporting env vars: AIRFLOW_CTX_DAG_OWNER='***' AIRFLOW_CTX_DAG_ID='preprocess_predict' AIRFLOW_CTX_TASK_ID='preprocess' AIRFLOW_CTX_EXECUTION_DATE='2024-10-08T11:46:56.362746+00:00' AIRFLOW_CTX_TRY_NUMBER='1' AIRFLOW_CTX_DAG_RUN_ID='manual__2024-10-08T11:46:56.362746+00:00'
[2024-10-08T08:46:58.127-0300] {taskinstance.py:430} INFO - ::endgroup::
[2024-10-08T08:46:58.130-0300] {process_utils.py:183} INFO - Executing cmd: /home/***/.local/bin/python -m virtualenv /tmp/venvagk9ql71 --python=python
[2024-10-08T08:46:58.132-0300] {process_utils.py:187} INFO - Output:
[2024-10-08T08:46:59.398-0300] {process_utils.py:191} INFO - created virtual environment CPython3.12.3.final.0-64 in 387ms
[2024-10-08T08:46:59.399-0300] {process_utils.py:191} INFO -   creator CPython3Posix(dest=/tmp/venvagk9ql71, clear=False, no_vcs_ignore=False, global=False)
[2024-10-08T08:46:59.401-0300] {process_utils.py:191} INFO -   seeder FromAppData(download=False, pip=bundle, via=copy, app_data_dir=/home/***/.local/share/virtualenv)
[2024-10-08T08:46:59.402-0300] {process_utils.py:191} INFO -     added seed packages: pip==24.2
[2024-10-08T08:46:59.403-0300] {process_utils.py:191} INFO -   activators BashActivator,CShellActivator,FishActivator,NushellActivator,PowerShellActivator,PythonActivator
[2024-10-08T08:46:59.442-0300] {process_utils.py:183} INFO - Executing cmd: /tmp/venvagk9ql71/bin/pip install -r /tmp/venvagk9ql71/requirements.txt
[2024-10-08T08:46:59.444-0300] {process_utils.py:187} INFO - Output:
[2024-10-08T08:47:01.564-0300] {process_utils.py:191} INFO - Collecting joblib (from -r /tmp/venvagk9ql71/requirements.txt (line 1))
[2024-10-08T08:47:01.566-0300] {process_utils.py:191} INFO -   Using cached joblib-1.4.2-py3-none-any.whl.metadata (5.4 kB)
[2024-10-08T08:47:01.790-0300] {process_utils.py:191} INFO - Collecting numpy (from -r /tmp/venvagk9ql71/requirements.txt (line 2))
[2024-10-08T08:47:01.792-0300] {process_utils.py:191} INFO -   Using cached numpy-2.1.2-cp312-cp312-manylinux_2_17_x86_64.manylinux2014_x86_64.whl.metadata (60 kB)
[2024-10-08T08:47:02.001-0300] {process_utils.py:191} INFO - Collecting pandas (from -r /tmp/venvagk9ql71/requirements.txt (line 3))
[2024-10-08T08:47:02.003-0300] {process_utils.py:191} INFO -   Using cached pandas-2.2.3-cp312-cp312-manylinux_2_17_x86_64.manylinux2014_x86_64.whl.metadata (89 kB)
[2024-10-08T08:47:02.203-0300] {process_utils.py:191} INFO - Collecting scikit-learn (from -r /tmp/venvagk9ql71/requirements.txt (line 4))
[2024-10-08T08:47:02.206-0300] {process_utils.py:191} INFO -   Using cached scikit_learn-1.5.2-cp312-cp312-manylinux_2_17_x86_64.manylinux2014_x86_64.whl.metadata (13 kB)
[2024-10-08T08:47:02.271-0300] {process_utils.py:191} INFO - Collecting python-dateutil>=2.8.2 (from pandas->-r /tmp/venvagk9ql71/requirements.txt (line 3))
[2024-10-08T08:47:02.272-0300] {process_utils.py:191} INFO -   Using cached python_dateutil-2.9.0.post0-py2.py3-none-any.whl.metadata (8.4 kB)
[2024-10-08T08:47:02.340-0300] {process_utils.py:191} INFO - Collecting pytz>=2020.1 (from pandas->-r /tmp/venvagk9ql71/requirements.txt (line 3))
[2024-10-08T08:47:02.342-0300] {process_utils.py:191} INFO -   Using cached pytz-2024.2-py2.py3-none-any.whl.metadata (22 kB)
[2024-10-08T08:47:02.371-0300] {process_utils.py:191} INFO - Collecting tzdata>=2022.7 (from pandas->-r /tmp/venvagk9ql71/requirements.txt (line 3))
[2024-10-08T08:47:02.373-0300] {process_utils.py:191} INFO -   Using cached tzdata-2024.2-py2.py3-none-any.whl.metadata (1.4 kB)
[2024-10-08T08:47:02.531-0300] {process_utils.py:191} INFO - Collecting scipy>=1.6.0 (from scikit-learn->-r /tmp/venvagk9ql71/requirements.txt (line 4))
[2024-10-08T08:47:02.533-0300] {process_utils.py:191} INFO -   Using cached scipy-1.14.1-cp312-cp312-manylinux_2_17_x86_64.manylinux2014_x86_64.whl.metadata (60 kB)
[2024-10-08T08:47:02.588-0300] {process_utils.py:191} INFO - Collecting threadpoolctl>=3.1.0 (from scikit-learn->-r /tmp/venvagk9ql71/requirements.txt (line 4))
[2024-10-08T08:47:02.590-0300] {process_utils.py:191} INFO -   Using cached threadpoolctl-3.5.0-py3-none-any.whl.metadata (13 kB)
[2024-10-08T08:47:02.618-0300] {process_utils.py:191} INFO - Collecting six>=1.5 (from python-dateutil>=2.8.2->pandas->-r /tmp/venvagk9ql71/requirements.txt (line 3))
[2024-10-08T08:47:02.619-0300] {process_utils.py:191} INFO -   Using cached six-1.16.0-py2.py3-none-any.whl.metadata (1.8 kB)
[2024-10-08T08:47:02.636-0300] {process_utils.py:191} INFO - Using cached joblib-1.4.2-py3-none-any.whl (301 kB)
[2024-10-08T08:47:02.638-0300] {process_utils.py:191} INFO - Using cached numpy-2.1.2-cp312-cp312-manylinux_2_17_x86_64.manylinux2014_x86_64.whl (16.0 MB)
[2024-10-08T08:47:02.672-0300] {process_utils.py:191} INFO - Using cached pandas-2.2.3-cp312-cp312-manylinux_2_17_x86_64.manylinux2014_x86_64.whl (12.7 MB)
[2024-10-08T08:47:02.694-0300] {process_utils.py:191} INFO - Using cached scikit_learn-1.5.2-cp312-cp312-manylinux_2_17_x86_64.manylinux2014_x86_64.whl (12.9 MB)
[2024-10-08T08:47:02.721-0300] {process_utils.py:191} INFO - Using cached python_dateutil-2.9.0.post0-py2.py3-none-any.whl (229 kB)
[2024-10-08T08:47:02.725-0300] {process_utils.py:191} INFO - Using cached pytz-2024.2-py2.py3-none-any.whl (508 kB)
[2024-10-08T08:47:02.732-0300] {process_utils.py:191} INFO - Using cached scipy-1.14.1-cp312-cp312-manylinux_2_17_x86_64.manylinux2014_x86_64.whl (40.8 MB)
[2024-10-08T08:47:02.807-0300] {process_utils.py:191} INFO - Using cached threadpoolctl-3.5.0-py3-none-any.whl (18 kB)
[2024-10-08T08:47:02.808-0300] {process_utils.py:191} INFO - Using cached tzdata-2024.2-py2.py3-none-any.whl (346 kB)
[2024-10-08T08:47:02.810-0300] {process_utils.py:191} INFO - Using cached six-1.16.0-py2.py3-none-any.whl (11 kB)
[2024-10-08T08:47:03.032-0300] {process_utils.py:191} INFO - Installing collected packages: pytz, tzdata, threadpoolctl, six, numpy, joblib, scipy, python-dateutil, scikit-learn, pandas
[2024-10-08T08:47:18.475-0300] {process_utils.py:191} INFO - Successfully installed joblib-1.4.2 numpy-2.1.2 pandas-2.2.3 python-dateutil-2.9.0.post0 pytz-2024.2 scikit-learn-1.5.2 scipy-1.14.1 six-1.16.0 threadpoolctl-3.5.0 tzdata-2024.2
[2024-10-08T08:47:18.972-0300] {process_utils.py:183} INFO - Executing cmd: /tmp/venvagk9ql71/bin/python /tmp/venv-call1_zu1rpe/script.py /tmp/venv-call1_zu1rpe/script.in /tmp/venv-call1_zu1rpe/script.out /tmp/venv-call1_zu1rpe/string_args.txt /tmp/venv-call1_zu1rpe/termination.log
[2024-10-08T08:47:18.973-0300] {process_utils.py:187} INFO - Output:
[2024-10-08T08:47:20.943-0300] {process_utils.py:191} INFO - Datos Preprocesados
[2024-10-08T08:47:21.487-0300] {python.py:237} INFO - Done. Returned value was: /opt/***/dags/data/output/X_test_preprocess.csv
[2024-10-08T08:47:21.488-0300] {taskinstance.py:441} INFO - ::group::Post task execution logs
[2024-10-08T08:47:21.521-0300] {taskinstance.py:1206} INFO - Marking task as SUCCESS. dag_id=preprocess_predict, task_id=preprocess, run_id=manual__2024-10-08T11:46:56.362746+00:00, execution_date=20241008T114656, start_date=20241008T114657, end_date=20241008T114721
[2024-10-08T08:47:21.558-0300] {local_task_job_runner.py:240} INFO - Task exited with return code 0
[2024-10-08T08:47:21.582-0300] {taskinstance.py:3498} INFO - 1 downstream tasks scheduled from follow-on schedule check
[2024-10-08T08:47:21.585-0300] {local_task_job_runner.py:222} INFO - ::endgroup::
