[2024-10-06T21:28:50.118-0300] {local_task_job_runner.py:120} INFO - ::group::Pre task execution logs
[2024-10-06T21:28:50.146-0300] {taskinstance.py:2076} INFO - Dependencies all met for dep_context=non-requeueable deps ti=<TaskInstance: training.trainingmodel manual__2024-10-07T00:28:48.954449+00:00 [queued]>
[2024-10-06T21:28:50.163-0300] {taskinstance.py:2076} INFO - Dependencies all met for dep_context=requeueable deps ti=<TaskInstance: training.trainingmodel manual__2024-10-07T00:28:48.954449+00:00 [queued]>
[2024-10-06T21:28:50.164-0300] {taskinstance.py:2306} INFO - Starting attempt 1 of 1
[2024-10-06T21:28:50.184-0300] {taskinstance.py:2330} INFO - Executing <Task(_PythonVirtualenvDecoratedOperator): trainingmodel> on 2024-10-07 00:28:48.954449+00:00
[2024-10-06T21:28:50.195-0300] {standard_task_runner.py:90} INFO - Running: ['***', 'tasks', 'run', 'training', 'trainingmodel', 'manual__2024-10-07T00:28:48.954449+00:00', '--job-id', '7', '--raw', '--subdir', 'DAGS_FOLDER/Train/train_dag.py', '--cfg-path', '/tmp/tmp4w3fq24p']
[2024-10-06T21:28:50.195-0300] {warnings.py:110} WARNING - /home/***/.local/lib/python3.12/site-packages/***/task/task_runner/standard_task_runner.py:61: DeprecationWarning: This process (pid=531) is multi-threaded, use of fork() may lead to deadlocks in the child.
  pid = os.fork()

[2024-10-06T21:28:50.197-0300] {standard_task_runner.py:91} INFO - Job 7: Subtask trainingmodel
[2024-10-06T21:28:50.197-0300] {standard_task_runner.py:63} INFO - Started process 532 to run task
[2024-10-06T21:28:50.263-0300] {task_command.py:426} INFO - Running <TaskInstance: training.trainingmodel manual__2024-10-07T00:28:48.954449+00:00 [running]> on host 4a07270c49a4
[2024-10-06T21:28:50.373-0300] {taskinstance.py:2648} INFO - Exporting env vars: AIRFLOW_CTX_DAG_OWNER='***' AIRFLOW_CTX_DAG_ID='training' AIRFLOW_CTX_TASK_ID='trainingmodel' AIRFLOW_CTX_EXECUTION_DATE='2024-10-07T00:28:48.954449+00:00' AIRFLOW_CTX_TRY_NUMBER='1' AIRFLOW_CTX_DAG_RUN_ID='manual__2024-10-07T00:28:48.954449+00:00'
[2024-10-06T21:28:50.375-0300] {taskinstance.py:430} INFO - ::endgroup::
[2024-10-06T21:28:50.377-0300] {process_utils.py:183} INFO - Executing cmd: /home/***/.local/bin/python -m virtualenv /tmp/venvsahho7hd --python=python
[2024-10-06T21:28:50.378-0300] {process_utils.py:187} INFO - Output:
[2024-10-06T21:28:51.056-0300] {process_utils.py:191} INFO - created virtual environment CPython3.12.3.final.0-64 in 211ms
[2024-10-06T21:28:51.057-0300] {process_utils.py:191} INFO -   creator CPython3Posix(dest=/tmp/venvsahho7hd, clear=False, no_vcs_ignore=False, global=False)
[2024-10-06T21:28:51.058-0300] {process_utils.py:191} INFO -   seeder FromAppData(download=False, pip=bundle, via=copy, app_data_dir=/home/***/.local/share/virtualenv)
[2024-10-06T21:28:51.059-0300] {process_utils.py:191} INFO -     added seed packages: pip==24.0
[2024-10-06T21:28:51.059-0300] {process_utils.py:191} INFO -   activators BashActivator,CShellActivator,FishActivator,NushellActivator,PowerShellActivator,PythonActivator
[2024-10-06T21:28:51.092-0300] {process_utils.py:183} INFO - Executing cmd: /tmp/venvsahho7hd/bin/pip install -r /tmp/venvsahho7hd/requirements.txt
[2024-10-06T21:28:51.094-0300] {process_utils.py:187} INFO - Output:
[2024-10-06T21:28:52.972-0300] {process_utils.py:191} INFO - Collecting joblib (from -r /tmp/venvsahho7hd/requirements.txt (line 1))
[2024-10-06T21:28:52.974-0300] {process_utils.py:191} INFO -   Using cached joblib-1.4.2-py3-none-any.whl.metadata (5.4 kB)
[2024-10-06T21:28:53.231-0300] {process_utils.py:191} INFO - Collecting numpy (from -r /tmp/venvsahho7hd/requirements.txt (line 2))
[2024-10-06T21:28:53.233-0300] {process_utils.py:191} INFO -   Using cached numpy-2.1.2-cp312-cp312-manylinux_2_17_x86_64.manylinux2014_x86_64.whl.metadata (60 kB)
[2024-10-06T21:28:53.430-0300] {process_utils.py:191} INFO - Collecting pandas (from -r /tmp/venvsahho7hd/requirements.txt (line 3))
[2024-10-06T21:28:53.432-0300] {process_utils.py:191} INFO -   Using cached pandas-2.2.3-cp312-cp312-manylinux_2_17_x86_64.manylinux2014_x86_64.whl.metadata (89 kB)
[2024-10-06T21:28:53.581-0300] {process_utils.py:191} INFO - Collecting scikit-learn (from -r /tmp/venvsahho7hd/requirements.txt (line 4))
[2024-10-06T21:28:53.583-0300] {process_utils.py:191} INFO -   Using cached scikit_learn-1.5.2-cp312-cp312-manylinux_2_17_x86_64.manylinux2014_x86_64.whl.metadata (13 kB)
[2024-10-06T21:28:53.706-0300] {process_utils.py:191} INFO - Collecting python-dateutil>=2.8.2 (from pandas->-r /tmp/venvsahho7hd/requirements.txt (line 3))
[2024-10-06T21:28:53.708-0300] {process_utils.py:191} INFO -   Using cached python_dateutil-2.9.0.post0-py2.py3-none-any.whl.metadata (8.4 kB)
[2024-10-06T21:28:53.800-0300] {process_utils.py:191} INFO - Collecting pytz>=2020.1 (from pandas->-r /tmp/venvsahho7hd/requirements.txt (line 3))
[2024-10-06T21:28:53.802-0300] {process_utils.py:191} INFO -   Using cached pytz-2024.2-py2.py3-none-any.whl.metadata (22 kB)
[2024-10-06T21:28:53.839-0300] {process_utils.py:191} INFO - Collecting tzdata>=2022.7 (from pandas->-r /tmp/venvsahho7hd/requirements.txt (line 3))
[2024-10-06T21:28:53.841-0300] {process_utils.py:191} INFO -   Using cached tzdata-2024.2-py2.py3-none-any.whl.metadata (1.4 kB)
[2024-10-06T21:28:54.106-0300] {process_utils.py:191} INFO - Collecting scipy>=1.6.0 (from scikit-learn->-r /tmp/venvsahho7hd/requirements.txt (line 4))
[2024-10-06T21:28:54.108-0300] {process_utils.py:191} INFO -   Using cached scipy-1.14.1-cp312-cp312-manylinux_2_17_x86_64.manylinux2014_x86_64.whl.metadata (60 kB)
[2024-10-06T21:28:54.158-0300] {process_utils.py:191} INFO - Collecting threadpoolctl>=3.1.0 (from scikit-learn->-r /tmp/venvsahho7hd/requirements.txt (line 4))
[2024-10-06T21:28:54.160-0300] {process_utils.py:191} INFO -   Using cached threadpoolctl-3.5.0-py3-none-any.whl.metadata (13 kB)
[2024-10-06T21:28:54.198-0300] {process_utils.py:191} INFO - Collecting six>=1.5 (from python-dateutil>=2.8.2->pandas->-r /tmp/venvsahho7hd/requirements.txt (line 3))
[2024-10-06T21:28:54.201-0300] {process_utils.py:191} INFO -   Using cached six-1.16.0-py2.py3-none-any.whl.metadata (1.8 kB)
[2024-10-06T21:28:54.259-0300] {process_utils.py:191} INFO - Using cached joblib-1.4.2-py3-none-any.whl (301 kB)
[2024-10-06T21:28:54.262-0300] {process_utils.py:191} INFO - Using cached numpy-2.1.2-cp312-cp312-manylinux_2_17_x86_64.manylinux2014_x86_64.whl (16.0 MB)
[2024-10-06T21:28:54.309-0300] {process_utils.py:191} INFO - Using cached pandas-2.2.3-cp312-cp312-manylinux_2_17_x86_64.manylinux2014_x86_64.whl (12.7 MB)
[2024-10-06T21:28:54.358-0300] {process_utils.py:191} INFO - Using cached scikit_learn-1.5.2-cp312-cp312-manylinux_2_17_x86_64.manylinux2014_x86_64.whl (12.9 MB)
[2024-10-06T21:28:54.441-0300] {process_utils.py:191} INFO - Using cached python_dateutil-2.9.0.post0-py2.py3-none-any.whl (229 kB)
[2024-10-06T21:28:54.444-0300] {process_utils.py:191} INFO - Using cached pytz-2024.2-py2.py3-none-any.whl (508 kB)
[2024-10-06T21:28:54.449-0300] {process_utils.py:191} INFO - Using cached scipy-1.14.1-cp312-cp312-manylinux_2_17_x86_64.manylinux2014_x86_64.whl (40.8 MB)
[2024-10-06T21:28:54.739-0300] {process_utils.py:191} INFO - Using cached threadpoolctl-3.5.0-py3-none-any.whl (18 kB)
[2024-10-06T21:28:54.742-0300] {process_utils.py:191} INFO - Using cached tzdata-2024.2-py2.py3-none-any.whl (346 kB)
[2024-10-06T21:28:54.748-0300] {process_utils.py:191} INFO - Using cached six-1.16.0-py2.py3-none-any.whl (11 kB)
[2024-10-06T21:28:55.125-0300] {process_utils.py:191} INFO - Installing collected packages: pytz, tzdata, threadpoolctl, six, numpy, joblib, scipy, python-dateutil, scikit-learn, pandas
[2024-10-06T21:29:12.686-0300] {process_utils.py:191} INFO - Successfully installed joblib-1.4.2 numpy-2.1.2 pandas-2.2.3 python-dateutil-2.9.0.post0 pytz-2024.2 scikit-learn-1.5.2 scipy-1.14.1 six-1.16.0 threadpoolctl-3.5.0 tzdata-2024.2
[2024-10-06T21:29:12.921-0300] {process_utils.py:191} INFO - 
[2024-10-06T21:29:12.923-0300] {process_utils.py:191} INFO - [notice] A new release of pip is available: 24.0 -> 24.2
[2024-10-06T21:29:12.925-0300] {process_utils.py:191} INFO - [notice] To update, run: python -m pip install --upgrade pip
[2024-10-06T21:29:13.226-0300] {process_utils.py:183} INFO - Executing cmd: /tmp/venvsahho7hd/bin/python /tmp/venv-calldbxflu4w/script.py /tmp/venv-calldbxflu4w/script.in /tmp/venv-calldbxflu4w/script.out /tmp/venv-calldbxflu4w/string_args.txt /tmp/venv-calldbxflu4w/termination.log
[2024-10-06T21:29:13.227-0300] {process_utils.py:187} INFO - Output:
[2024-10-06T21:29:15.602-0300] {process_utils.py:191} INFO - Modelo Entrenado y Guardado
[2024-10-06T21:29:16.093-0300] {python.py:237} INFO - Done. Returned value was: None
[2024-10-06T21:29:16.094-0300] {taskinstance.py:441} INFO - ::group::Post task execution logs
[2024-10-06T21:29:16.109-0300] {taskinstance.py:1206} INFO - Marking task as SUCCESS. dag_id=training, task_id=trainingmodel, run_id=manual__2024-10-07T00:28:48.954449+00:00, execution_date=20241007T002848, start_date=20241007T002850, end_date=20241007T002916
[2024-10-06T21:29:16.168-0300] {local_task_job_runner.py:240} INFO - Task exited with return code 0
[2024-10-06T21:29:16.185-0300] {taskinstance.py:3498} INFO - 0 downstream tasks scheduled from follow-on schedule check
[2024-10-06T21:29:16.190-0300] {local_task_job_runner.py:222} INFO - ::endgroup::
