[2024-10-07T21:35:52.349-0300] {local_task_job_runner.py:120} INFO - ::group::Pre task execution logs
[2024-10-07T21:35:52.371-0300] {taskinstance.py:2076} INFO - Dependencies all met for dep_context=non-requeueable deps ti=<TaskInstance: preprocess_predict.preprocessvalues manual__2024-10-08T00:35:50.945381+00:00 [queued]>
[2024-10-07T21:35:52.382-0300] {taskinstance.py:2076} INFO - Dependencies all met for dep_context=requeueable deps ti=<TaskInstance: preprocess_predict.preprocessvalues manual__2024-10-08T00:35:50.945381+00:00 [queued]>
[2024-10-07T21:35:52.384-0300] {taskinstance.py:2306} INFO - Starting attempt 1 of 2
[2024-10-07T21:35:52.397-0300] {taskinstance.py:2330} INFO - Executing <Task(_PythonVirtualenvDecoratedOperator): preprocessvalues> on 2024-10-08 00:35:50.945381+00:00
[2024-10-07T21:35:52.403-0300] {warnings.py:110} WARNING - /home/***/.local/lib/python3.12/site-packages/***/task/task_runner/standard_task_runner.py:61: DeprecationWarning: This process (pid=1134) is multi-threaded, use of fork() may lead to deadlocks in the child.
  pid = os.fork()

[2024-10-07T21:35:52.404-0300] {standard_task_runner.py:63} INFO - Started process 1135 to run task
[2024-10-07T21:35:52.405-0300] {standard_task_runner.py:90} INFO - Running: ['***', 'tasks', 'run', 'preprocess_predict', 'preprocessvalues', 'manual__2024-10-08T00:35:50.945381+00:00', '--job-id', '31', '--raw', '--subdir', 'DAGS_FOLDER/Predict/preprocess_predict.py', '--cfg-path', '/tmp/tmpgpx41xbf']
[2024-10-07T21:35:52.406-0300] {standard_task_runner.py:91} INFO - Job 31: Subtask preprocessvalues
[2024-10-07T21:35:52.450-0300] {task_command.py:426} INFO - Running <TaskInstance: preprocess_predict.preprocessvalues manual__2024-10-08T00:35:50.945381+00:00 [running]> on host 4a07270c49a4
[2024-10-07T21:35:52.530-0300] {taskinstance.py:2648} INFO - Exporting env vars: AIRFLOW_CTX_DAG_OWNER='***' AIRFLOW_CTX_DAG_ID='preprocess_predict' AIRFLOW_CTX_TASK_ID='preprocessvalues' AIRFLOW_CTX_EXECUTION_DATE='2024-10-08T00:35:50.945381+00:00' AIRFLOW_CTX_TRY_NUMBER='1' AIRFLOW_CTX_DAG_RUN_ID='manual__2024-10-08T00:35:50.945381+00:00'
[2024-10-07T21:35:52.532-0300] {taskinstance.py:430} INFO - ::endgroup::
[2024-10-07T21:35:52.533-0300] {process_utils.py:183} INFO - Executing cmd: /home/***/.local/bin/python -m virtualenv /tmp/venvc7o8uc45 --python=python
[2024-10-07T21:35:52.534-0300] {process_utils.py:187} INFO - Output:
[2024-10-07T21:35:53.122-0300] {process_utils.py:191} INFO - created virtual environment CPython3.12.3.final.0-64 in 178ms
[2024-10-07T21:35:53.123-0300] {process_utils.py:191} INFO -   creator CPython3Posix(dest=/tmp/venvc7o8uc45, clear=False, no_vcs_ignore=False, global=False)
[2024-10-07T21:35:53.124-0300] {process_utils.py:191} INFO -   seeder FromAppData(download=False, pip=bundle, via=copy, app_data_dir=/home/***/.local/share/virtualenv)
[2024-10-07T21:35:53.125-0300] {process_utils.py:191} INFO -     added seed packages: pip==24.2
[2024-10-07T21:35:53.126-0300] {process_utils.py:191} INFO -   activators BashActivator,CShellActivator,FishActivator,NushellActivator,PowerShellActivator,PythonActivator
[2024-10-07T21:35:53.152-0300] {process_utils.py:183} INFO - Executing cmd: /tmp/venvc7o8uc45/bin/pip install -r /tmp/venvc7o8uc45/requirements.txt
[2024-10-07T21:35:53.154-0300] {process_utils.py:187} INFO - Output:
[2024-10-07T21:35:54.501-0300] {process_utils.py:191} INFO - Collecting joblib (from -r /tmp/venvc7o8uc45/requirements.txt (line 1))
[2024-10-07T21:35:54.503-0300] {process_utils.py:191} INFO -   Using cached joblib-1.4.2-py3-none-any.whl.metadata (5.4 kB)
[2024-10-07T21:35:54.730-0300] {process_utils.py:191} INFO - Collecting numpy (from -r /tmp/venvc7o8uc45/requirements.txt (line 2))
[2024-10-07T21:35:54.732-0300] {process_utils.py:191} INFO -   Using cached numpy-2.1.2-cp312-cp312-manylinux_2_17_x86_64.manylinux2014_x86_64.whl.metadata (60 kB)
[2024-10-07T21:35:54.921-0300] {process_utils.py:191} INFO - Collecting pandas (from -r /tmp/venvc7o8uc45/requirements.txt (line 3))
[2024-10-07T21:35:54.923-0300] {process_utils.py:191} INFO -   Using cached pandas-2.2.3-cp312-cp312-manylinux_2_17_x86_64.manylinux2014_x86_64.whl.metadata (89 kB)
[2024-10-07T21:35:55.069-0300] {process_utils.py:191} INFO - Collecting scikit-learn (from -r /tmp/venvc7o8uc45/requirements.txt (line 4))
[2024-10-07T21:35:55.071-0300] {process_utils.py:191} INFO -   Using cached scikit_learn-1.5.2-cp312-cp312-manylinux_2_17_x86_64.manylinux2014_x86_64.whl.metadata (13 kB)
[2024-10-07T21:35:55.115-0300] {process_utils.py:191} INFO - Collecting python-dateutil>=2.8.2 (from pandas->-r /tmp/venvc7o8uc45/requirements.txt (line 3))
[2024-10-07T21:35:55.117-0300] {process_utils.py:191} INFO -   Using cached python_dateutil-2.9.0.post0-py2.py3-none-any.whl.metadata (8.4 kB)
[2024-10-07T21:35:55.183-0300] {process_utils.py:191} INFO - Collecting pytz>=2020.1 (from pandas->-r /tmp/venvc7o8uc45/requirements.txt (line 3))
[2024-10-07T21:35:55.184-0300] {process_utils.py:191} INFO -   Using cached pytz-2024.2-py2.py3-none-any.whl.metadata (22 kB)
[2024-10-07T21:35:55.219-0300] {process_utils.py:191} INFO - Collecting tzdata>=2022.7 (from pandas->-r /tmp/venvc7o8uc45/requirements.txt (line 3))
[2024-10-07T21:35:55.220-0300] {process_utils.py:191} INFO -   Using cached tzdata-2024.2-py2.py3-none-any.whl.metadata (1.4 kB)
[2024-10-07T21:35:55.369-0300] {process_utils.py:191} INFO - Collecting scipy>=1.6.0 (from scikit-learn->-r /tmp/venvc7o8uc45/requirements.txt (line 4))
[2024-10-07T21:35:55.371-0300] {process_utils.py:191} INFO -   Using cached scipy-1.14.1-cp312-cp312-manylinux_2_17_x86_64.manylinux2014_x86_64.whl.metadata (60 kB)
[2024-10-07T21:35:55.412-0300] {process_utils.py:191} INFO - Collecting threadpoolctl>=3.1.0 (from scikit-learn->-r /tmp/venvc7o8uc45/requirements.txt (line 4))
[2024-10-07T21:35:55.414-0300] {process_utils.py:191} INFO -   Using cached threadpoolctl-3.5.0-py3-none-any.whl.metadata (13 kB)
[2024-10-07T21:35:55.441-0300] {process_utils.py:191} INFO - Collecting six>=1.5 (from python-dateutil>=2.8.2->pandas->-r /tmp/venvc7o8uc45/requirements.txt (line 3))
[2024-10-07T21:35:55.443-0300] {process_utils.py:191} INFO -   Using cached six-1.16.0-py2.py3-none-any.whl.metadata (1.8 kB)
[2024-10-07T21:35:55.462-0300] {process_utils.py:191} INFO - Using cached joblib-1.4.2-py3-none-any.whl (301 kB)
[2024-10-07T21:35:55.464-0300] {process_utils.py:191} INFO - Using cached numpy-2.1.2-cp312-cp312-manylinux_2_17_x86_64.manylinux2014_x86_64.whl (16.0 MB)
[2024-10-07T21:35:55.481-0300] {process_utils.py:191} INFO - Using cached pandas-2.2.3-cp312-cp312-manylinux_2_17_x86_64.manylinux2014_x86_64.whl (12.7 MB)
[2024-10-07T21:35:55.493-0300] {process_utils.py:191} INFO - Using cached scikit_learn-1.5.2-cp312-cp312-manylinux_2_17_x86_64.manylinux2014_x86_64.whl (12.9 MB)
[2024-10-07T21:35:55.505-0300] {process_utils.py:191} INFO - Using cached python_dateutil-2.9.0.post0-py2.py3-none-any.whl (229 kB)
[2024-10-07T21:35:55.507-0300] {process_utils.py:191} INFO - Using cached pytz-2024.2-py2.py3-none-any.whl (508 kB)
[2024-10-07T21:35:55.509-0300] {process_utils.py:191} INFO - Using cached scipy-1.14.1-cp312-cp312-manylinux_2_17_x86_64.manylinux2014_x86_64.whl (40.8 MB)
[2024-10-07T21:35:55.551-0300] {process_utils.py:191} INFO - Using cached threadpoolctl-3.5.0-py3-none-any.whl (18 kB)
[2024-10-07T21:35:55.553-0300] {process_utils.py:191} INFO - Using cached tzdata-2024.2-py2.py3-none-any.whl (346 kB)
[2024-10-07T21:35:55.555-0300] {process_utils.py:191} INFO - Using cached six-1.16.0-py2.py3-none-any.whl (11 kB)
[2024-10-07T21:35:55.744-0300] {process_utils.py:191} INFO - Installing collected packages: pytz, tzdata, threadpoolctl, six, numpy, joblib, scipy, python-dateutil, scikit-learn, pandas
[2024-10-07T21:36:08.986-0300] {process_utils.py:191} INFO - Successfully installed joblib-1.4.2 numpy-2.1.2 pandas-2.2.3 python-dateutil-2.9.0.post0 pytz-2024.2 scikit-learn-1.5.2 scipy-1.14.1 six-1.16.0 threadpoolctl-3.5.0 tzdata-2024.2
[2024-10-07T21:36:09.441-0300] {process_utils.py:183} INFO - Executing cmd: /tmp/venvc7o8uc45/bin/python /tmp/venv-calltrvojbai/script.py /tmp/venv-calltrvojbai/script.in /tmp/venv-calltrvojbai/script.out /tmp/venv-calltrvojbai/string_args.txt /tmp/venv-calltrvojbai/termination.log
[2024-10-07T21:36:09.443-0300] {process_utils.py:187} INFO - Output:
[2024-10-07T21:36:10.813-0300] {process_utils.py:191} INFO - Datos Preprocesados
[2024-10-07T21:36:11.797-0300] {python.py:237} INFO - Done. Returned value was:    color_black  color_silver  color_white  ...     running  status  year
0          1.0           0.0          0.0  ...   24000.000       3  2020
1          0.0           0.0          1.0  ...  136794.240       3  2017
2          0.0           0.0          1.0  ...   48280.320       3  2021
3          0.0           1.0          0.0  ...   85295.232       3  2018
4          0.0           0.0          1.0  ...  226112.832       3  2013
5          0.0           0.0          0.0  ...  230000.000       3  1997

[6 rows x 10 columns]
[2024-10-07T21:36:11.816-0300] {taskinstance.py:441} INFO - ::group::Post task execution logs
[2024-10-07T21:36:11.862-0300] {taskinstance.py:1206} INFO - Marking task as SUCCESS. dag_id=preprocess_predict, task_id=preprocessvalues, run_id=manual__2024-10-08T00:35:50.945381+00:00, execution_date=20241008T003550, start_date=20241008T003552, end_date=20241008T003611
[2024-10-07T21:36:11.918-0300] {local_task_job_runner.py:240} INFO - Task exited with return code 0
[2024-10-07T21:36:11.943-0300] {taskinstance.py:3498} INFO - 1 downstream tasks scheduled from follow-on schedule check
[2024-10-07T21:36:11.945-0300] {local_task_job_runner.py:222} INFO - ::endgroup::
