[2024-10-08T08:43:12.828-0300] {local_task_job_runner.py:120} INFO - ::group::Pre task execution logs
[2024-10-08T08:43:12.891-0300] {taskinstance.py:2076} INFO - Dependencies all met for dep_context=non-requeueable deps ti=<TaskInstance: preprocess_predict.preprocess manual__2024-10-08T11:43:11.459471+00:00 [queued]>
[2024-10-08T08:43:12.915-0300] {taskinstance.py:2076} INFO - Dependencies all met for dep_context=requeueable deps ti=<TaskInstance: preprocess_predict.preprocess manual__2024-10-08T11:43:11.459471+00:00 [queued]>
[2024-10-08T08:43:12.917-0300] {taskinstance.py:2306} INFO - Starting attempt 1 of 1
[2024-10-08T08:43:12.949-0300] {taskinstance.py:2330} INFO - Executing <Task(_PythonVirtualenvDecoratedOperator): preprocess> on 2024-10-08 11:43:11.459471+00:00
[2024-10-08T08:43:12.960-0300] {warnings.py:110} WARNING - /home/***/.local/lib/python3.12/site-packages/***/task/task_runner/standard_task_runner.py:61: DeprecationWarning: This process (pid=844) is multi-threaded, use of fork() may lead to deadlocks in the child.
  pid = os.fork()

[2024-10-08T08:43:12.962-0300] {standard_task_runner.py:63} INFO - Started process 852 to run task
[2024-10-08T08:43:12.961-0300] {standard_task_runner.py:90} INFO - Running: ['***', 'tasks', 'run', 'preprocess_predict', 'preprocess', 'manual__2024-10-08T11:43:11.459471+00:00', '--job-id', '122', '--raw', '--subdir', 'DAGS_FOLDER/Predict/preprocess_predict.py', '--cfg-path', '/tmp/tmpylbg104a']
[2024-10-08T08:43:12.964-0300] {standard_task_runner.py:91} INFO - Job 122: Subtask preprocess
[2024-10-08T08:43:13.064-0300] {task_command.py:426} INFO - Running <TaskInstance: preprocess_predict.preprocess manual__2024-10-08T11:43:11.459471+00:00 [running]> on host 4a07270c49a4
[2024-10-08T08:43:13.309-0300] {taskinstance.py:2648} INFO - Exporting env vars: AIRFLOW_CTX_DAG_OWNER='***' AIRFLOW_CTX_DAG_ID='preprocess_predict' AIRFLOW_CTX_TASK_ID='preprocess' AIRFLOW_CTX_EXECUTION_DATE='2024-10-08T11:43:11.459471+00:00' AIRFLOW_CTX_TRY_NUMBER='1' AIRFLOW_CTX_DAG_RUN_ID='manual__2024-10-08T11:43:11.459471+00:00'
[2024-10-08T08:43:13.312-0300] {taskinstance.py:430} INFO - ::endgroup::
[2024-10-08T08:43:13.320-0300] {process_utils.py:183} INFO - Executing cmd: /home/***/.local/bin/python -m virtualenv /tmp/venvh5fg_b6v --python=python
[2024-10-08T08:43:13.323-0300] {process_utils.py:187} INFO - Output:
[2024-10-08T08:43:14.766-0300] {process_utils.py:191} INFO - created virtual environment CPython3.12.3.final.0-64 in 477ms
[2024-10-08T08:43:14.768-0300] {process_utils.py:191} INFO -   creator CPython3Posix(dest=/tmp/venvh5fg_b6v, clear=False, no_vcs_ignore=False, global=False)
[2024-10-08T08:43:14.770-0300] {process_utils.py:191} INFO -   seeder FromAppData(download=False, pip=bundle, via=copy, app_data_dir=/home/***/.local/share/virtualenv)
[2024-10-08T08:43:14.771-0300] {process_utils.py:191} INFO -     added seed packages: pip==24.2
[2024-10-08T08:43:14.773-0300] {process_utils.py:191} INFO -   activators BashActivator,CShellActivator,FishActivator,NushellActivator,PowerShellActivator,PythonActivator
[2024-10-08T08:43:14.826-0300] {process_utils.py:183} INFO - Executing cmd: /tmp/venvh5fg_b6v/bin/pip install -r /tmp/venvh5fg_b6v/requirements.txt
[2024-10-08T08:43:14.828-0300] {process_utils.py:187} INFO - Output:
[2024-10-08T08:43:17.251-0300] {process_utils.py:191} INFO - Collecting joblib (from -r /tmp/venvh5fg_b6v/requirements.txt (line 1))
[2024-10-08T08:43:17.253-0300] {process_utils.py:191} INFO -   Using cached joblib-1.4.2-py3-none-any.whl.metadata (5.4 kB)
[2024-10-08T08:43:17.500-0300] {process_utils.py:191} INFO - Collecting numpy (from -r /tmp/venvh5fg_b6v/requirements.txt (line 2))
[2024-10-08T08:43:17.503-0300] {process_utils.py:191} INFO -   Using cached numpy-2.1.2-cp312-cp312-manylinux_2_17_x86_64.manylinux2014_x86_64.whl.metadata (60 kB)
[2024-10-08T08:43:17.759-0300] {process_utils.py:191} INFO - Collecting pandas (from -r /tmp/venvh5fg_b6v/requirements.txt (line 3))
[2024-10-08T08:43:17.761-0300] {process_utils.py:191} INFO -   Using cached pandas-2.2.3-cp312-cp312-manylinux_2_17_x86_64.manylinux2014_x86_64.whl.metadata (89 kB)
[2024-10-08T08:43:17.930-0300] {process_utils.py:191} INFO - Collecting scikit-learn (from -r /tmp/venvh5fg_b6v/requirements.txt (line 4))
[2024-10-08T08:43:17.932-0300] {process_utils.py:191} INFO -   Using cached scikit_learn-1.5.2-cp312-cp312-manylinux_2_17_x86_64.manylinux2014_x86_64.whl.metadata (13 kB)
[2024-10-08T08:43:17.992-0300] {process_utils.py:191} INFO - Collecting python-dateutil>=2.8.2 (from pandas->-r /tmp/venvh5fg_b6v/requirements.txt (line 3))
[2024-10-08T08:43:17.993-0300] {process_utils.py:191} INFO -   Using cached python_dateutil-2.9.0.post0-py2.py3-none-any.whl.metadata (8.4 kB)
[2024-10-08T08:43:18.074-0300] {process_utils.py:191} INFO - Collecting pytz>=2020.1 (from pandas->-r /tmp/venvh5fg_b6v/requirements.txt (line 3))
[2024-10-08T08:43:18.076-0300] {process_utils.py:191} INFO -   Using cached pytz-2024.2-py2.py3-none-any.whl.metadata (22 kB)
[2024-10-08T08:43:18.113-0300] {process_utils.py:191} INFO - Collecting tzdata>=2022.7 (from pandas->-r /tmp/venvh5fg_b6v/requirements.txt (line 3))
[2024-10-08T08:43:18.114-0300] {process_utils.py:191} INFO -   Using cached tzdata-2024.2-py2.py3-none-any.whl.metadata (1.4 kB)
[2024-10-08T08:43:18.312-0300] {process_utils.py:191} INFO - Collecting scipy>=1.6.0 (from scikit-learn->-r /tmp/venvh5fg_b6v/requirements.txt (line 4))
[2024-10-08T08:43:18.314-0300] {process_utils.py:191} INFO -   Using cached scipy-1.14.1-cp312-cp312-manylinux_2_17_x86_64.manylinux2014_x86_64.whl.metadata (60 kB)
[2024-10-08T08:43:18.371-0300] {process_utils.py:191} INFO - Collecting threadpoolctl>=3.1.0 (from scikit-learn->-r /tmp/venvh5fg_b6v/requirements.txt (line 4))
[2024-10-08T08:43:18.372-0300] {process_utils.py:191} INFO -   Using cached threadpoolctl-3.5.0-py3-none-any.whl.metadata (13 kB)
[2024-10-08T08:43:18.402-0300] {process_utils.py:191} INFO - Collecting six>=1.5 (from python-dateutil>=2.8.2->pandas->-r /tmp/venvh5fg_b6v/requirements.txt (line 3))
[2024-10-08T08:43:18.403-0300] {process_utils.py:191} INFO -   Using cached six-1.16.0-py2.py3-none-any.whl.metadata (1.8 kB)
[2024-10-08T08:43:18.419-0300] {process_utils.py:191} INFO - Using cached joblib-1.4.2-py3-none-any.whl (301 kB)
[2024-10-08T08:43:18.420-0300] {process_utils.py:191} INFO - Using cached numpy-2.1.2-cp312-cp312-manylinux_2_17_x86_64.manylinux2014_x86_64.whl (16.0 MB)
[2024-10-08T08:43:18.442-0300] {process_utils.py:191} INFO - Using cached pandas-2.2.3-cp312-cp312-manylinux_2_17_x86_64.manylinux2014_x86_64.whl (12.7 MB)
[2024-10-08T08:43:18.462-0300] {process_utils.py:191} INFO - Using cached scikit_learn-1.5.2-cp312-cp312-manylinux_2_17_x86_64.manylinux2014_x86_64.whl (12.9 MB)
[2024-10-08T08:43:18.486-0300] {process_utils.py:191} INFO - Using cached python_dateutil-2.9.0.post0-py2.py3-none-any.whl (229 kB)
[2024-10-08T08:43:18.488-0300] {process_utils.py:191} INFO - Using cached pytz-2024.2-py2.py3-none-any.whl (508 kB)
[2024-10-08T08:43:18.491-0300] {process_utils.py:191} INFO - Using cached scipy-1.14.1-cp312-cp312-manylinux_2_17_x86_64.manylinux2014_x86_64.whl (40.8 MB)
[2024-10-08T08:43:18.547-0300] {process_utils.py:191} INFO - Using cached threadpoolctl-3.5.0-py3-none-any.whl (18 kB)
[2024-10-08T08:43:18.549-0300] {process_utils.py:191} INFO - Using cached tzdata-2024.2-py2.py3-none-any.whl (346 kB)
[2024-10-08T08:43:18.551-0300] {process_utils.py:191} INFO - Using cached six-1.16.0-py2.py3-none-any.whl (11 kB)
[2024-10-08T08:43:18.748-0300] {process_utils.py:191} INFO - Installing collected packages: pytz, tzdata, threadpoolctl, six, numpy, joblib, scipy, python-dateutil, scikit-learn, pandas
[2024-10-08T08:43:33.826-0300] {process_utils.py:191} INFO - Successfully installed joblib-1.4.2 numpy-2.1.2 pandas-2.2.3 python-dateutil-2.9.0.post0 pytz-2024.2 scikit-learn-1.5.2 scipy-1.14.1 six-1.16.0 threadpoolctl-3.5.0 tzdata-2024.2
[2024-10-08T08:43:34.236-0300] {process_utils.py:183} INFO - Executing cmd: /tmp/venvh5fg_b6v/bin/python /tmp/venv-call7kmqy899/script.py /tmp/venv-call7kmqy899/script.in /tmp/venv-call7kmqy899/script.out /tmp/venv-call7kmqy899/string_args.txt /tmp/venv-call7kmqy899/termination.log
[2024-10-08T08:43:34.237-0300] {process_utils.py:187} INFO - Output:
[2024-10-08T08:43:35.703-0300] {process_utils.py:191} INFO - Datos Preprocesados
[2024-10-08T08:43:36.178-0300] {python.py:237} INFO - Done. Returned value was: /opt/***/dags/data/output/X_test_preprocess.csv
[2024-10-08T08:43:36.179-0300] {taskinstance.py:441} INFO - ::group::Post task execution logs
[2024-10-08T08:43:36.220-0300] {taskinstance.py:1206} INFO - Marking task as SUCCESS. dag_id=preprocess_predict, task_id=preprocess, run_id=manual__2024-10-08T11:43:11.459471+00:00, execution_date=20241008T114311, start_date=20241008T114312, end_date=20241008T114336
[2024-10-08T08:43:36.257-0300] {local_task_job_runner.py:240} INFO - Task exited with return code 0
[2024-10-08T08:43:36.279-0300] {taskinstance.py:3498} INFO - 1 downstream tasks scheduled from follow-on schedule check
[2024-10-08T08:43:36.282-0300] {local_task_job_runner.py:222} INFO - ::endgroup::
