[2024-10-07T21:16:04.802-0300] {local_task_job_runner.py:120} INFO - ::group::Pre task execution logs
[2024-10-07T21:16:04.834-0300] {taskinstance.py:2076} INFO - Dependencies all met for dep_context=non-requeueable deps ti=<TaskInstance: preprocess_predict.preprocessvalues manual__2024-10-08T00:16:03.482067+00:00 [queued]>
[2024-10-07T21:16:04.849-0300] {taskinstance.py:2076} INFO - Dependencies all met for dep_context=requeueable deps ti=<TaskInstance: preprocess_predict.preprocessvalues manual__2024-10-08T00:16:03.482067+00:00 [queued]>
[2024-10-07T21:16:04.851-0300] {taskinstance.py:2306} INFO - Starting attempt 1 of 2
[2024-10-07T21:16:04.872-0300] {taskinstance.py:2330} INFO - Executing <Task(_PythonVirtualenvDecoratedOperator): preprocessvalues> on 2024-10-08 00:16:03.482067+00:00
[2024-10-07T21:16:04.878-0300] {warnings.py:110} WARNING - /home/***/.local/lib/python3.12/site-packages/***/task/task_runner/standard_task_runner.py:61: DeprecationWarning: This process (pid=465) is multi-threaded, use of fork() may lead to deadlocks in the child.
  pid = os.fork()

[2024-10-07T21:16:04.880-0300] {standard_task_runner.py:63} INFO - Started process 466 to run task
[2024-10-07T21:16:04.880-0300] {standard_task_runner.py:90} INFO - Running: ['***', 'tasks', 'run', 'preprocess_predict', 'preprocessvalues', 'manual__2024-10-08T00:16:03.482067+00:00', '--job-id', '22', '--raw', '--subdir', 'DAGS_FOLDER/Predict/preprocess_predict.py', '--cfg-path', '/tmp/tmp7i8oy2dh']
[2024-10-07T21:16:04.882-0300] {standard_task_runner.py:91} INFO - Job 22: Subtask preprocessvalues
[2024-10-07T21:16:04.934-0300] {task_command.py:426} INFO - Running <TaskInstance: preprocess_predict.preprocessvalues manual__2024-10-08T00:16:03.482067+00:00 [running]> on host 4a07270c49a4
[2024-10-07T21:16:05.029-0300] {taskinstance.py:2648} INFO - Exporting env vars: AIRFLOW_CTX_DAG_OWNER='***' AIRFLOW_CTX_DAG_ID='preprocess_predict' AIRFLOW_CTX_TASK_ID='preprocessvalues' AIRFLOW_CTX_EXECUTION_DATE='2024-10-08T00:16:03.482067+00:00' AIRFLOW_CTX_TRY_NUMBER='1' AIRFLOW_CTX_DAG_RUN_ID='manual__2024-10-08T00:16:03.482067+00:00'
[2024-10-07T21:16:05.030-0300] {taskinstance.py:430} INFO - ::endgroup::
[2024-10-07T21:16:05.032-0300] {process_utils.py:183} INFO - Executing cmd: /home/***/.local/bin/python -m virtualenv /tmp/venv6ikzesa4 --python=python
[2024-10-07T21:16:05.034-0300] {process_utils.py:187} INFO - Output:
[2024-10-07T21:16:05.880-0300] {process_utils.py:191} INFO - created virtual environment CPython3.12.3.final.0-64 in 186ms
[2024-10-07T21:16:05.881-0300] {process_utils.py:191} INFO -   creator CPython3Posix(dest=/tmp/venv6ikzesa4, clear=False, no_vcs_ignore=False, global=False)
[2024-10-07T21:16:05.882-0300] {process_utils.py:191} INFO -   seeder FromAppData(download=False, pip=bundle, via=copy, app_data_dir=/home/***/.local/share/virtualenv)
[2024-10-07T21:16:05.883-0300] {process_utils.py:191} INFO -     added seed packages: pip==24.2
[2024-10-07T21:16:05.884-0300] {process_utils.py:191} INFO -   activators BashActivator,CShellActivator,FishActivator,NushellActivator,PowerShellActivator,PythonActivator
[2024-10-07T21:16:05.916-0300] {process_utils.py:183} INFO - Executing cmd: /tmp/venv6ikzesa4/bin/pip install -r /tmp/venv6ikzesa4/requirements.txt
[2024-10-07T21:16:05.917-0300] {process_utils.py:187} INFO - Output:
[2024-10-07T21:16:07.444-0300] {process_utils.py:191} INFO - Collecting joblib (from -r /tmp/venv6ikzesa4/requirements.txt (line 1))
[2024-10-07T21:16:07.447-0300] {process_utils.py:191} INFO -   Using cached joblib-1.4.2-py3-none-any.whl.metadata (5.4 kB)
[2024-10-07T21:16:07.675-0300] {process_utils.py:191} INFO - Collecting numpy (from -r /tmp/venv6ikzesa4/requirements.txt (line 2))
[2024-10-07T21:16:07.677-0300] {process_utils.py:191} INFO -   Using cached numpy-2.1.2-cp312-cp312-manylinux_2_17_x86_64.manylinux2014_x86_64.whl.metadata (60 kB)
[2024-10-07T21:16:07.876-0300] {process_utils.py:191} INFO - Collecting pandas (from -r /tmp/venv6ikzesa4/requirements.txt (line 3))
[2024-10-07T21:16:07.877-0300] {process_utils.py:191} INFO -   Using cached pandas-2.2.3-cp312-cp312-manylinux_2_17_x86_64.manylinux2014_x86_64.whl.metadata (89 kB)
[2024-10-07T21:16:08.040-0300] {process_utils.py:191} INFO - Collecting scikit-learn (from -r /tmp/venv6ikzesa4/requirements.txt (line 4))
[2024-10-07T21:16:08.041-0300] {process_utils.py:191} INFO -   Using cached scikit_learn-1.5.2-cp312-cp312-manylinux_2_17_x86_64.manylinux2014_x86_64.whl.metadata (13 kB)
[2024-10-07T21:16:08.086-0300] {process_utils.py:191} INFO - Collecting python-dateutil>=2.8.2 (from pandas->-r /tmp/venv6ikzesa4/requirements.txt (line 3))
[2024-10-07T21:16:08.087-0300] {process_utils.py:191} INFO -   Using cached python_dateutil-2.9.0.post0-py2.py3-none-any.whl.metadata (8.4 kB)
[2024-10-07T21:16:08.152-0300] {process_utils.py:191} INFO - Collecting pytz>=2020.1 (from pandas->-r /tmp/venv6ikzesa4/requirements.txt (line 3))
[2024-10-07T21:16:08.153-0300] {process_utils.py:191} INFO -   Using cached pytz-2024.2-py2.py3-none-any.whl.metadata (22 kB)
[2024-10-07T21:16:08.185-0300] {process_utils.py:191} INFO - Collecting tzdata>=2022.7 (from pandas->-r /tmp/venv6ikzesa4/requirements.txt (line 3))
[2024-10-07T21:16:08.186-0300] {process_utils.py:191} INFO -   Using cached tzdata-2024.2-py2.py3-none-any.whl.metadata (1.4 kB)
[2024-10-07T21:16:08.328-0300] {process_utils.py:191} INFO - Collecting scipy>=1.6.0 (from scikit-learn->-r /tmp/venv6ikzesa4/requirements.txt (line 4))
[2024-10-07T21:16:08.330-0300] {process_utils.py:191} INFO -   Using cached scipy-1.14.1-cp312-cp312-manylinux_2_17_x86_64.manylinux2014_x86_64.whl.metadata (60 kB)
[2024-10-07T21:16:08.369-0300] {process_utils.py:191} INFO - Collecting threadpoolctl>=3.1.0 (from scikit-learn->-r /tmp/venv6ikzesa4/requirements.txt (line 4))
[2024-10-07T21:16:08.371-0300] {process_utils.py:191} INFO -   Using cached threadpoolctl-3.5.0-py3-none-any.whl.metadata (13 kB)
[2024-10-07T21:16:08.397-0300] {process_utils.py:191} INFO - Collecting six>=1.5 (from python-dateutil>=2.8.2->pandas->-r /tmp/venv6ikzesa4/requirements.txt (line 3))
[2024-10-07T21:16:08.399-0300] {process_utils.py:191} INFO -   Using cached six-1.16.0-py2.py3-none-any.whl.metadata (1.8 kB)
[2024-10-07T21:16:08.413-0300] {process_utils.py:191} INFO - Using cached joblib-1.4.2-py3-none-any.whl (301 kB)
[2024-10-07T21:16:08.415-0300] {process_utils.py:191} INFO - Using cached numpy-2.1.2-cp312-cp312-manylinux_2_17_x86_64.manylinux2014_x86_64.whl (16.0 MB)
[2024-10-07T21:16:08.433-0300] {process_utils.py:191} INFO - Using cached pandas-2.2.3-cp312-cp312-manylinux_2_17_x86_64.manylinux2014_x86_64.whl (12.7 MB)
[2024-10-07T21:16:08.447-0300] {process_utils.py:191} INFO - Using cached scikit_learn-1.5.2-cp312-cp312-manylinux_2_17_x86_64.manylinux2014_x86_64.whl (12.9 MB)
[2024-10-07T21:16:08.462-0300] {process_utils.py:191} INFO - Using cached python_dateutil-2.9.0.post0-py2.py3-none-any.whl (229 kB)
[2024-10-07T21:16:08.464-0300] {process_utils.py:191} INFO - Using cached pytz-2024.2-py2.py3-none-any.whl (508 kB)
[2024-10-07T21:16:08.467-0300] {process_utils.py:191} INFO - Using cached scipy-1.14.1-cp312-cp312-manylinux_2_17_x86_64.manylinux2014_x86_64.whl (40.8 MB)
[2024-10-07T21:16:08.506-0300] {process_utils.py:191} INFO - Using cached threadpoolctl-3.5.0-py3-none-any.whl (18 kB)
[2024-10-07T21:16:08.508-0300] {process_utils.py:191} INFO - Using cached tzdata-2024.2-py2.py3-none-any.whl (346 kB)
[2024-10-07T21:16:08.512-0300] {process_utils.py:191} INFO - Using cached six-1.16.0-py2.py3-none-any.whl (11 kB)
[2024-10-07T21:16:08.724-0300] {process_utils.py:191} INFO - Installing collected packages: pytz, tzdata, threadpoolctl, six, numpy, joblib, scipy, python-dateutil, scikit-learn, pandas
[2024-10-07T21:16:21.959-0300] {process_utils.py:191} INFO - Successfully installed joblib-1.4.2 numpy-2.1.2 pandas-2.2.3 python-dateutil-2.9.0.post0 pytz-2024.2 scikit-learn-1.5.2 scipy-1.14.1 six-1.16.0 threadpoolctl-3.5.0 tzdata-2024.2
[2024-10-07T21:16:22.394-0300] {process_utils.py:183} INFO - Executing cmd: /tmp/venv6ikzesa4/bin/python /tmp/venv-call_j_2i8__/script.py /tmp/venv-call_j_2i8__/script.in /tmp/venv-call_j_2i8__/script.out /tmp/venv-call_j_2i8__/string_args.txt /tmp/venv-call_j_2i8__/termination.log
[2024-10-07T21:16:22.395-0300] {process_utils.py:187} INFO - Output:
[2024-10-07T21:16:23.625-0300] {process_utils.py:191} INFO - Datos Preprocesados
[2024-10-07T21:16:25.507-0300] {python.py:237} INFO - Done. Returned value was:      color_black  color_silver  color_white  ...  status  type_Universal  year
0            1.0           0.0          0.0  ...       3             0.0  2020
1            0.0           0.0          1.0  ...       3             0.0  2017
2            0.0           0.0          1.0  ...       3             0.0  2021
3            0.0           1.0          0.0  ...       3             0.0  2018
4            1.0           0.0          0.0  ...       1             1.0  2003
..           ...           ...          ...  ...     ...             ...   ...
406          1.0           0.0          0.0  ...       3             0.0  2021
407          0.0           0.0          0.0  ...       3             0.0  2017
408          0.0           0.0          1.0  ...       2             0.0  2012
409          0.0           0.0          0.0  ...       2             0.0  2020
410          0.0           0.0          1.0  ...       3             0.0  2017

[411 rows x 12 columns]
[2024-10-07T21:16:25.562-0300] {taskinstance.py:441} INFO - ::group::Post task execution logs
[2024-10-07T21:16:25.653-0300] {taskinstance.py:1206} INFO - Marking task as SUCCESS. dag_id=preprocess_predict, task_id=preprocessvalues, run_id=manual__2024-10-08T00:16:03.482067+00:00, execution_date=20241008T001603, start_date=20241008T001604, end_date=20241008T001625
[2024-10-07T21:16:25.703-0300] {local_task_job_runner.py:240} INFO - Task exited with return code 0
[2024-10-07T21:16:25.723-0300] {taskinstance.py:3498} INFO - 1 downstream tasks scheduled from follow-on schedule check
[2024-10-07T21:16:25.725-0300] {local_task_job_runner.py:222} INFO - ::endgroup::
