[2024-10-07T22:31:24.136-0300] {local_task_job_runner.py:120} INFO - ::group::Pre task execution logs
[2024-10-07T22:31:24.192-0300] {taskinstance.py:2076} INFO - Dependencies all met for dep_context=non-requeueable deps ti=<TaskInstance: preprocess_predict.preprocess manual__2024-10-08T01:31:21.421682+00:00 [queued]>
[2024-10-07T22:31:24.209-0300] {taskinstance.py:2076} INFO - Dependencies all met for dep_context=requeueable deps ti=<TaskInstance: preprocess_predict.preprocess manual__2024-10-08T01:31:21.421682+00:00 [queued]>
[2024-10-07T22:31:24.210-0300] {taskinstance.py:2306} INFO - Starting attempt 1 of 1
[2024-10-07T22:31:24.231-0300] {taskinstance.py:2330} INFO - Executing <Task(_PythonVirtualenvDecoratedOperator): preprocess> on 2024-10-08 01:31:21.421682+00:00
[2024-10-07T22:31:24.242-0300] {warnings.py:110} WARNING - /home/***/.local/lib/python3.12/site-packages/***/task/task_runner/standard_task_runner.py:61: DeprecationWarning: This process (pid=2855) is multi-threaded, use of fork() may lead to deadlocks in the child.
  pid = os.fork()

[2024-10-07T22:31:24.244-0300] {standard_task_runner.py:63} INFO - Started process 2856 to run task
[2024-10-07T22:31:24.246-0300] {standard_task_runner.py:90} INFO - Running: ['***', 'tasks', 'run', 'preprocess_predict', 'preprocess', 'manual__2024-10-08T01:31:21.421682+00:00', '--job-id', '72', '--raw', '--subdir', 'DAGS_FOLDER/Predict/preprocess_predict.py', '--cfg-path', '/tmp/tmp5_3sb8xa']
[2024-10-07T22:31:24.248-0300] {standard_task_runner.py:91} INFO - Job 72: Subtask preprocess
[2024-10-07T22:31:24.458-0300] {task_command.py:426} INFO - Running <TaskInstance: preprocess_predict.preprocess manual__2024-10-08T01:31:21.421682+00:00 [running]> on host 4a07270c49a4
[2024-10-07T22:31:24.722-0300] {taskinstance.py:2648} INFO - Exporting env vars: AIRFLOW_CTX_DAG_OWNER='***' AIRFLOW_CTX_DAG_ID='preprocess_predict' AIRFLOW_CTX_TASK_ID='preprocess' AIRFLOW_CTX_EXECUTION_DATE='2024-10-08T01:31:21.421682+00:00' AIRFLOW_CTX_TRY_NUMBER='1' AIRFLOW_CTX_DAG_RUN_ID='manual__2024-10-08T01:31:21.421682+00:00'
[2024-10-07T22:31:24.723-0300] {taskinstance.py:430} INFO - ::endgroup::
[2024-10-07T22:31:24.726-0300] {process_utils.py:183} INFO - Executing cmd: /home/***/.local/bin/python -m virtualenv /tmp/venvpel0s12a --python=python
[2024-10-07T22:31:24.727-0300] {process_utils.py:187} INFO - Output:
[2024-10-07T22:31:26.254-0300] {process_utils.py:191} INFO - created virtual environment CPython3.12.3.final.0-64 in 786ms
[2024-10-07T22:31:26.256-0300] {process_utils.py:191} INFO -   creator CPython3Posix(dest=/tmp/venvpel0s12a, clear=False, no_vcs_ignore=False, global=False)
[2024-10-07T22:31:26.257-0300] {process_utils.py:191} INFO -   seeder FromAppData(download=False, pip=bundle, via=copy, app_data_dir=/home/***/.local/share/virtualenv)
[2024-10-07T22:31:26.258-0300] {process_utils.py:191} INFO -     added seed packages: pip==24.2
[2024-10-07T22:31:26.260-0300] {process_utils.py:191} INFO -   activators BashActivator,CShellActivator,FishActivator,NushellActivator,PowerShellActivator,PythonActivator
[2024-10-07T22:31:26.385-0300] {process_utils.py:183} INFO - Executing cmd: /tmp/venvpel0s12a/bin/pip install -r /tmp/venvpel0s12a/requirements.txt
[2024-10-07T22:31:26.388-0300] {process_utils.py:187} INFO - Output:
[2024-10-07T22:31:31.067-0300] {process_utils.py:191} INFO - Collecting joblib (from -r /tmp/venvpel0s12a/requirements.txt (line 1))
[2024-10-07T22:31:31.075-0300] {process_utils.py:191} INFO -   Using cached joblib-1.4.2-py3-none-any.whl.metadata (5.4 kB)
[2024-10-07T22:31:31.676-0300] {process_utils.py:191} INFO - Collecting numpy (from -r /tmp/venvpel0s12a/requirements.txt (line 2))
[2024-10-07T22:31:31.682-0300] {process_utils.py:191} INFO -   Using cached numpy-2.1.2-cp312-cp312-manylinux_2_17_x86_64.manylinux2014_x86_64.whl.metadata (60 kB)
[2024-10-07T22:31:32.259-0300] {process_utils.py:191} INFO - Collecting pandas (from -r /tmp/venvpel0s12a/requirements.txt (line 3))
[2024-10-07T22:31:32.261-0300] {process_utils.py:191} INFO -   Using cached pandas-2.2.3-cp312-cp312-manylinux_2_17_x86_64.manylinux2014_x86_64.whl.metadata (89 kB)
[2024-10-07T22:31:32.514-0300] {process_utils.py:191} INFO - Collecting scikit-learn (from -r /tmp/venvpel0s12a/requirements.txt (line 4))
[2024-10-07T22:31:32.517-0300] {process_utils.py:191} INFO -   Using cached scikit_learn-1.5.2-cp312-cp312-manylinux_2_17_x86_64.manylinux2014_x86_64.whl.metadata (13 kB)
[2024-10-07T22:31:32.568-0300] {process_utils.py:191} INFO - Collecting python-dateutil>=2.8.2 (from pandas->-r /tmp/venvpel0s12a/requirements.txt (line 3))
[2024-10-07T22:31:32.571-0300] {process_utils.py:191} INFO -   Using cached python_dateutil-2.9.0.post0-py2.py3-none-any.whl.metadata (8.4 kB)
[2024-10-07T22:31:32.652-0300] {process_utils.py:191} INFO - Collecting pytz>=2020.1 (from pandas->-r /tmp/venvpel0s12a/requirements.txt (line 3))
[2024-10-07T22:31:32.655-0300] {process_utils.py:191} INFO -   Using cached pytz-2024.2-py2.py3-none-any.whl.metadata (22 kB)
[2024-10-07T22:31:32.688-0300] {process_utils.py:191} INFO - Collecting tzdata>=2022.7 (from pandas->-r /tmp/venvpel0s12a/requirements.txt (line 3))
[2024-10-07T22:31:32.690-0300] {process_utils.py:191} INFO -   Using cached tzdata-2024.2-py2.py3-none-any.whl.metadata (1.4 kB)
[2024-10-07T22:31:32.849-0300] {process_utils.py:191} INFO - Collecting scipy>=1.6.0 (from scikit-learn->-r /tmp/venvpel0s12a/requirements.txt (line 4))
[2024-10-07T22:31:32.851-0300] {process_utils.py:191} INFO -   Using cached scipy-1.14.1-cp312-cp312-manylinux_2_17_x86_64.manylinux2014_x86_64.whl.metadata (60 kB)
[2024-10-07T22:31:32.900-0300] {process_utils.py:191} INFO - Collecting threadpoolctl>=3.1.0 (from scikit-learn->-r /tmp/venvpel0s12a/requirements.txt (line 4))
[2024-10-07T22:31:32.903-0300] {process_utils.py:191} INFO -   Using cached threadpoolctl-3.5.0-py3-none-any.whl.metadata (13 kB)
[2024-10-07T22:31:32.935-0300] {process_utils.py:191} INFO - Collecting six>=1.5 (from python-dateutil>=2.8.2->pandas->-r /tmp/venvpel0s12a/requirements.txt (line 3))
[2024-10-07T22:31:32.939-0300] {process_utils.py:191} INFO -   Using cached six-1.16.0-py2.py3-none-any.whl.metadata (1.8 kB)
[2024-10-07T22:31:32.968-0300] {process_utils.py:191} INFO - Using cached joblib-1.4.2-py3-none-any.whl (301 kB)
[2024-10-07T22:31:32.972-0300] {process_utils.py:191} INFO - Using cached numpy-2.1.2-cp312-cp312-manylinux_2_17_x86_64.manylinux2014_x86_64.whl (16.0 MB)
[2024-10-07T22:31:33.029-0300] {process_utils.py:191} INFO - Using cached pandas-2.2.3-cp312-cp312-manylinux_2_17_x86_64.manylinux2014_x86_64.whl (12.7 MB)
[2024-10-07T22:31:33.108-0300] {process_utils.py:191} INFO - Using cached scikit_learn-1.5.2-cp312-cp312-manylinux_2_17_x86_64.manylinux2014_x86_64.whl (12.9 MB)
[2024-10-07T22:31:33.167-0300] {process_utils.py:191} INFO - Using cached python_dateutil-2.9.0.post0-py2.py3-none-any.whl (229 kB)
[2024-10-07T22:31:33.170-0300] {process_utils.py:191} INFO - Using cached pytz-2024.2-py2.py3-none-any.whl (508 kB)
[2024-10-07T22:31:33.175-0300] {process_utils.py:191} INFO - Using cached scipy-1.14.1-cp312-cp312-manylinux_2_17_x86_64.manylinux2014_x86_64.whl (40.8 MB)
[2024-10-07T22:31:33.326-0300] {process_utils.py:191} INFO - Using cached threadpoolctl-3.5.0-py3-none-any.whl (18 kB)
[2024-10-07T22:31:33.328-0300] {process_utils.py:191} INFO - Using cached tzdata-2024.2-py2.py3-none-any.whl (346 kB)
[2024-10-07T22:31:33.333-0300] {process_utils.py:191} INFO - Using cached six-1.16.0-py2.py3-none-any.whl (11 kB)
[2024-10-07T22:31:33.609-0300] {process_utils.py:191} INFO - Installing collected packages: pytz, tzdata, threadpoolctl, six, numpy, joblib, scipy, python-dateutil, scikit-learn, pandas
[2024-10-07T22:31:55.972-0300] {process_utils.py:191} INFO - Successfully installed joblib-1.4.2 numpy-2.1.2 pandas-2.2.3 python-dateutil-2.9.0.post0 pytz-2024.2 scikit-learn-1.5.2 scipy-1.14.1 six-1.16.0 threadpoolctl-3.5.0 tzdata-2024.2
[2024-10-07T22:31:56.791-0300] {process_utils.py:183} INFO - Executing cmd: /tmp/venvpel0s12a/bin/python /tmp/venv-callyjh5rq1u/script.py /tmp/venv-callyjh5rq1u/script.in /tmp/venv-callyjh5rq1u/script.out /tmp/venv-callyjh5rq1u/string_args.txt /tmp/venv-callyjh5rq1u/termination.log
[2024-10-07T22:31:56.793-0300] {process_utils.py:187} INFO - Output:
[2024-10-07T22:31:58.844-0300] {process_utils.py:191} INFO - Datos Preprocesados
[2024-10-07T22:32:00.056-0300] {python.py:237} INFO - Done. Returned value was:    color_black  color_silver  color_white  ...     running  status  year
0          1.0           0.0          0.0  ...   24000.000       3  2020
1          0.0           0.0          1.0  ...  136794.240       3  2017
2          0.0           0.0          1.0  ...   48280.320       3  2021
3          0.0           1.0          0.0  ...   85295.232       3  2018
4          0.0           0.0          1.0  ...  226112.832       3  2013
5          0.0           0.0          0.0  ...  230000.000       3  1997

[6 rows x 10 columns]
[2024-10-07T22:32:00.079-0300] {taskinstance.py:441} INFO - ::group::Post task execution logs
[2024-10-07T22:32:00.125-0300] {taskinstance.py:1206} INFO - Marking task as SUCCESS. dag_id=preprocess_predict, task_id=preprocess, run_id=manual__2024-10-08T01:31:21.421682+00:00, execution_date=20241008T013121, start_date=20241008T013124, end_date=20241008T013200
[2024-10-07T22:32:00.162-0300] {local_task_job_runner.py:240} INFO - Task exited with return code 0
[2024-10-07T22:32:00.182-0300] {taskinstance.py:3498} INFO - 1 downstream tasks scheduled from follow-on schedule check
[2024-10-07T22:32:00.184-0300] {local_task_job_runner.py:222} INFO - ::endgroup::
