[2024-10-06T21:16:29.772-0300] {local_task_job_runner.py:120} INFO - ::group::Pre task execution logs
[2024-10-06T21:16:29.796-0300] {taskinstance.py:2076} INFO - Dependencies all met for dep_context=non-requeueable deps ti=<TaskInstance: training.trainingmodel manual__2024-10-07T00:16:27.946799+00:00 [queued]>
[2024-10-06T21:16:29.811-0300] {taskinstance.py:2076} INFO - Dependencies all met for dep_context=requeueable deps ti=<TaskInstance: training.trainingmodel manual__2024-10-07T00:16:27.946799+00:00 [queued]>
[2024-10-06T21:16:29.812-0300] {taskinstance.py:2306} INFO - Starting attempt 1 of 1
[2024-10-06T21:16:29.831-0300] {taskinstance.py:2330} INFO - Executing <Task(_PythonVirtualenvDecoratedOperator): trainingmodel> on 2024-10-07 00:16:27.946799+00:00
[2024-10-06T21:16:29.838-0300] {warnings.py:110} WARNING - /home/***/.local/lib/python3.12/site-packages/***/task/task_runner/standard_task_runner.py:61: DeprecationWarning: This process (pid=324) is multi-threaded, use of fork() may lead to deadlocks in the child.
  pid = os.fork()

[2024-10-06T21:16:29.840-0300] {standard_task_runner.py:90} INFO - Running: ['***', 'tasks', 'run', 'training', 'trainingmodel', 'manual__2024-10-07T00:16:27.946799+00:00', '--job-id', '6', '--raw', '--subdir', 'DAGS_FOLDER/Train/train_dag.py', '--cfg-path', '/tmp/tmp9y5o4ijs']
[2024-10-06T21:16:29.841-0300] {standard_task_runner.py:63} INFO - Started process 325 to run task
[2024-10-06T21:16:29.842-0300] {standard_task_runner.py:91} INFO - Job 6: Subtask trainingmodel
[2024-10-06T21:16:29.898-0300] {task_command.py:426} INFO - Running <TaskInstance: training.trainingmodel manual__2024-10-07T00:16:27.946799+00:00 [running]> on host 4a07270c49a4
[2024-10-06T21:16:29.995-0300] {taskinstance.py:2648} INFO - Exporting env vars: AIRFLOW_CTX_DAG_OWNER='***' AIRFLOW_CTX_DAG_ID='training' AIRFLOW_CTX_TASK_ID='trainingmodel' AIRFLOW_CTX_EXECUTION_DATE='2024-10-07T00:16:27.946799+00:00' AIRFLOW_CTX_TRY_NUMBER='1' AIRFLOW_CTX_DAG_RUN_ID='manual__2024-10-07T00:16:27.946799+00:00'
[2024-10-06T21:16:29.997-0300] {taskinstance.py:430} INFO - ::endgroup::
[2024-10-06T21:16:30.000-0300] {process_utils.py:183} INFO - Executing cmd: /home/***/.local/bin/python -m virtualenv /tmp/venv347990xx --python=python
[2024-10-06T21:16:30.001-0300] {process_utils.py:187} INFO - Output:
[2024-10-06T21:16:30.710-0300] {process_utils.py:191} INFO - created virtual environment CPython3.12.3.final.0-64 in 237ms
[2024-10-06T21:16:30.711-0300] {process_utils.py:191} INFO -   creator CPython3Posix(dest=/tmp/venv347990xx, clear=False, no_vcs_ignore=False, global=False)
[2024-10-06T21:16:30.712-0300] {process_utils.py:191} INFO -   seeder FromAppData(download=False, pip=bundle, via=copy, app_data_dir=/home/***/.local/share/virtualenv)
[2024-10-06T21:16:30.712-0300] {process_utils.py:191} INFO -     added seed packages: pip==24.0
[2024-10-06T21:16:30.713-0300] {process_utils.py:191} INFO -   activators BashActivator,CShellActivator,FishActivator,NushellActivator,PowerShellActivator,PythonActivator
[2024-10-06T21:16:30.745-0300] {process_utils.py:183} INFO - Executing cmd: /tmp/venv347990xx/bin/pip install -r /tmp/venv347990xx/requirements.txt
[2024-10-06T21:16:30.746-0300] {process_utils.py:187} INFO - Output:
[2024-10-06T21:16:32.533-0300] {process_utils.py:191} INFO - Collecting joblib (from -r /tmp/venv347990xx/requirements.txt (line 1))
[2024-10-06T21:16:32.536-0300] {process_utils.py:191} INFO -   Using cached joblib-1.4.2-py3-none-any.whl.metadata (5.4 kB)
[2024-10-06T21:16:32.797-0300] {process_utils.py:191} INFO - Collecting numpy (from -r /tmp/venv347990xx/requirements.txt (line 2))
[2024-10-06T21:16:32.799-0300] {process_utils.py:191} INFO -   Using cached numpy-2.1.2-cp312-cp312-manylinux_2_17_x86_64.manylinux2014_x86_64.whl.metadata (60 kB)
[2024-10-06T21:16:32.993-0300] {process_utils.py:191} INFO - Collecting pandas (from -r /tmp/venv347990xx/requirements.txt (line 3))
[2024-10-06T21:16:32.995-0300] {process_utils.py:191} INFO -   Using cached pandas-2.2.3-cp312-cp312-manylinux_2_17_x86_64.manylinux2014_x86_64.whl.metadata (89 kB)
[2024-10-06T21:16:33.129-0300] {process_utils.py:191} INFO - Collecting scikit-learn (from -r /tmp/venv347990xx/requirements.txt (line 4))
[2024-10-06T21:16:33.131-0300] {process_utils.py:191} INFO -   Using cached scikit_learn-1.5.2-cp312-cp312-manylinux_2_17_x86_64.manylinux2014_x86_64.whl.metadata (13 kB)
[2024-10-06T21:16:33.245-0300] {process_utils.py:191} INFO - Collecting python-dateutil>=2.8.2 (from pandas->-r /tmp/venv347990xx/requirements.txt (line 3))
[2024-10-06T21:16:33.246-0300] {process_utils.py:191} INFO -   Using cached python_dateutil-2.9.0.post0-py2.py3-none-any.whl.metadata (8.4 kB)
[2024-10-06T21:16:33.322-0300] {process_utils.py:191} INFO - Collecting pytz>=2020.1 (from pandas->-r /tmp/venv347990xx/requirements.txt (line 3))
[2024-10-06T21:16:33.324-0300] {process_utils.py:191} INFO -   Using cached pytz-2024.2-py2.py3-none-any.whl.metadata (22 kB)
[2024-10-06T21:16:33.360-0300] {process_utils.py:191} INFO - Collecting tzdata>=2022.7 (from pandas->-r /tmp/venv347990xx/requirements.txt (line 3))
[2024-10-06T21:16:33.362-0300] {process_utils.py:191} INFO -   Using cached tzdata-2024.2-py2.py3-none-any.whl.metadata (1.4 kB)
[2024-10-06T21:16:33.602-0300] {process_utils.py:191} INFO - Collecting scipy>=1.6.0 (from scikit-learn->-r /tmp/venv347990xx/requirements.txt (line 4))
[2024-10-06T21:16:33.604-0300] {process_utils.py:191} INFO -   Using cached scipy-1.14.1-cp312-cp312-manylinux_2_17_x86_64.manylinux2014_x86_64.whl.metadata (60 kB)
[2024-10-06T21:16:33.650-0300] {process_utils.py:191} INFO - Collecting threadpoolctl>=3.1.0 (from scikit-learn->-r /tmp/venv347990xx/requirements.txt (line 4))
[2024-10-06T21:16:33.652-0300] {process_utils.py:191} INFO -   Using cached threadpoolctl-3.5.0-py3-none-any.whl.metadata (13 kB)
[2024-10-06T21:16:33.687-0300] {process_utils.py:191} INFO - Collecting six>=1.5 (from python-dateutil>=2.8.2->pandas->-r /tmp/venv347990xx/requirements.txt (line 3))
[2024-10-06T21:16:33.689-0300] {process_utils.py:191} INFO -   Using cached six-1.16.0-py2.py3-none-any.whl.metadata (1.8 kB)
[2024-10-06T21:16:33.742-0300] {process_utils.py:191} INFO - Using cached joblib-1.4.2-py3-none-any.whl (301 kB)
[2024-10-06T21:16:33.744-0300] {process_utils.py:191} INFO - Using cached numpy-2.1.2-cp312-cp312-manylinux_2_17_x86_64.manylinux2014_x86_64.whl (16.0 MB)
[2024-10-06T21:16:33.776-0300] {process_utils.py:191} INFO - Using cached pandas-2.2.3-cp312-cp312-manylinux_2_17_x86_64.manylinux2014_x86_64.whl (12.7 MB)
[2024-10-06T21:16:33.802-0300] {process_utils.py:191} INFO - Using cached scikit_learn-1.5.2-cp312-cp312-manylinux_2_17_x86_64.manylinux2014_x86_64.whl (12.9 MB)
[2024-10-06T21:16:33.830-0300] {process_utils.py:191} INFO - Using cached python_dateutil-2.9.0.post0-py2.py3-none-any.whl (229 kB)
[2024-10-06T21:16:33.831-0300] {process_utils.py:191} INFO - Using cached pytz-2024.2-py2.py3-none-any.whl (508 kB)
[2024-10-06T21:16:33.834-0300] {process_utils.py:191} INFO - Using cached scipy-1.14.1-cp312-cp312-manylinux_2_17_x86_64.manylinux2014_x86_64.whl (40.8 MB)
[2024-10-06T21:16:34.054-0300] {process_utils.py:191} INFO - Using cached threadpoolctl-3.5.0-py3-none-any.whl (18 kB)
[2024-10-06T21:16:34.056-0300] {process_utils.py:191} INFO - Using cached tzdata-2024.2-py2.py3-none-any.whl (346 kB)
[2024-10-06T21:16:34.061-0300] {process_utils.py:191} INFO - Using cached six-1.16.0-py2.py3-none-any.whl (11 kB)
[2024-10-06T21:16:34.391-0300] {process_utils.py:191} INFO - Installing collected packages: pytz, tzdata, threadpoolctl, six, numpy, joblib, scipy, python-dateutil, scikit-learn, pandas
[2024-10-06T21:16:55.077-0300] {process_utils.py:191} INFO - Successfully installed joblib-1.4.2 numpy-2.1.2 pandas-2.2.3 python-dateutil-2.9.0.post0 pytz-2024.2 scikit-learn-1.5.2 scipy-1.14.1 six-1.16.0 threadpoolctl-3.5.0 tzdata-2024.2
[2024-10-06T21:16:55.326-0300] {process_utils.py:191} INFO - 
[2024-10-06T21:16:55.327-0300] {process_utils.py:191} INFO - [notice] A new release of pip is available: 24.0 -> 24.2
[2024-10-06T21:16:55.328-0300] {process_utils.py:191} INFO - [notice] To update, run: python -m pip install --upgrade pip
[2024-10-06T21:16:55.602-0300] {process_utils.py:183} INFO - Executing cmd: /tmp/venv347990xx/bin/python /tmp/venv-call_d21u2fi/script.py /tmp/venv-call_d21u2fi/script.in /tmp/venv-call_d21u2fi/script.out /tmp/venv-call_d21u2fi/string_args.txt /tmp/venv-call_d21u2fi/termination.log
[2024-10-06T21:16:55.603-0300] {process_utils.py:187} INFO - Output:
[2024-10-06T21:16:57.265-0300] {process_utils.py:191} INFO - /tmp/venv347990xx/lib/python3.12/site-packages/sklearn/linear_model/_coordinate_descent.py:697: ConvergenceWarning: Objective did not converge. You might want to increase the number of iterations, check the scale of the features or consider increasing regularisation. Duality gap: 2.477e+09, tolerance: 7.778e+06
[2024-10-06T21:16:57.266-0300] {process_utils.py:191} INFO -   model = cd_fast.enet_coordinate_descent(
[2024-10-06T21:16:57.955-0300] {process_utils.py:191} INFO - Modelo Entrenado y Guardado
[2024-10-06T21:16:58.505-0300] {python.py:237} INFO - Done. Returned value was: None
[2024-10-06T21:16:58.507-0300] {taskinstance.py:441} INFO - ::group::Post task execution logs
[2024-10-06T21:16:58.518-0300] {taskinstance.py:1206} INFO - Marking task as SUCCESS. dag_id=training, task_id=trainingmodel, run_id=manual__2024-10-07T00:16:27.946799+00:00, execution_date=20241007T001627, start_date=20241007T001629, end_date=20241007T001658
[2024-10-06T21:16:58.543-0300] {local_task_job_runner.py:240} INFO - Task exited with return code 0
[2024-10-06T21:16:58.558-0300] {taskinstance.py:3498} INFO - 0 downstream tasks scheduled from follow-on schedule check
[2024-10-06T21:16:58.561-0300] {local_task_job_runner.py:222} INFO - ::endgroup::
