[2024-10-06T21:10:32.060-0300] {processor.py:161} INFO - Started process (PID=41) to work on /opt/airflow/dags/Predict/monitor_maintain_dag_v1.py
[2024-10-06T21:10:32.065-0300] {processor.py:830} INFO - Processing file /opt/airflow/dags/Predict/monitor_maintain_dag_v1.py for tasks to queue
[2024-10-06T21:10:32.078-0300] {logging_mixin.py:188} INFO - [2024-10-06T21:10:32.076-0300] {dagbag.py:545} INFO - Filling up the DagBag from /opt/airflow/dags/Predict/monitor_maintain_dag_v1.py
[2024-10-06T21:10:32.160-0300] {processor.py:840} INFO - DAG(s) 'monitoring_v1' retrieved from /opt/airflow/dags/Predict/monitor_maintain_dag_v1.py
[2024-10-06T21:10:32.545-0300] {logging_mixin.py:188} INFO - [2024-10-06T21:10:32.544-0300] {override.py:1829} INFO - Created Permission View: can edit on DAG:monitoring_v1
[2024-10-06T21:10:32.567-0300] {logging_mixin.py:188} INFO - [2024-10-06T21:10:32.567-0300] {override.py:1829} INFO - Created Permission View: can delete on DAG:monitoring_v1
[2024-10-06T21:10:32.580-0300] {logging_mixin.py:188} INFO - [2024-10-06T21:10:32.579-0300] {override.py:1829} INFO - Created Permission View: can read on DAG:monitoring_v1
[2024-10-06T21:10:32.582-0300] {logging_mixin.py:188} INFO - [2024-10-06T21:10:32.581-0300] {dag.py:3096} INFO - Sync 1 DAGs
[2024-10-06T21:10:32.613-0300] {logging_mixin.py:188} INFO - [2024-10-06T21:10:32.612-0300] {dag.py:3118} INFO - Creating ORM DAG for monitoring_v1
[2024-10-06T21:10:32.616-0300] {logging_mixin.py:188} INFO - [2024-10-06T21:10:32.616-0300] {dag.py:3954} INFO - Setting next_dagrun for monitoring_v1 to None, run_after=None
[2024-10-06T21:10:32.657-0300] {processor.py:183} INFO - Processing /opt/airflow/dags/Predict/monitor_maintain_dag_v1.py took 0.633 seconds
[2024-10-06T21:11:03.430-0300] {processor.py:161} INFO - Started process (PID=51) to work on /opt/airflow/dags/Predict/monitor_maintain_dag_v1.py
[2024-10-06T21:11:03.433-0300] {processor.py:830} INFO - Processing file /opt/airflow/dags/Predict/monitor_maintain_dag_v1.py for tasks to queue
[2024-10-06T21:11:03.435-0300] {logging_mixin.py:188} INFO - [2024-10-06T21:11:03.434-0300] {dagbag.py:545} INFO - Filling up the DagBag from /opt/airflow/dags/Predict/monitor_maintain_dag_v1.py
[2024-10-06T21:11:03.474-0300] {processor.py:840} INFO - DAG(s) 'monitoring_v1' retrieved from /opt/airflow/dags/Predict/monitor_maintain_dag_v1.py
[2024-10-06T21:11:03.530-0300] {logging_mixin.py:188} INFO - [2024-10-06T21:11:03.530-0300] {dag.py:3096} INFO - Sync 1 DAGs
[2024-10-06T21:11:03.552-0300] {logging_mixin.py:188} INFO - [2024-10-06T21:11:03.552-0300] {dag.py:3954} INFO - Setting next_dagrun for monitoring_v1 to None, run_after=None
[2024-10-06T21:11:03.580-0300] {processor.py:183} INFO - Processing /opt/airflow/dags/Predict/monitor_maintain_dag_v1.py took 0.155 seconds
[2024-10-06T21:11:34.297-0300] {processor.py:161} INFO - Started process (PID=61) to work on /opt/airflow/dags/Predict/monitor_maintain_dag_v1.py
[2024-10-06T21:11:34.299-0300] {processor.py:830} INFO - Processing file /opt/airflow/dags/Predict/monitor_maintain_dag_v1.py for tasks to queue
[2024-10-06T21:11:34.302-0300] {logging_mixin.py:188} INFO - [2024-10-06T21:11:34.301-0300] {dagbag.py:545} INFO - Filling up the DagBag from /opt/airflow/dags/Predict/monitor_maintain_dag_v1.py
[2024-10-06T21:11:34.337-0300] {processor.py:840} INFO - DAG(s) 'monitoring_v1' retrieved from /opt/airflow/dags/Predict/monitor_maintain_dag_v1.py
[2024-10-06T21:11:34.485-0300] {logging_mixin.py:188} INFO - [2024-10-06T21:11:34.485-0300] {dag.py:3096} INFO - Sync 1 DAGs
[2024-10-06T21:11:34.523-0300] {logging_mixin.py:188} INFO - [2024-10-06T21:11:34.523-0300] {dag.py:3954} INFO - Setting next_dagrun for monitoring_v1 to None, run_after=None
[2024-10-06T21:11:34.609-0300] {processor.py:183} INFO - Processing /opt/airflow/dags/Predict/monitor_maintain_dag_v1.py took 0.336 seconds
[2024-10-06T21:12:05.116-0300] {processor.py:161} INFO - Started process (PID=71) to work on /opt/airflow/dags/Predict/monitor_maintain_dag_v1.py
[2024-10-06T21:12:05.118-0300] {processor.py:830} INFO - Processing file /opt/airflow/dags/Predict/monitor_maintain_dag_v1.py for tasks to queue
[2024-10-06T21:12:05.121-0300] {logging_mixin.py:188} INFO - [2024-10-06T21:12:05.121-0300] {dagbag.py:545} INFO - Filling up the DagBag from /opt/airflow/dags/Predict/monitor_maintain_dag_v1.py
[2024-10-06T21:12:05.152-0300] {processor.py:840} INFO - DAG(s) 'monitoring_v1' retrieved from /opt/airflow/dags/Predict/monitor_maintain_dag_v1.py
[2024-10-06T21:12:05.191-0300] {logging_mixin.py:188} INFO - [2024-10-06T21:12:05.191-0300] {dag.py:3096} INFO - Sync 1 DAGs
[2024-10-06T21:12:05.207-0300] {logging_mixin.py:188} INFO - [2024-10-06T21:12:05.207-0300] {dag.py:3954} INFO - Setting next_dagrun for monitoring_v1 to None, run_after=None
[2024-10-06T21:12:05.230-0300] {processor.py:183} INFO - Processing /opt/airflow/dags/Predict/monitor_maintain_dag_v1.py took 0.122 seconds
[2024-10-06T21:12:35.762-0300] {processor.py:161} INFO - Started process (PID=81) to work on /opt/airflow/dags/Predict/monitor_maintain_dag_v1.py
[2024-10-06T21:12:35.763-0300] {processor.py:830} INFO - Processing file /opt/airflow/dags/Predict/monitor_maintain_dag_v1.py for tasks to queue
[2024-10-06T21:12:35.764-0300] {logging_mixin.py:188} INFO - [2024-10-06T21:12:35.764-0300] {dagbag.py:545} INFO - Filling up the DagBag from /opt/airflow/dags/Predict/monitor_maintain_dag_v1.py
[2024-10-06T21:12:35.789-0300] {processor.py:840} INFO - DAG(s) 'monitoring_v1' retrieved from /opt/airflow/dags/Predict/monitor_maintain_dag_v1.py
[2024-10-06T21:12:35.815-0300] {logging_mixin.py:188} INFO - [2024-10-06T21:12:35.815-0300] {dag.py:3096} INFO - Sync 1 DAGs
[2024-10-06T21:12:35.829-0300] {logging_mixin.py:188} INFO - [2024-10-06T21:12:35.829-0300] {dag.py:3954} INFO - Setting next_dagrun for monitoring_v1 to None, run_after=None
[2024-10-06T21:12:35.856-0300] {processor.py:183} INFO - Processing /opt/airflow/dags/Predict/monitor_maintain_dag_v1.py took 0.100 seconds
[2024-10-06T21:13:06.385-0300] {processor.py:161} INFO - Started process (PID=91) to work on /opt/airflow/dags/Predict/monitor_maintain_dag_v1.py
[2024-10-06T21:13:06.387-0300] {processor.py:830} INFO - Processing file /opt/airflow/dags/Predict/monitor_maintain_dag_v1.py for tasks to queue
[2024-10-06T21:13:06.390-0300] {logging_mixin.py:188} INFO - [2024-10-06T21:13:06.389-0300] {dagbag.py:545} INFO - Filling up the DagBag from /opt/airflow/dags/Predict/monitor_maintain_dag_v1.py
[2024-10-06T21:13:06.424-0300] {processor.py:840} INFO - DAG(s) 'monitoring_v1' retrieved from /opt/airflow/dags/Predict/monitor_maintain_dag_v1.py
[2024-10-06T21:13:06.465-0300] {logging_mixin.py:188} INFO - [2024-10-06T21:13:06.464-0300] {dag.py:3096} INFO - Sync 1 DAGs
[2024-10-06T21:13:06.484-0300] {logging_mixin.py:188} INFO - [2024-10-06T21:13:06.484-0300] {dag.py:3954} INFO - Setting next_dagrun for monitoring_v1 to None, run_after=None
[2024-10-06T21:13:06.520-0300] {processor.py:183} INFO - Processing /opt/airflow/dags/Predict/monitor_maintain_dag_v1.py took 0.145 seconds
[2024-10-06T21:13:37.207-0300] {processor.py:161} INFO - Started process (PID=101) to work on /opt/airflow/dags/Predict/monitor_maintain_dag_v1.py
[2024-10-06T21:13:37.209-0300] {processor.py:830} INFO - Processing file /opt/airflow/dags/Predict/monitor_maintain_dag_v1.py for tasks to queue
[2024-10-06T21:13:37.211-0300] {logging_mixin.py:188} INFO - [2024-10-06T21:13:37.211-0300] {dagbag.py:545} INFO - Filling up the DagBag from /opt/airflow/dags/Predict/monitor_maintain_dag_v1.py
[2024-10-06T21:13:37.243-0300] {processor.py:840} INFO - DAG(s) 'monitoring_v1' retrieved from /opt/airflow/dags/Predict/monitor_maintain_dag_v1.py
[2024-10-06T21:13:37.277-0300] {logging_mixin.py:188} INFO - [2024-10-06T21:13:37.276-0300] {dag.py:3096} INFO - Sync 1 DAGs
[2024-10-06T21:13:37.295-0300] {logging_mixin.py:188} INFO - [2024-10-06T21:13:37.294-0300] {dag.py:3954} INFO - Setting next_dagrun for monitoring_v1 to None, run_after=None
[2024-10-06T21:13:37.324-0300] {processor.py:183} INFO - Processing /opt/airflow/dags/Predict/monitor_maintain_dag_v1.py took 0.125 seconds
[2024-10-06T21:14:07.815-0300] {processor.py:161} INFO - Started process (PID=117) to work on /opt/airflow/dags/Predict/monitor_maintain_dag_v1.py
[2024-10-06T21:14:07.816-0300] {processor.py:830} INFO - Processing file /opt/airflow/dags/Predict/monitor_maintain_dag_v1.py for tasks to queue
[2024-10-06T21:14:07.819-0300] {logging_mixin.py:188} INFO - [2024-10-06T21:14:07.818-0300] {dagbag.py:545} INFO - Filling up the DagBag from /opt/airflow/dags/Predict/monitor_maintain_dag_v1.py
[2024-10-06T21:14:07.851-0300] {processor.py:840} INFO - DAG(s) 'monitoring_v1' retrieved from /opt/airflow/dags/Predict/monitor_maintain_dag_v1.py
[2024-10-06T21:14:07.893-0300] {logging_mixin.py:188} INFO - [2024-10-06T21:14:07.892-0300] {dag.py:3096} INFO - Sync 1 DAGs
[2024-10-06T21:14:07.917-0300] {logging_mixin.py:188} INFO - [2024-10-06T21:14:07.916-0300] {dag.py:3954} INFO - Setting next_dagrun for monitoring_v1 to None, run_after=None
[2024-10-06T21:14:07.952-0300] {processor.py:183} INFO - Processing /opt/airflow/dags/Predict/monitor_maintain_dag_v1.py took 0.148 seconds
[2024-10-06T21:14:38.438-0300] {processor.py:161} INFO - Started process (PID=127) to work on /opt/airflow/dags/Predict/monitor_maintain_dag_v1.py
[2024-10-06T21:14:38.439-0300] {processor.py:830} INFO - Processing file /opt/airflow/dags/Predict/monitor_maintain_dag_v1.py for tasks to queue
[2024-10-06T21:14:38.441-0300] {logging_mixin.py:188} INFO - [2024-10-06T21:14:38.441-0300] {dagbag.py:545} INFO - Filling up the DagBag from /opt/airflow/dags/Predict/monitor_maintain_dag_v1.py
[2024-10-06T21:14:38.469-0300] {processor.py:840} INFO - DAG(s) 'monitoring_v1' retrieved from /opt/airflow/dags/Predict/monitor_maintain_dag_v1.py
[2024-10-06T21:14:38.504-0300] {logging_mixin.py:188} INFO - [2024-10-06T21:14:38.503-0300] {dag.py:3096} INFO - Sync 1 DAGs
[2024-10-06T21:14:38.517-0300] {logging_mixin.py:188} INFO - [2024-10-06T21:14:38.517-0300] {dag.py:3954} INFO - Setting next_dagrun for monitoring_v1 to None, run_after=None
[2024-10-06T21:14:38.544-0300] {processor.py:183} INFO - Processing /opt/airflow/dags/Predict/monitor_maintain_dag_v1.py took 0.111 seconds
[2024-10-06T21:15:09.149-0300] {processor.py:161} INFO - Started process (PID=139) to work on /opt/airflow/dags/Predict/monitor_maintain_dag_v1.py
[2024-10-06T21:15:09.150-0300] {processor.py:830} INFO - Processing file /opt/airflow/dags/Predict/monitor_maintain_dag_v1.py for tasks to queue
[2024-10-06T21:15:09.152-0300] {logging_mixin.py:188} INFO - [2024-10-06T21:15:09.152-0300] {dagbag.py:545} INFO - Filling up the DagBag from /opt/airflow/dags/Predict/monitor_maintain_dag_v1.py
[2024-10-06T21:15:09.179-0300] {processor.py:840} INFO - DAG(s) 'monitoring_v1' retrieved from /opt/airflow/dags/Predict/monitor_maintain_dag_v1.py
[2024-10-06T21:15:09.216-0300] {logging_mixin.py:188} INFO - [2024-10-06T21:15:09.216-0300] {dag.py:3096} INFO - Sync 1 DAGs
[2024-10-06T21:15:09.233-0300] {logging_mixin.py:188} INFO - [2024-10-06T21:15:09.233-0300] {dag.py:3954} INFO - Setting next_dagrun for monitoring_v1 to None, run_after=None
[2024-10-06T21:15:09.262-0300] {processor.py:183} INFO - Processing /opt/airflow/dags/Predict/monitor_maintain_dag_v1.py took 0.122 seconds
[2024-10-06T21:15:40.107-0300] {processor.py:161} INFO - Started process (PID=149) to work on /opt/airflow/dags/Predict/monitor_maintain_dag_v1.py
[2024-10-06T21:15:40.109-0300] {processor.py:830} INFO - Processing file /opt/airflow/dags/Predict/monitor_maintain_dag_v1.py for tasks to queue
[2024-10-06T21:15:40.112-0300] {logging_mixin.py:188} INFO - [2024-10-06T21:15:40.112-0300] {dagbag.py:545} INFO - Filling up the DagBag from /opt/airflow/dags/Predict/monitor_maintain_dag_v1.py
[2024-10-06T21:15:40.143-0300] {processor.py:840} INFO - DAG(s) 'monitoring_v1' retrieved from /opt/airflow/dags/Predict/monitor_maintain_dag_v1.py
[2024-10-06T21:15:40.174-0300] {logging_mixin.py:188} INFO - [2024-10-06T21:15:40.174-0300] {dag.py:3096} INFO - Sync 1 DAGs
[2024-10-06T21:15:40.190-0300] {logging_mixin.py:188} INFO - [2024-10-06T21:15:40.190-0300] {dag.py:3954} INFO - Setting next_dagrun for monitoring_v1 to None, run_after=None
[2024-10-06T21:15:40.220-0300] {processor.py:183} INFO - Processing /opt/airflow/dags/Predict/monitor_maintain_dag_v1.py took 0.119 seconds
[2024-10-06T21:16:10.670-0300] {processor.py:161} INFO - Started process (PID=159) to work on /opt/airflow/dags/Predict/monitor_maintain_dag_v1.py
[2024-10-06T21:16:10.671-0300] {processor.py:830} INFO - Processing file /opt/airflow/dags/Predict/monitor_maintain_dag_v1.py for tasks to queue
[2024-10-06T21:16:10.673-0300] {logging_mixin.py:188} INFO - [2024-10-06T21:16:10.673-0300] {dagbag.py:545} INFO - Filling up the DagBag from /opt/airflow/dags/Predict/monitor_maintain_dag_v1.py
[2024-10-06T21:16:10.697-0300] {processor.py:840} INFO - DAG(s) 'monitoring_v1' retrieved from /opt/airflow/dags/Predict/monitor_maintain_dag_v1.py
[2024-10-06T21:16:10.728-0300] {logging_mixin.py:188} INFO - [2024-10-06T21:16:10.728-0300] {dag.py:3096} INFO - Sync 1 DAGs
[2024-10-06T21:16:10.741-0300] {logging_mixin.py:188} INFO - [2024-10-06T21:16:10.741-0300] {dag.py:3954} INFO - Setting next_dagrun for monitoring_v1 to None, run_after=None
[2024-10-06T21:16:10.769-0300] {processor.py:183} INFO - Processing /opt/airflow/dags/Predict/monitor_maintain_dag_v1.py took 0.104 seconds
[2024-10-06T21:16:41.448-0300] {processor.py:161} INFO - Started process (PID=170) to work on /opt/airflow/dags/Predict/monitor_maintain_dag_v1.py
[2024-10-06T21:16:41.454-0300] {processor.py:830} INFO - Processing file /opt/airflow/dags/Predict/monitor_maintain_dag_v1.py for tasks to queue
[2024-10-06T21:16:41.463-0300] {logging_mixin.py:188} INFO - [2024-10-06T21:16:41.462-0300] {dagbag.py:545} INFO - Filling up the DagBag from /opt/airflow/dags/Predict/monitor_maintain_dag_v1.py
[2024-10-06T21:16:41.590-0300] {processor.py:840} INFO - DAG(s) 'monitoring_v1' retrieved from /opt/airflow/dags/Predict/monitor_maintain_dag_v1.py
[2024-10-06T21:16:41.743-0300] {logging_mixin.py:188} INFO - [2024-10-06T21:16:41.742-0300] {dag.py:3096} INFO - Sync 1 DAGs
[2024-10-06T21:16:41.815-0300] {logging_mixin.py:188} INFO - [2024-10-06T21:16:41.815-0300] {dag.py:3954} INFO - Setting next_dagrun for monitoring_v1 to None, run_after=None
[2024-10-06T21:16:41.849-0300] {processor.py:183} INFO - Processing /opt/airflow/dags/Predict/monitor_maintain_dag_v1.py took 0.447 seconds
[2024-10-06T21:17:12.485-0300] {processor.py:161} INFO - Started process (PID=180) to work on /opt/airflow/dags/Predict/monitor_maintain_dag_v1.py
[2024-10-06T21:17:12.486-0300] {processor.py:830} INFO - Processing file /opt/airflow/dags/Predict/monitor_maintain_dag_v1.py for tasks to queue
[2024-10-06T21:17:12.488-0300] {logging_mixin.py:188} INFO - [2024-10-06T21:17:12.488-0300] {dagbag.py:545} INFO - Filling up the DagBag from /opt/airflow/dags/Predict/monitor_maintain_dag_v1.py
[2024-10-06T21:17:12.525-0300] {processor.py:840} INFO - DAG(s) 'monitoring_v1' retrieved from /opt/airflow/dags/Predict/monitor_maintain_dag_v1.py
[2024-10-06T21:17:12.552-0300] {logging_mixin.py:188} INFO - [2024-10-06T21:17:12.551-0300] {dag.py:3096} INFO - Sync 1 DAGs
[2024-10-06T21:17:12.564-0300] {logging_mixin.py:188} INFO - [2024-10-06T21:17:12.564-0300] {dag.py:3954} INFO - Setting next_dagrun for monitoring_v1 to None, run_after=None
[2024-10-06T21:17:12.588-0300] {processor.py:183} INFO - Processing /opt/airflow/dags/Predict/monitor_maintain_dag_v1.py took 0.109 seconds
