[2024-10-06T21:10:32.695-0300] {processor.py:161} INFO - Started process (PID=42) to work on /opt/airflow/dags/Predict/our_second_xcom_dag_v1-1.py
[2024-10-06T21:10:32.696-0300] {processor.py:830} INFO - Processing file /opt/airflow/dags/Predict/our_second_xcom_dag_v1-1.py for tasks to queue
[2024-10-06T21:10:32.698-0300] {logging_mixin.py:188} INFO - [2024-10-06T21:10:32.698-0300] {dagbag.py:545} INFO - Filling up the DagBag from /opt/airflow/dags/Predict/our_second_xcom_dag_v1-1.py
[2024-10-06T21:10:32.731-0300] {processor.py:840} INFO - DAG(s) 'our_second_dag_v1.1' retrieved from /opt/airflow/dags/Predict/our_second_xcom_dag_v1-1.py
[2024-10-06T21:10:32.849-0300] {logging_mixin.py:188} INFO - [2024-10-06T21:10:32.848-0300] {override.py:1829} INFO - Created Permission View: can edit on DAG:our_second_dag_v1.1
[2024-10-06T21:10:32.865-0300] {logging_mixin.py:188} INFO - [2024-10-06T21:10:32.865-0300] {override.py:1829} INFO - Created Permission View: can delete on DAG:our_second_dag_v1.1
[2024-10-06T21:10:32.876-0300] {logging_mixin.py:188} INFO - [2024-10-06T21:10:32.876-0300] {override.py:1829} INFO - Created Permission View: can read on DAG:our_second_dag_v1.1
[2024-10-06T21:10:32.877-0300] {logging_mixin.py:188} INFO - [2024-10-06T21:10:32.877-0300] {dag.py:3096} INFO - Sync 1 DAGs
[2024-10-06T21:10:32.888-0300] {logging_mixin.py:188} INFO - [2024-10-06T21:10:32.887-0300] {dag.py:3118} INFO - Creating ORM DAG for our_second_dag_v1.1
[2024-10-06T21:10:32.899-0300] {logging_mixin.py:188} INFO - [2024-10-06T21:10:32.899-0300] {dag.py:3954} INFO - Setting next_dagrun for our_second_dag_v1.1 to 2024-10-06 00:00:00+00:00, run_after=2024-10-07 00:00:00+00:00
[2024-10-06T21:10:32.924-0300] {processor.py:183} INFO - Processing /opt/airflow/dags/Predict/our_second_xcom_dag_v1-1.py took 0.233 seconds
[2024-10-06T21:11:03.623-0300] {processor.py:161} INFO - Started process (PID=52) to work on /opt/airflow/dags/Predict/our_second_xcom_dag_v1-1.py
[2024-10-06T21:11:03.625-0300] {processor.py:830} INFO - Processing file /opt/airflow/dags/Predict/our_second_xcom_dag_v1-1.py for tasks to queue
[2024-10-06T21:11:03.628-0300] {logging_mixin.py:188} INFO - [2024-10-06T21:11:03.627-0300] {dagbag.py:545} INFO - Filling up the DagBag from /opt/airflow/dags/Predict/our_second_xcom_dag_v1-1.py
[2024-10-06T21:11:03.648-0300] {processor.py:840} INFO - DAG(s) 'our_second_dag_v1.1' retrieved from /opt/airflow/dags/Predict/our_second_xcom_dag_v1-1.py
[2024-10-06T21:11:03.674-0300] {logging_mixin.py:188} INFO - [2024-10-06T21:11:03.673-0300] {dag.py:3096} INFO - Sync 1 DAGs
[2024-10-06T21:11:03.700-0300] {logging_mixin.py:188} INFO - [2024-10-06T21:11:03.700-0300] {dag.py:3954} INFO - Setting next_dagrun for our_second_dag_v1.1 to 2024-10-06 00:00:00+00:00, run_after=2024-10-07 00:00:00+00:00
[2024-10-06T21:11:03.727-0300] {processor.py:183} INFO - Processing /opt/airflow/dags/Predict/our_second_xcom_dag_v1-1.py took 0.110 seconds
[2024-10-06T21:11:34.675-0300] {processor.py:161} INFO - Started process (PID=62) to work on /opt/airflow/dags/Predict/our_second_xcom_dag_v1-1.py
[2024-10-06T21:11:34.677-0300] {processor.py:830} INFO - Processing file /opt/airflow/dags/Predict/our_second_xcom_dag_v1-1.py for tasks to queue
[2024-10-06T21:11:34.678-0300] {logging_mixin.py:188} INFO - [2024-10-06T21:11:34.678-0300] {dagbag.py:545} INFO - Filling up the DagBag from /opt/airflow/dags/Predict/our_second_xcom_dag_v1-1.py
[2024-10-06T21:11:34.713-0300] {processor.py:840} INFO - DAG(s) 'our_second_dag_v1.1' retrieved from /opt/airflow/dags/Predict/our_second_xcom_dag_v1-1.py
[2024-10-06T21:11:34.784-0300] {logging_mixin.py:188} INFO - [2024-10-06T21:11:34.783-0300] {dag.py:3096} INFO - Sync 1 DAGs
[2024-10-06T21:11:34.806-0300] {logging_mixin.py:188} INFO - [2024-10-06T21:11:34.806-0300] {dag.py:3954} INFO - Setting next_dagrun for our_second_dag_v1.1 to 2024-10-06 00:00:00+00:00, run_after=2024-10-07 00:00:00+00:00
[2024-10-06T21:11:34.839-0300] {processor.py:183} INFO - Processing /opt/airflow/dags/Predict/our_second_xcom_dag_v1-1.py took 0.176 seconds
[2024-10-06T21:12:05.271-0300] {processor.py:161} INFO - Started process (PID=72) to work on /opt/airflow/dags/Predict/our_second_xcom_dag_v1-1.py
[2024-10-06T21:12:05.273-0300] {processor.py:830} INFO - Processing file /opt/airflow/dags/Predict/our_second_xcom_dag_v1-1.py for tasks to queue
[2024-10-06T21:12:05.275-0300] {logging_mixin.py:188} INFO - [2024-10-06T21:12:05.274-0300] {dagbag.py:545} INFO - Filling up the DagBag from /opt/airflow/dags/Predict/our_second_xcom_dag_v1-1.py
[2024-10-06T21:12:05.295-0300] {processor.py:840} INFO - DAG(s) 'our_second_dag_v1.1' retrieved from /opt/airflow/dags/Predict/our_second_xcom_dag_v1-1.py
[2024-10-06T21:12:05.322-0300] {logging_mixin.py:188} INFO - [2024-10-06T21:12:05.322-0300] {dag.py:3096} INFO - Sync 1 DAGs
[2024-10-06T21:12:05.347-0300] {logging_mixin.py:188} INFO - [2024-10-06T21:12:05.347-0300] {dag.py:3954} INFO - Setting next_dagrun for our_second_dag_v1.1 to 2024-10-06 00:00:00+00:00, run_after=2024-10-07 00:00:00+00:00
[2024-10-06T21:12:05.372-0300] {processor.py:183} INFO - Processing /opt/airflow/dags/Predict/our_second_xcom_dag_v1-1.py took 0.106 seconds
[2024-10-06T21:12:35.913-0300] {processor.py:161} INFO - Started process (PID=82) to work on /opt/airflow/dags/Predict/our_second_xcom_dag_v1-1.py
[2024-10-06T21:12:35.915-0300] {processor.py:830} INFO - Processing file /opt/airflow/dags/Predict/our_second_xcom_dag_v1-1.py for tasks to queue
[2024-10-06T21:12:35.918-0300] {logging_mixin.py:188} INFO - [2024-10-06T21:12:35.918-0300] {dagbag.py:545} INFO - Filling up the DagBag from /opt/airflow/dags/Predict/our_second_xcom_dag_v1-1.py
[2024-10-06T21:12:35.945-0300] {processor.py:840} INFO - DAG(s) 'our_second_dag_v1.1' retrieved from /opt/airflow/dags/Predict/our_second_xcom_dag_v1-1.py
[2024-10-06T21:12:35.980-0300] {logging_mixin.py:188} INFO - [2024-10-06T21:12:35.979-0300] {dag.py:3096} INFO - Sync 1 DAGs
[2024-10-06T21:12:36.009-0300] {logging_mixin.py:188} INFO - [2024-10-06T21:12:36.009-0300] {dag.py:3954} INFO - Setting next_dagrun for our_second_dag_v1.1 to 2024-10-06 00:00:00+00:00, run_after=2024-10-07 00:00:00+00:00
[2024-10-06T21:12:36.035-0300] {processor.py:183} INFO - Processing /opt/airflow/dags/Predict/our_second_xcom_dag_v1-1.py took 0.129 seconds
[2024-10-06T21:13:06.578-0300] {processor.py:161} INFO - Started process (PID=92) to work on /opt/airflow/dags/Predict/our_second_xcom_dag_v1-1.py
[2024-10-06T21:13:06.579-0300] {processor.py:830} INFO - Processing file /opt/airflow/dags/Predict/our_second_xcom_dag_v1-1.py for tasks to queue
[2024-10-06T21:13:06.583-0300] {logging_mixin.py:188} INFO - [2024-10-06T21:13:06.582-0300] {dagbag.py:545} INFO - Filling up the DagBag from /opt/airflow/dags/Predict/our_second_xcom_dag_v1-1.py
[2024-10-06T21:13:06.607-0300] {processor.py:840} INFO - DAG(s) 'our_second_dag_v1.1' retrieved from /opt/airflow/dags/Predict/our_second_xcom_dag_v1-1.py
[2024-10-06T21:13:06.641-0300] {logging_mixin.py:188} INFO - [2024-10-06T21:13:06.641-0300] {dag.py:3096} INFO - Sync 1 DAGs
[2024-10-06T21:13:06.669-0300] {logging_mixin.py:188} INFO - [2024-10-06T21:13:06.669-0300] {dag.py:3954} INFO - Setting next_dagrun for our_second_dag_v1.1 to 2024-10-06 00:00:00+00:00, run_after=2024-10-07 00:00:00+00:00
[2024-10-06T21:13:06.697-0300] {processor.py:183} INFO - Processing /opt/airflow/dags/Predict/our_second_xcom_dag_v1-1.py took 0.127 seconds
[2024-10-06T21:13:37.366-0300] {processor.py:161} INFO - Started process (PID=102) to work on /opt/airflow/dags/Predict/our_second_xcom_dag_v1-1.py
[2024-10-06T21:13:37.367-0300] {processor.py:830} INFO - Processing file /opt/airflow/dags/Predict/our_second_xcom_dag_v1-1.py for tasks to queue
[2024-10-06T21:13:37.369-0300] {logging_mixin.py:188} INFO - [2024-10-06T21:13:37.369-0300] {dagbag.py:545} INFO - Filling up the DagBag from /opt/airflow/dags/Predict/our_second_xcom_dag_v1-1.py
[2024-10-06T21:13:37.394-0300] {processor.py:840} INFO - DAG(s) 'our_second_dag_v1.1' retrieved from /opt/airflow/dags/Predict/our_second_xcom_dag_v1-1.py
[2024-10-06T21:13:37.423-0300] {logging_mixin.py:188} INFO - [2024-10-06T21:13:37.422-0300] {dag.py:3096} INFO - Sync 1 DAGs
[2024-10-06T21:13:37.445-0300] {logging_mixin.py:188} INFO - [2024-10-06T21:13:37.445-0300] {dag.py:3954} INFO - Setting next_dagrun for our_second_dag_v1.1 to 2024-10-06 00:00:00+00:00, run_after=2024-10-07 00:00:00+00:00
[2024-10-06T21:13:37.473-0300] {processor.py:183} INFO - Processing /opt/airflow/dags/Predict/our_second_xcom_dag_v1-1.py took 0.112 seconds
[2024-10-06T21:14:08.023-0300] {processor.py:161} INFO - Started process (PID=118) to work on /opt/airflow/dags/Predict/our_second_xcom_dag_v1-1.py
[2024-10-06T21:14:08.025-0300] {processor.py:830} INFO - Processing file /opt/airflow/dags/Predict/our_second_xcom_dag_v1-1.py for tasks to queue
[2024-10-06T21:14:08.028-0300] {logging_mixin.py:188} INFO - [2024-10-06T21:14:08.027-0300] {dagbag.py:545} INFO - Filling up the DagBag from /opt/airflow/dags/Predict/our_second_xcom_dag_v1-1.py
[2024-10-06T21:14:08.060-0300] {processor.py:840} INFO - DAG(s) 'our_second_dag_v1.1' retrieved from /opt/airflow/dags/Predict/our_second_xcom_dag_v1-1.py
[2024-10-06T21:14:08.098-0300] {logging_mixin.py:188} INFO - [2024-10-06T21:14:08.098-0300] {dag.py:3096} INFO - Sync 1 DAGs
[2024-10-06T21:14:08.127-0300] {logging_mixin.py:188} INFO - [2024-10-06T21:14:08.126-0300] {dag.py:3954} INFO - Setting next_dagrun for our_second_dag_v1.1 to 2024-10-06 00:00:00+00:00, run_after=2024-10-07 00:00:00+00:00
[2024-10-06T21:14:08.163-0300] {processor.py:183} INFO - Processing /opt/airflow/dags/Predict/our_second_xcom_dag_v1-1.py took 0.148 seconds
[2024-10-06T21:14:38.592-0300] {processor.py:161} INFO - Started process (PID=128) to work on /opt/airflow/dags/Predict/our_second_xcom_dag_v1-1.py
[2024-10-06T21:14:38.593-0300] {processor.py:830} INFO - Processing file /opt/airflow/dags/Predict/our_second_xcom_dag_v1-1.py for tasks to queue
[2024-10-06T21:14:38.596-0300] {logging_mixin.py:188} INFO - [2024-10-06T21:14:38.596-0300] {dagbag.py:545} INFO - Filling up the DagBag from /opt/airflow/dags/Predict/our_second_xcom_dag_v1-1.py
[2024-10-06T21:14:38.617-0300] {processor.py:840} INFO - DAG(s) 'our_second_dag_v1.1' retrieved from /opt/airflow/dags/Predict/our_second_xcom_dag_v1-1.py
[2024-10-06T21:14:38.644-0300] {logging_mixin.py:188} INFO - [2024-10-06T21:14:38.644-0300] {dag.py:3096} INFO - Sync 1 DAGs
[2024-10-06T21:14:38.668-0300] {logging_mixin.py:188} INFO - [2024-10-06T21:14:38.668-0300] {dag.py:3954} INFO - Setting next_dagrun for our_second_dag_v1.1 to 2024-10-06 00:00:00+00:00, run_after=2024-10-07 00:00:00+00:00
[2024-10-06T21:14:38.692-0300] {processor.py:183} INFO - Processing /opt/airflow/dags/Predict/our_second_xcom_dag_v1-1.py took 0.106 seconds
[2024-10-06T21:15:09.307-0300] {processor.py:161} INFO - Started process (PID=140) to work on /opt/airflow/dags/Predict/our_second_xcom_dag_v1-1.py
[2024-10-06T21:15:09.308-0300] {processor.py:830} INFO - Processing file /opt/airflow/dags/Predict/our_second_xcom_dag_v1-1.py for tasks to queue
[2024-10-06T21:15:09.310-0300] {logging_mixin.py:188} INFO - [2024-10-06T21:15:09.310-0300] {dagbag.py:545} INFO - Filling up the DagBag from /opt/airflow/dags/Predict/our_second_xcom_dag_v1-1.py
[2024-10-06T21:15:09.332-0300] {processor.py:840} INFO - DAG(s) 'our_second_dag_v1.1' retrieved from /opt/airflow/dags/Predict/our_second_xcom_dag_v1-1.py
[2024-10-06T21:15:09.358-0300] {logging_mixin.py:188} INFO - [2024-10-06T21:15:09.358-0300] {dag.py:3096} INFO - Sync 1 DAGs
[2024-10-06T21:15:09.380-0300] {logging_mixin.py:188} INFO - [2024-10-06T21:15:09.380-0300] {dag.py:3954} INFO - Setting next_dagrun for our_second_dag_v1.1 to 2024-10-06 00:00:00+00:00, run_after=2024-10-07 00:00:00+00:00
[2024-10-06T21:15:09.408-0300] {processor.py:183} INFO - Processing /opt/airflow/dags/Predict/our_second_xcom_dag_v1-1.py took 0.106 seconds
[2024-10-06T21:15:40.271-0300] {processor.py:161} INFO - Started process (PID=150) to work on /opt/airflow/dags/Predict/our_second_xcom_dag_v1-1.py
[2024-10-06T21:15:40.272-0300] {processor.py:830} INFO - Processing file /opt/airflow/dags/Predict/our_second_xcom_dag_v1-1.py for tasks to queue
[2024-10-06T21:15:40.275-0300] {logging_mixin.py:188} INFO - [2024-10-06T21:15:40.274-0300] {dagbag.py:545} INFO - Filling up the DagBag from /opt/airflow/dags/Predict/our_second_xcom_dag_v1-1.py
[2024-10-06T21:15:40.299-0300] {processor.py:840} INFO - DAG(s) 'our_second_dag_v1.1' retrieved from /opt/airflow/dags/Predict/our_second_xcom_dag_v1-1.py
[2024-10-06T21:15:40.331-0300] {logging_mixin.py:188} INFO - [2024-10-06T21:15:40.331-0300] {dag.py:3096} INFO - Sync 1 DAGs
[2024-10-06T21:15:40.357-0300] {logging_mixin.py:188} INFO - [2024-10-06T21:15:40.357-0300] {dag.py:3954} INFO - Setting next_dagrun for our_second_dag_v1.1 to 2024-10-06 00:00:00+00:00, run_after=2024-10-07 00:00:00+00:00
[2024-10-06T21:15:40.387-0300] {processor.py:183} INFO - Processing /opt/airflow/dags/Predict/our_second_xcom_dag_v1-1.py took 0.122 seconds
[2024-10-06T21:16:10.818-0300] {processor.py:161} INFO - Started process (PID=160) to work on /opt/airflow/dags/Predict/our_second_xcom_dag_v1-1.py
[2024-10-06T21:16:10.820-0300] {processor.py:830} INFO - Processing file /opt/airflow/dags/Predict/our_second_xcom_dag_v1-1.py for tasks to queue
[2024-10-06T21:16:10.821-0300] {logging_mixin.py:188} INFO - [2024-10-06T21:16:10.821-0300] {dagbag.py:545} INFO - Filling up the DagBag from /opt/airflow/dags/Predict/our_second_xcom_dag_v1-1.py
[2024-10-06T21:16:10.843-0300] {processor.py:840} INFO - DAG(s) 'our_second_dag_v1.1' retrieved from /opt/airflow/dags/Predict/our_second_xcom_dag_v1-1.py
[2024-10-06T21:16:10.870-0300] {logging_mixin.py:188} INFO - [2024-10-06T21:16:10.870-0300] {dag.py:3096} INFO - Sync 1 DAGs
[2024-10-06T21:16:10.893-0300] {logging_mixin.py:188} INFO - [2024-10-06T21:16:10.892-0300] {dag.py:3954} INFO - Setting next_dagrun for our_second_dag_v1.1 to 2024-10-06 00:00:00+00:00, run_after=2024-10-07 00:00:00+00:00
[2024-10-06T21:16:10.914-0300] {processor.py:183} INFO - Processing /opt/airflow/dags/Predict/our_second_xcom_dag_v1-1.py took 0.100 seconds
[2024-10-06T21:16:41.901-0300] {processor.py:161} INFO - Started process (PID=171) to work on /opt/airflow/dags/Predict/our_second_xcom_dag_v1-1.py
[2024-10-06T21:16:41.903-0300] {processor.py:830} INFO - Processing file /opt/airflow/dags/Predict/our_second_xcom_dag_v1-1.py for tasks to queue
[2024-10-06T21:16:41.906-0300] {logging_mixin.py:188} INFO - [2024-10-06T21:16:41.905-0300] {dagbag.py:545} INFO - Filling up the DagBag from /opt/airflow/dags/Predict/our_second_xcom_dag_v1-1.py
[2024-10-06T21:16:41.930-0300] {processor.py:840} INFO - DAG(s) 'our_second_dag_v1.1' retrieved from /opt/airflow/dags/Predict/our_second_xcom_dag_v1-1.py
[2024-10-06T21:16:41.961-0300] {logging_mixin.py:188} INFO - [2024-10-06T21:16:41.961-0300] {dag.py:3096} INFO - Sync 1 DAGs
[2024-10-06T21:16:41.986-0300] {logging_mixin.py:188} INFO - [2024-10-06T21:16:41.986-0300] {dag.py:3954} INFO - Setting next_dagrun for our_second_dag_v1.1 to 2024-10-06 00:00:00+00:00, run_after=2024-10-07 00:00:00+00:00
[2024-10-06T21:16:42.014-0300] {processor.py:183} INFO - Processing /opt/airflow/dags/Predict/our_second_xcom_dag_v1-1.py took 0.118 seconds
[2024-10-06T21:17:12.628-0300] {processor.py:161} INFO - Started process (PID=181) to work on /opt/airflow/dags/Predict/our_second_xcom_dag_v1-1.py
[2024-10-06T21:17:12.629-0300] {processor.py:830} INFO - Processing file /opt/airflow/dags/Predict/our_second_xcom_dag_v1-1.py for tasks to queue
[2024-10-06T21:17:12.631-0300] {logging_mixin.py:188} INFO - [2024-10-06T21:17:12.630-0300] {dagbag.py:545} INFO - Filling up the DagBag from /opt/airflow/dags/Predict/our_second_xcom_dag_v1-1.py
[2024-10-06T21:17:12.649-0300] {processor.py:840} INFO - DAG(s) 'our_second_dag_v1.1' retrieved from /opt/airflow/dags/Predict/our_second_xcom_dag_v1-1.py
[2024-10-06T21:17:12.673-0300] {logging_mixin.py:188} INFO - [2024-10-06T21:17:12.673-0300] {dag.py:3096} INFO - Sync 1 DAGs
[2024-10-06T21:17:12.695-0300] {logging_mixin.py:188} INFO - [2024-10-06T21:17:12.695-0300] {dag.py:3954} INFO - Setting next_dagrun for our_second_dag_v1.1 to 2024-10-06 00:00:00+00:00, run_after=2024-10-07 00:00:00+00:00
[2024-10-06T21:17:12.721-0300] {processor.py:183} INFO - Processing /opt/airflow/dags/Predict/our_second_xcom_dag_v1-1.py took 0.097 seconds
