[2024-10-08T09:08:24.287-0300] {local_task_job_runner.py:120} INFO - ::group::Pre task execution logs
[2024-10-08T09:08:24.327-0300] {taskinstance.py:2076} INFO - Dependencies all met for dep_context=non-requeueable deps ti=<TaskInstance: training.trainingmodel manual__2024-10-08T12:08:22.612795+00:00 [queued]>
[2024-10-08T09:08:24.345-0300] {taskinstance.py:2076} INFO - Dependencies all met for dep_context=requeueable deps ti=<TaskInstance: training.trainingmodel manual__2024-10-08T12:08:22.612795+00:00 [queued]>
[2024-10-08T09:08:24.354-0300] {taskinstance.py:2306} INFO - Starting attempt 1 of 1
[2024-10-08T09:08:24.381-0300] {taskinstance.py:2330} INFO - Executing <Task(_PythonVirtualenvDecoratedOperator): trainingmodel> on 2024-10-08 12:08:22.612795+00:00
[2024-10-08T09:08:24.389-0300] {warnings.py:110} WARNING - /home/***/.local/lib/python3.12/site-packages/***/task/task_runner/standard_task_runner.py:61: DeprecationWarning: This process (pid=1667) is multi-threaded, use of fork() may lead to deadlocks in the child.
  pid = os.fork()

[2024-10-08T09:08:24.391-0300] {standard_task_runner.py:63} INFO - Started process 1668 to run task
[2024-10-08T09:08:24.391-0300] {standard_task_runner.py:90} INFO - Running: ['***', 'tasks', 'run', 'training', 'trainingmodel', 'manual__2024-10-08T12:08:22.612795+00:00', '--job-id', '133', '--raw', '--subdir', 'DAGS_FOLDER/Train/train_dag.py', '--cfg-path', '/tmp/tmpmjknk0mn']
[2024-10-08T09:08:24.394-0300] {standard_task_runner.py:91} INFO - Job 133: Subtask trainingmodel
[2024-10-08T09:08:24.483-0300] {task_command.py:426} INFO - Running <TaskInstance: training.trainingmodel manual__2024-10-08T12:08:22.612795+00:00 [running]> on host 4a07270c49a4
[2024-10-08T09:08:24.698-0300] {taskinstance.py:2648} INFO - Exporting env vars: AIRFLOW_CTX_DAG_OWNER='***' AIRFLOW_CTX_DAG_ID='training' AIRFLOW_CTX_TASK_ID='trainingmodel' AIRFLOW_CTX_EXECUTION_DATE='2024-10-08T12:08:22.612795+00:00' AIRFLOW_CTX_TRY_NUMBER='1' AIRFLOW_CTX_DAG_RUN_ID='manual__2024-10-08T12:08:22.612795+00:00'
[2024-10-08T09:08:24.700-0300] {taskinstance.py:430} INFO - ::endgroup::
[2024-10-08T09:08:24.703-0300] {process_utils.py:183} INFO - Executing cmd: /home/***/.local/bin/python -m virtualenv /tmp/venvycr1eoiw --python=python
[2024-10-08T09:08:24.705-0300] {process_utils.py:187} INFO - Output:
[2024-10-08T09:08:25.902-0300] {process_utils.py:191} INFO - created virtual environment CPython3.12.3.final.0-64 in 370ms
[2024-10-08T09:08:25.904-0300] {process_utils.py:191} INFO -   creator CPython3Posix(dest=/tmp/venvycr1eoiw, clear=False, no_vcs_ignore=False, global=False)
[2024-10-08T09:08:25.905-0300] {process_utils.py:191} INFO -   seeder FromAppData(download=False, pip=bundle, via=copy, app_data_dir=/home/***/.local/share/virtualenv)
[2024-10-08T09:08:25.907-0300] {process_utils.py:191} INFO -     added seed packages: pip==24.2
[2024-10-08T09:08:25.908-0300] {process_utils.py:191} INFO -   activators BashActivator,CShellActivator,FishActivator,NushellActivator,PowerShellActivator,PythonActivator
[2024-10-08T09:08:25.951-0300] {process_utils.py:183} INFO - Executing cmd: /tmp/venvycr1eoiw/bin/pip install -r /tmp/venvycr1eoiw/requirements.txt
[2024-10-08T09:08:25.953-0300] {process_utils.py:187} INFO - Output:
[2024-10-08T09:08:28.721-0300] {process_utils.py:191} INFO - Collecting joblib (from -r /tmp/venvycr1eoiw/requirements.txt (line 1))
[2024-10-08T09:08:28.725-0300] {process_utils.py:191} INFO -   Using cached joblib-1.4.2-py3-none-any.whl.metadata (5.4 kB)
[2024-10-08T09:08:29.257-0300] {process_utils.py:191} INFO - Collecting numpy (from -r /tmp/venvycr1eoiw/requirements.txt (line 2))
[2024-10-08T09:08:29.260-0300] {process_utils.py:191} INFO -   Using cached numpy-2.1.2-cp312-cp312-manylinux_2_17_x86_64.manylinux2014_x86_64.whl.metadata (60 kB)
[2024-10-08T09:08:29.610-0300] {process_utils.py:191} INFO - Collecting pandas (from -r /tmp/venvycr1eoiw/requirements.txt (line 3))
[2024-10-08T09:08:29.614-0300] {process_utils.py:191} INFO -   Using cached pandas-2.2.3-cp312-cp312-manylinux_2_17_x86_64.manylinux2014_x86_64.whl.metadata (89 kB)
[2024-10-08T09:08:29.880-0300] {process_utils.py:191} INFO - Collecting scikit-learn (from -r /tmp/venvycr1eoiw/requirements.txt (line 4))
[2024-10-08T09:08:29.882-0300] {process_utils.py:191} INFO -   Using cached scikit_learn-1.5.2-cp312-cp312-manylinux_2_17_x86_64.manylinux2014_x86_64.whl.metadata (13 kB)
[2024-10-08T09:08:29.945-0300] {process_utils.py:191} INFO - Collecting python-dateutil>=2.8.2 (from pandas->-r /tmp/venvycr1eoiw/requirements.txt (line 3))
[2024-10-08T09:08:29.947-0300] {process_utils.py:191} INFO -   Using cached python_dateutil-2.9.0.post0-py2.py3-none-any.whl.metadata (8.4 kB)
[2024-10-08T09:08:30.044-0300] {process_utils.py:191} INFO - Collecting pytz>=2020.1 (from pandas->-r /tmp/venvycr1eoiw/requirements.txt (line 3))
[2024-10-08T09:08:30.047-0300] {process_utils.py:191} INFO -   Using cached pytz-2024.2-py2.py3-none-any.whl.metadata (22 kB)
[2024-10-08T09:08:30.082-0300] {process_utils.py:191} INFO - Collecting tzdata>=2022.7 (from pandas->-r /tmp/venvycr1eoiw/requirements.txt (line 3))
[2024-10-08T09:08:30.084-0300] {process_utils.py:191} INFO -   Using cached tzdata-2024.2-py2.py3-none-any.whl.metadata (1.4 kB)
[2024-10-08T09:08:30.279-0300] {process_utils.py:191} INFO - Collecting scipy>=1.6.0 (from scikit-learn->-r /tmp/venvycr1eoiw/requirements.txt (line 4))
[2024-10-08T09:08:30.281-0300] {process_utils.py:191} INFO -   Using cached scipy-1.14.1-cp312-cp312-manylinux_2_17_x86_64.manylinux2014_x86_64.whl.metadata (60 kB)
[2024-10-08T09:08:30.341-0300] {process_utils.py:191} INFO - Collecting threadpoolctl>=3.1.0 (from scikit-learn->-r /tmp/venvycr1eoiw/requirements.txt (line 4))
[2024-10-08T09:08:30.344-0300] {process_utils.py:191} INFO -   Using cached threadpoolctl-3.5.0-py3-none-any.whl.metadata (13 kB)
[2024-10-08T09:08:30.374-0300] {process_utils.py:191} INFO - Collecting six>=1.5 (from python-dateutil>=2.8.2->pandas->-r /tmp/venvycr1eoiw/requirements.txt (line 3))
[2024-10-08T09:08:30.377-0300] {process_utils.py:191} INFO -   Using cached six-1.16.0-py2.py3-none-any.whl.metadata (1.8 kB)
[2024-10-08T09:08:30.396-0300] {process_utils.py:191} INFO - Using cached joblib-1.4.2-py3-none-any.whl (301 kB)
[2024-10-08T09:08:30.398-0300] {process_utils.py:191} INFO - Using cached numpy-2.1.2-cp312-cp312-manylinux_2_17_x86_64.manylinux2014_x86_64.whl (16.0 MB)
[2024-10-08T09:08:30.418-0300] {process_utils.py:191} INFO - Using cached pandas-2.2.3-cp312-cp312-manylinux_2_17_x86_64.manylinux2014_x86_64.whl (12.7 MB)
[2024-10-08T09:08:30.433-0300] {process_utils.py:191} INFO - Using cached scikit_learn-1.5.2-cp312-cp312-manylinux_2_17_x86_64.manylinux2014_x86_64.whl (12.9 MB)
[2024-10-08T09:08:30.449-0300] {process_utils.py:191} INFO - Using cached python_dateutil-2.9.0.post0-py2.py3-none-any.whl (229 kB)
[2024-10-08T09:08:30.451-0300] {process_utils.py:191} INFO - Using cached pytz-2024.2-py2.py3-none-any.whl (508 kB)
[2024-10-08T09:08:30.453-0300] {process_utils.py:191} INFO - Using cached scipy-1.14.1-cp312-cp312-manylinux_2_17_x86_64.manylinux2014_x86_64.whl (40.8 MB)
[2024-10-08T09:08:30.507-0300] {process_utils.py:191} INFO - Using cached threadpoolctl-3.5.0-py3-none-any.whl (18 kB)
[2024-10-08T09:08:30.510-0300] {process_utils.py:191} INFO - Using cached tzdata-2024.2-py2.py3-none-any.whl (346 kB)
[2024-10-08T09:08:30.513-0300] {process_utils.py:191} INFO - Using cached six-1.16.0-py2.py3-none-any.whl (11 kB)
[2024-10-08T09:08:30.762-0300] {process_utils.py:191} INFO - Installing collected packages: pytz, tzdata, threadpoolctl, six, numpy, joblib, scipy, python-dateutil, scikit-learn, pandas
[2024-10-08T09:08:45.884-0300] {process_utils.py:191} INFO - Successfully installed joblib-1.4.2 numpy-2.1.2 pandas-2.2.3 python-dateutil-2.9.0.post0 pytz-2024.2 scikit-learn-1.5.2 scipy-1.14.1 six-1.16.0 threadpoolctl-3.5.0 tzdata-2024.2
[2024-10-08T09:08:46.412-0300] {process_utils.py:183} INFO - Executing cmd: /tmp/venvycr1eoiw/bin/python /tmp/venv-callpuxbwhkz/script.py /tmp/venv-callpuxbwhkz/script.in /tmp/venv-callpuxbwhkz/script.out /tmp/venv-callpuxbwhkz/string_args.txt /tmp/venv-callpuxbwhkz/termination.log
[2024-10-08T09:08:46.413-0300] {process_utils.py:187} INFO - Output:
[2024-10-08T09:08:48.965-0300] {process_utils.py:191} INFO - Modelo Entrenado y Guardado
[2024-10-08T09:08:49.490-0300] {python.py:237} INFO - Done. Returned value was: None
[2024-10-08T09:08:49.491-0300] {taskinstance.py:441} INFO - ::group::Post task execution logs
[2024-10-08T09:08:49.505-0300] {taskinstance.py:1206} INFO - Marking task as SUCCESS. dag_id=training, task_id=trainingmodel, run_id=manual__2024-10-08T12:08:22.612795+00:00, execution_date=20241008T120822, start_date=20241008T120824, end_date=20241008T120849
[2024-10-08T09:08:49.571-0300] {local_task_job_runner.py:240} INFO - Task exited with return code 0
[2024-10-08T09:08:49.588-0300] {taskinstance.py:3498} INFO - 0 downstream tasks scheduled from follow-on schedule check
[2024-10-08T09:08:49.590-0300] {local_task_job_runner.py:222} INFO - ::endgroup::
