[2024-10-07T22:41:59.589-0300] {local_task_job_runner.py:120} INFO - ::group::Pre task execution logs
[2024-10-07T22:41:59.625-0300] {taskinstance.py:2076} INFO - Dependencies all met for dep_context=non-requeueable deps ti=<TaskInstance: preprocess_predict.preprocess manual__2024-10-08T01:41:57.738653+00:00 [queued]>
[2024-10-07T22:41:59.644-0300] {taskinstance.py:2076} INFO - Dependencies all met for dep_context=requeueable deps ti=<TaskInstance: preprocess_predict.preprocess manual__2024-10-08T01:41:57.738653+00:00 [queued]>
[2024-10-07T22:41:59.645-0300] {taskinstance.py:2306} INFO - Starting attempt 1 of 1
[2024-10-07T22:41:59.674-0300] {taskinstance.py:2330} INFO - Executing <Task(_PythonVirtualenvDecoratedOperator): preprocess> on 2024-10-08 01:41:57.738653+00:00
[2024-10-07T22:41:59.685-0300] {warnings.py:110} WARNING - /home/***/.local/lib/python3.12/site-packages/***/task/task_runner/standard_task_runner.py:61: DeprecationWarning: This process (pid=3047) is multi-threaded, use of fork() may lead to deadlocks in the child.
  pid = os.fork()

[2024-10-07T22:41:59.688-0300] {standard_task_runner.py:63} INFO - Started process 3048 to run task
[2024-10-07T22:41:59.688-0300] {standard_task_runner.py:90} INFO - Running: ['***', 'tasks', 'run', 'preprocess_predict', 'preprocess', 'manual__2024-10-08T01:41:57.738653+00:00', '--job-id', '74', '--raw', '--subdir', 'DAGS_FOLDER/Predict/preprocess_predict.py', '--cfg-path', '/tmp/tmptoqnp02o']
[2024-10-07T22:41:59.690-0300] {standard_task_runner.py:91} INFO - Job 74: Subtask preprocess
[2024-10-07T22:41:59.770-0300] {task_command.py:426} INFO - Running <TaskInstance: preprocess_predict.preprocess manual__2024-10-08T01:41:57.738653+00:00 [running]> on host 4a07270c49a4
[2024-10-07T22:41:59.914-0300] {taskinstance.py:2648} INFO - Exporting env vars: AIRFLOW_CTX_DAG_OWNER='***' AIRFLOW_CTX_DAG_ID='preprocess_predict' AIRFLOW_CTX_TASK_ID='preprocess' AIRFLOW_CTX_EXECUTION_DATE='2024-10-08T01:41:57.738653+00:00' AIRFLOW_CTX_TRY_NUMBER='1' AIRFLOW_CTX_DAG_RUN_ID='manual__2024-10-08T01:41:57.738653+00:00'
[2024-10-07T22:41:59.915-0300] {taskinstance.py:430} INFO - ::endgroup::
[2024-10-07T22:41:59.918-0300] {process_utils.py:183} INFO - Executing cmd: /home/***/.local/bin/python -m virtualenv /tmp/venvsdo7ngez --python=python
[2024-10-07T22:41:59.919-0300] {process_utils.py:187} INFO - Output:
[2024-10-07T22:42:02.533-0300] {process_utils.py:191} INFO - created virtual environment CPython3.12.3.final.0-64 in 1286ms
[2024-10-07T22:42:02.536-0300] {process_utils.py:191} INFO -   creator CPython3Posix(dest=/tmp/venvsdo7ngez, clear=False, no_vcs_ignore=False, global=False)
[2024-10-07T22:42:02.538-0300] {process_utils.py:191} INFO -   seeder FromAppData(download=False, pip=bundle, via=copy, app_data_dir=/home/***/.local/share/virtualenv)
[2024-10-07T22:42:02.540-0300] {process_utils.py:191} INFO -     added seed packages: pip==24.2
[2024-10-07T22:42:02.541-0300] {process_utils.py:191} INFO -   activators BashActivator,CShellActivator,FishActivator,NushellActivator,PowerShellActivator,PythonActivator
[2024-10-07T22:42:02.703-0300] {process_utils.py:183} INFO - Executing cmd: /tmp/venvsdo7ngez/bin/pip install -r /tmp/venvsdo7ngez/requirements.txt
[2024-10-07T22:42:02.707-0300] {process_utils.py:187} INFO - Output:
[2024-10-07T22:42:07.488-0300] {process_utils.py:191} INFO - Collecting joblib (from -r /tmp/venvsdo7ngez/requirements.txt (line 1))
[2024-10-07T22:42:07.491-0300] {process_utils.py:191} INFO -   Using cached joblib-1.4.2-py3-none-any.whl.metadata (5.4 kB)
[2024-10-07T22:42:07.724-0300] {process_utils.py:191} INFO - Collecting numpy (from -r /tmp/venvsdo7ngez/requirements.txt (line 2))
[2024-10-07T22:42:07.725-0300] {process_utils.py:191} INFO -   Using cached numpy-2.1.2-cp312-cp312-manylinux_2_17_x86_64.manylinux2014_x86_64.whl.metadata (60 kB)
[2024-10-07T22:42:07.964-0300] {process_utils.py:191} INFO - Collecting pandas (from -r /tmp/venvsdo7ngez/requirements.txt (line 3))
[2024-10-07T22:42:07.966-0300] {process_utils.py:191} INFO -   Using cached pandas-2.2.3-cp312-cp312-manylinux_2_17_x86_64.manylinux2014_x86_64.whl.metadata (89 kB)
[2024-10-07T22:42:08.171-0300] {process_utils.py:191} INFO - Collecting scikit-learn (from -r /tmp/venvsdo7ngez/requirements.txt (line 4))
[2024-10-07T22:42:08.177-0300] {process_utils.py:191} INFO -   Using cached scikit_learn-1.5.2-cp312-cp312-manylinux_2_17_x86_64.manylinux2014_x86_64.whl.metadata (13 kB)
[2024-10-07T22:42:08.287-0300] {process_utils.py:191} INFO - Collecting python-dateutil>=2.8.2 (from pandas->-r /tmp/venvsdo7ngez/requirements.txt (line 3))
[2024-10-07T22:42:08.291-0300] {process_utils.py:191} INFO -   Using cached python_dateutil-2.9.0.post0-py2.py3-none-any.whl.metadata (8.4 kB)
[2024-10-07T22:42:08.397-0300] {process_utils.py:191} INFO - Collecting pytz>=2020.1 (from pandas->-r /tmp/venvsdo7ngez/requirements.txt (line 3))
[2024-10-07T22:42:08.398-0300] {process_utils.py:191} INFO -   Using cached pytz-2024.2-py2.py3-none-any.whl.metadata (22 kB)
[2024-10-07T22:42:08.434-0300] {process_utils.py:191} INFO - Collecting tzdata>=2022.7 (from pandas->-r /tmp/venvsdo7ngez/requirements.txt (line 3))
[2024-10-07T22:42:08.437-0300] {process_utils.py:191} INFO -   Using cached tzdata-2024.2-py2.py3-none-any.whl.metadata (1.4 kB)
[2024-10-07T22:42:08.595-0300] {process_utils.py:191} INFO - Collecting scipy>=1.6.0 (from scikit-learn->-r /tmp/venvsdo7ngez/requirements.txt (line 4))
[2024-10-07T22:42:08.599-0300] {process_utils.py:191} INFO -   Using cached scipy-1.14.1-cp312-cp312-manylinux_2_17_x86_64.manylinux2014_x86_64.whl.metadata (60 kB)
[2024-10-07T22:42:08.680-0300] {process_utils.py:191} INFO - Collecting threadpoolctl>=3.1.0 (from scikit-learn->-r /tmp/venvsdo7ngez/requirements.txt (line 4))
[2024-10-07T22:42:08.683-0300] {process_utils.py:191} INFO -   Using cached threadpoolctl-3.5.0-py3-none-any.whl.metadata (13 kB)
[2024-10-07T22:42:08.730-0300] {process_utils.py:191} INFO - Collecting six>=1.5 (from python-dateutil>=2.8.2->pandas->-r /tmp/venvsdo7ngez/requirements.txt (line 3))
[2024-10-07T22:42:08.733-0300] {process_utils.py:191} INFO -   Using cached six-1.16.0-py2.py3-none-any.whl.metadata (1.8 kB)
[2024-10-07T22:42:08.766-0300] {process_utils.py:191} INFO - Using cached joblib-1.4.2-py3-none-any.whl (301 kB)
[2024-10-07T22:42:08.773-0300] {process_utils.py:191} INFO - Using cached numpy-2.1.2-cp312-cp312-manylinux_2_17_x86_64.manylinux2014_x86_64.whl (16.0 MB)
[2024-10-07T22:42:08.883-0300] {process_utils.py:191} INFO - Using cached pandas-2.2.3-cp312-cp312-manylinux_2_17_x86_64.manylinux2014_x86_64.whl (12.7 MB)
[2024-10-07T22:42:08.939-0300] {process_utils.py:191} INFO - Using cached scikit_learn-1.5.2-cp312-cp312-manylinux_2_17_x86_64.manylinux2014_x86_64.whl (12.9 MB)
[2024-10-07T22:42:08.984-0300] {process_utils.py:191} INFO - Using cached python_dateutil-2.9.0.post0-py2.py3-none-any.whl (229 kB)
[2024-10-07T22:42:08.990-0300] {process_utils.py:191} INFO - Using cached pytz-2024.2-py2.py3-none-any.whl (508 kB)
[2024-10-07T22:42:08.997-0300] {process_utils.py:191} INFO - Using cached scipy-1.14.1-cp312-cp312-manylinux_2_17_x86_64.manylinux2014_x86_64.whl (40.8 MB)
[2024-10-07T22:42:09.152-0300] {process_utils.py:191} INFO - Using cached threadpoolctl-3.5.0-py3-none-any.whl (18 kB)
[2024-10-07T22:42:09.158-0300] {process_utils.py:191} INFO - Using cached tzdata-2024.2-py2.py3-none-any.whl (346 kB)
[2024-10-07T22:42:09.165-0300] {process_utils.py:191} INFO - Using cached six-1.16.0-py2.py3-none-any.whl (11 kB)
[2024-10-07T22:42:09.488-0300] {process_utils.py:191} INFO - Installing collected packages: pytz, tzdata, threadpoolctl, six, numpy, joblib, scipy, python-dateutil, scikit-learn, pandas
[2024-10-07T22:42:33.178-0300] {process_utils.py:191} INFO - Successfully installed joblib-1.4.2 numpy-2.1.2 pandas-2.2.3 python-dateutil-2.9.0.post0 pytz-2024.2 scikit-learn-1.5.2 scipy-1.14.1 six-1.16.0 threadpoolctl-3.5.0 tzdata-2024.2
[2024-10-07T22:42:33.741-0300] {process_utils.py:183} INFO - Executing cmd: /tmp/venvsdo7ngez/bin/python /tmp/venv-callbiocb25_/script.py /tmp/venv-callbiocb25_/script.in /tmp/venv-callbiocb25_/script.out /tmp/venv-callbiocb25_/string_args.txt /tmp/venv-callbiocb25_/termination.log
[2024-10-07T22:42:33.742-0300] {process_utils.py:187} INFO - Output:
[2024-10-07T22:42:35.326-0300] {process_utils.py:191} INFO - Datos Preprocesados
[2024-10-07T22:42:36.627-0300] {python.py:237} INFO - Done. Returned value was:    color_black  color_silver  color_white  ...     running  status  year
0          1.0           0.0          0.0  ...   24000.000       3  2020
1          0.0           0.0          1.0  ...  136794.240       3  2017
2          0.0           0.0          1.0  ...   48280.320       3  2021
3          0.0           1.0          0.0  ...   85295.232       3  2018
4          0.0           0.0          1.0  ...  226112.832       3  2013
5          0.0           0.0          0.0  ...  230000.000       3  1997

[6 rows x 10 columns]
[2024-10-07T22:42:36.647-0300] {taskinstance.py:441} INFO - ::group::Post task execution logs
[2024-10-07T22:42:36.696-0300] {taskinstance.py:1206} INFO - Marking task as SUCCESS. dag_id=preprocess_predict, task_id=preprocess, run_id=manual__2024-10-08T01:41:57.738653+00:00, execution_date=20241008T014157, start_date=20241008T014159, end_date=20241008T014236
[2024-10-07T22:42:36.728-0300] {local_task_job_runner.py:240} INFO - Task exited with return code 0
[2024-10-07T22:42:36.750-0300] {taskinstance.py:3498} INFO - 1 downstream tasks scheduled from follow-on schedule check
[2024-10-07T22:42:36.754-0300] {local_task_job_runner.py:222} INFO - ::endgroup::
