[2024-10-08T09:21:59.581-0300] {local_task_job_runner.py:120} INFO - ::group::Pre task execution logs
[2024-10-08T09:21:59.622-0300] {taskinstance.py:2076} INFO - Dependencies all met for dep_context=non-requeueable deps ti=<TaskInstance: preprocess_predict.preprocess manual__2024-10-08T12:21:57.681416+00:00 [queued]>
[2024-10-08T09:21:59.639-0300] {taskinstance.py:2076} INFO - Dependencies all met for dep_context=requeueable deps ti=<TaskInstance: preprocess_predict.preprocess manual__2024-10-08T12:21:57.681416+00:00 [queued]>
[2024-10-08T09:21:59.641-0300] {taskinstance.py:2306} INFO - Starting attempt 1 of 1
[2024-10-08T09:21:59.666-0300] {taskinstance.py:2330} INFO - Executing <Task(_PythonVirtualenvDecoratedOperator): preprocess> on 2024-10-08 12:21:57.681416+00:00
[2024-10-08T09:21:59.677-0300] {warnings.py:110} WARNING - /home/***/.local/lib/python3.12/site-packages/***/task/task_runner/standard_task_runner.py:61: DeprecationWarning: This process (pid=144) is multi-threaded, use of fork() may lead to deadlocks in the child.
  pid = os.fork()

[2024-10-08T09:21:59.678-0300] {standard_task_runner.py:90} INFO - Running: ['***', 'tasks', 'run', 'preprocess_predict', 'preprocess', 'manual__2024-10-08T12:21:57.681416+00:00', '--job-id', '137', '--raw', '--subdir', 'DAGS_FOLDER/Predict/preprocess_predict.py', '--cfg-path', '/tmp/tmpkl101giu']
[2024-10-08T09:21:59.679-0300] {standard_task_runner.py:63} INFO - Started process 145 to run task
[2024-10-08T09:21:59.680-0300] {standard_task_runner.py:91} INFO - Job 137: Subtask preprocess
[2024-10-08T09:21:59.752-0300] {task_command.py:426} INFO - Running <TaskInstance: preprocess_predict.preprocess manual__2024-10-08T12:21:57.681416+00:00 [running]> on host 4a07270c49a4
[2024-10-08T09:21:59.920-0300] {taskinstance.py:2648} INFO - Exporting env vars: AIRFLOW_CTX_DAG_OWNER='***' AIRFLOW_CTX_DAG_ID='preprocess_predict' AIRFLOW_CTX_TASK_ID='preprocess' AIRFLOW_CTX_EXECUTION_DATE='2024-10-08T12:21:57.681416+00:00' AIRFLOW_CTX_TRY_NUMBER='1' AIRFLOW_CTX_DAG_RUN_ID='manual__2024-10-08T12:21:57.681416+00:00'
[2024-10-08T09:21:59.922-0300] {taskinstance.py:430} INFO - ::endgroup::
[2024-10-08T09:21:59.925-0300] {process_utils.py:183} INFO - Executing cmd: /home/***/.local/bin/python -m virtualenv /tmp/venvlgq7018r --python=python
[2024-10-08T09:21:59.927-0300] {process_utils.py:187} INFO - Output:
[2024-10-08T09:22:01.164-0300] {process_utils.py:191} INFO - created virtual environment CPython3.12.3.final.0-64 in 390ms
[2024-10-08T09:22:01.166-0300] {process_utils.py:191} INFO -   creator CPython3Posix(dest=/tmp/venvlgq7018r, clear=False, no_vcs_ignore=False, global=False)
[2024-10-08T09:22:01.168-0300] {process_utils.py:191} INFO -   seeder FromAppData(download=False, pip=bundle, via=copy, app_data_dir=/home/***/.local/share/virtualenv)
[2024-10-08T09:22:01.169-0300] {process_utils.py:191} INFO -     added seed packages: pip==24.2
[2024-10-08T09:22:01.171-0300] {process_utils.py:191} INFO -   activators BashActivator,CShellActivator,FishActivator,NushellActivator,PowerShellActivator,PythonActivator
[2024-10-08T09:22:01.209-0300] {process_utils.py:183} INFO - Executing cmd: /tmp/venvlgq7018r/bin/pip install -r /tmp/venvlgq7018r/requirements.txt
[2024-10-08T09:22:01.212-0300] {process_utils.py:187} INFO - Output:
[2024-10-08T09:22:03.726-0300] {process_utils.py:191} INFO - Collecting joblib (from -r /tmp/venvlgq7018r/requirements.txt (line 1))
[2024-10-08T09:22:03.730-0300] {process_utils.py:191} INFO -   Using cached joblib-1.4.2-py3-none-any.whl.metadata (5.4 kB)
[2024-10-08T09:22:04.008-0300] {process_utils.py:191} INFO - Collecting numpy (from -r /tmp/venvlgq7018r/requirements.txt (line 2))
[2024-10-08T09:22:04.010-0300] {process_utils.py:191} INFO -   Using cached numpy-2.1.2-cp312-cp312-manylinux_2_17_x86_64.manylinux2014_x86_64.whl.metadata (60 kB)
[2024-10-08T09:22:04.236-0300] {process_utils.py:191} INFO - Collecting pandas (from -r /tmp/venvlgq7018r/requirements.txt (line 3))
[2024-10-08T09:22:04.239-0300] {process_utils.py:191} INFO -   Using cached pandas-2.2.3-cp312-cp312-manylinux_2_17_x86_64.manylinux2014_x86_64.whl.metadata (89 kB)
[2024-10-08T09:22:04.405-0300] {process_utils.py:191} INFO - Collecting scikit-learn (from -r /tmp/venvlgq7018r/requirements.txt (line 4))
[2024-10-08T09:22:04.407-0300] {process_utils.py:191} INFO -   Using cached scikit_learn-1.5.2-cp312-cp312-manylinux_2_17_x86_64.manylinux2014_x86_64.whl.metadata (13 kB)
[2024-10-08T09:22:04.465-0300] {process_utils.py:191} INFO - Collecting python-dateutil>=2.8.2 (from pandas->-r /tmp/venvlgq7018r/requirements.txt (line 3))
[2024-10-08T09:22:04.466-0300] {process_utils.py:191} INFO -   Using cached python_dateutil-2.9.0.post0-py2.py3-none-any.whl.metadata (8.4 kB)
[2024-10-08T09:22:04.533-0300] {process_utils.py:191} INFO - Collecting pytz>=2020.1 (from pandas->-r /tmp/venvlgq7018r/requirements.txt (line 3))
[2024-10-08T09:22:04.534-0300] {process_utils.py:191} INFO -   Using cached pytz-2024.2-py2.py3-none-any.whl.metadata (22 kB)
[2024-10-08T09:22:04.564-0300] {process_utils.py:191} INFO - Collecting tzdata>=2022.7 (from pandas->-r /tmp/venvlgq7018r/requirements.txt (line 3))
[2024-10-08T09:22:04.566-0300] {process_utils.py:191} INFO -   Using cached tzdata-2024.2-py2.py3-none-any.whl.metadata (1.4 kB)
[2024-10-08T09:22:04.754-0300] {process_utils.py:191} INFO - Collecting scipy>=1.6.0 (from scikit-learn->-r /tmp/venvlgq7018r/requirements.txt (line 4))
[2024-10-08T09:22:04.756-0300] {process_utils.py:191} INFO -   Using cached scipy-1.14.1-cp312-cp312-manylinux_2_17_x86_64.manylinux2014_x86_64.whl.metadata (60 kB)
[2024-10-08T09:22:04.805-0300] {process_utils.py:191} INFO - Collecting threadpoolctl>=3.1.0 (from scikit-learn->-r /tmp/venvlgq7018r/requirements.txt (line 4))
[2024-10-08T09:22:04.808-0300] {process_utils.py:191} INFO -   Using cached threadpoolctl-3.5.0-py3-none-any.whl.metadata (13 kB)
[2024-10-08T09:22:04.834-0300] {process_utils.py:191} INFO - Collecting six>=1.5 (from python-dateutil>=2.8.2->pandas->-r /tmp/venvlgq7018r/requirements.txt (line 3))
[2024-10-08T09:22:04.836-0300] {process_utils.py:191} INFO -   Using cached six-1.16.0-py2.py3-none-any.whl.metadata (1.8 kB)
[2024-10-08T09:22:04.851-0300] {process_utils.py:191} INFO - Using cached joblib-1.4.2-py3-none-any.whl (301 kB)
[2024-10-08T09:22:04.853-0300] {process_utils.py:191} INFO - Using cached numpy-2.1.2-cp312-cp312-manylinux_2_17_x86_64.manylinux2014_x86_64.whl (16.0 MB)
[2024-10-08T09:22:04.871-0300] {process_utils.py:191} INFO - Using cached pandas-2.2.3-cp312-cp312-manylinux_2_17_x86_64.manylinux2014_x86_64.whl (12.7 MB)
[2024-10-08T09:22:04.885-0300] {process_utils.py:191} INFO - Using cached scikit_learn-1.5.2-cp312-cp312-manylinux_2_17_x86_64.manylinux2014_x86_64.whl (12.9 MB)
[2024-10-08T09:22:04.901-0300] {process_utils.py:191} INFO - Using cached python_dateutil-2.9.0.post0-py2.py3-none-any.whl (229 kB)
[2024-10-08T09:22:04.903-0300] {process_utils.py:191} INFO - Using cached pytz-2024.2-py2.py3-none-any.whl (508 kB)
[2024-10-08T09:22:04.905-0300] {process_utils.py:191} INFO - Using cached scipy-1.14.1-cp312-cp312-manylinux_2_17_x86_64.manylinux2014_x86_64.whl (40.8 MB)
[2024-10-08T09:22:04.943-0300] {process_utils.py:191} INFO - Using cached threadpoolctl-3.5.0-py3-none-any.whl (18 kB)
[2024-10-08T09:22:04.944-0300] {process_utils.py:191} INFO - Using cached tzdata-2024.2-py2.py3-none-any.whl (346 kB)
[2024-10-08T09:22:04.946-0300] {process_utils.py:191} INFO - Using cached six-1.16.0-py2.py3-none-any.whl (11 kB)
[2024-10-08T09:22:05.149-0300] {process_utils.py:191} INFO - Installing collected packages: pytz, tzdata, threadpoolctl, six, numpy, joblib, scipy, python-dateutil, scikit-learn, pandas
[2024-10-08T09:22:19.660-0300] {process_utils.py:191} INFO - Successfully installed joblib-1.4.2 numpy-2.1.2 pandas-2.2.3 python-dateutil-2.9.0.post0 pytz-2024.2 scikit-learn-1.5.2 scipy-1.14.1 six-1.16.0 threadpoolctl-3.5.0 tzdata-2024.2
[2024-10-08T09:22:20.083-0300] {process_utils.py:183} INFO - Executing cmd: /tmp/venvlgq7018r/bin/python /tmp/venv-call2ln670k9/script.py /tmp/venv-call2ln670k9/script.in /tmp/venv-call2ln670k9/script.out /tmp/venv-call2ln670k9/string_args.txt /tmp/venv-call2ln670k9/termination.log
[2024-10-08T09:22:20.084-0300] {process_utils.py:187} INFO - Output:
[2024-10-08T09:22:21.483-0300] {process_utils.py:191} INFO - Datos Preprocesados
[2024-10-08T09:22:21.926-0300] {python.py:237} INFO - Done. Returned value was: /opt/***/dags/data/output/X_test_preprocess.csv
[2024-10-08T09:22:21.928-0300] {taskinstance.py:441} INFO - ::group::Post task execution logs
[2024-10-08T09:22:21.970-0300] {taskinstance.py:1206} INFO - Marking task as SUCCESS. dag_id=preprocess_predict, task_id=preprocess, run_id=manual__2024-10-08T12:21:57.681416+00:00, execution_date=20241008T122157, start_date=20241008T122159, end_date=20241008T122221
[2024-10-08T09:22:22.012-0300] {local_task_job_runner.py:240} INFO - Task exited with return code 0
[2024-10-08T09:22:22.034-0300] {taskinstance.py:3498} INFO - 1 downstream tasks scheduled from follow-on schedule check
[2024-10-08T09:22:22.037-0300] {local_task_job_runner.py:222} INFO - ::endgroup::
