[2024-10-08T09:30:20.792-0300] {local_task_job_runner.py:120} INFO - ::group::Pre task execution logs
[2024-10-08T09:30:20.829-0300] {taskinstance.py:2076} INFO - Dependencies all met for dep_context=non-requeueable deps ti=<TaskInstance: training.trainingmodel manual__2024-10-08T12:30:18.740839+00:00 [queued]>
[2024-10-08T09:30:20.850-0300] {taskinstance.py:2076} INFO - Dependencies all met for dep_context=requeueable deps ti=<TaskInstance: training.trainingmodel manual__2024-10-08T12:30:18.740839+00:00 [queued]>
[2024-10-08T09:30:20.853-0300] {taskinstance.py:2306} INFO - Starting attempt 1 of 1
[2024-10-08T09:30:20.879-0300] {taskinstance.py:2330} INFO - Executing <Task(_PythonVirtualenvDecoratedOperator): trainingmodel> on 2024-10-08 12:30:18.740839+00:00
[2024-10-08T09:30:20.887-0300] {warnings.py:110} WARNING - /home/***/.local/lib/python3.12/site-packages/***/task/task_runner/standard_task_runner.py:61: DeprecationWarning: This process (pid=349) is multi-threaded, use of fork() may lead to deadlocks in the child.
  pid = os.fork()

[2024-10-08T09:30:20.890-0300] {standard_task_runner.py:63} INFO - Started process 350 to run task
[2024-10-08T09:30:20.890-0300] {standard_task_runner.py:90} INFO - Running: ['***', 'tasks', 'run', 'training', 'trainingmodel', 'manual__2024-10-08T12:30:18.740839+00:00', '--job-id', '139', '--raw', '--subdir', 'DAGS_FOLDER/Train/train_dag.py', '--cfg-path', '/tmp/tmp27fd9ld5']
[2024-10-08T09:30:20.893-0300] {standard_task_runner.py:91} INFO - Job 139: Subtask trainingmodel
[2024-10-08T09:30:20.964-0300] {task_command.py:426} INFO - Running <TaskInstance: training.trainingmodel manual__2024-10-08T12:30:18.740839+00:00 [running]> on host 4a07270c49a4
[2024-10-08T09:30:21.110-0300] {taskinstance.py:2648} INFO - Exporting env vars: AIRFLOW_CTX_DAG_OWNER='***' AIRFLOW_CTX_DAG_ID='training' AIRFLOW_CTX_TASK_ID='trainingmodel' AIRFLOW_CTX_EXECUTION_DATE='2024-10-08T12:30:18.740839+00:00' AIRFLOW_CTX_TRY_NUMBER='1' AIRFLOW_CTX_DAG_RUN_ID='manual__2024-10-08T12:30:18.740839+00:00'
[2024-10-08T09:30:21.112-0300] {taskinstance.py:430} INFO - ::endgroup::
[2024-10-08T09:30:21.115-0300] {process_utils.py:183} INFO - Executing cmd: /home/***/.local/bin/python -m virtualenv /tmp/venvt0lafe06 --python=python
[2024-10-08T09:30:21.117-0300] {process_utils.py:187} INFO - Output:
[2024-10-08T09:30:22.264-0300] {process_utils.py:191} INFO - created virtual environment CPython3.12.3.final.0-64 in 358ms
[2024-10-08T09:30:22.266-0300] {process_utils.py:191} INFO -   creator CPython3Posix(dest=/tmp/venvt0lafe06, clear=False, no_vcs_ignore=False, global=False)
[2024-10-08T09:30:22.267-0300] {process_utils.py:191} INFO -   seeder FromAppData(download=False, pip=bundle, via=copy, app_data_dir=/home/***/.local/share/virtualenv)
[2024-10-08T09:30:22.269-0300] {process_utils.py:191} INFO -     added seed packages: pip==24.2
[2024-10-08T09:30:22.270-0300] {process_utils.py:191} INFO -   activators BashActivator,CShellActivator,FishActivator,NushellActivator,PowerShellActivator,PythonActivator
[2024-10-08T09:30:22.309-0300] {process_utils.py:183} INFO - Executing cmd: /tmp/venvt0lafe06/bin/pip install -r /tmp/venvt0lafe06/requirements.txt
[2024-10-08T09:30:22.312-0300] {process_utils.py:187} INFO - Output:
[2024-10-08T09:30:24.911-0300] {process_utils.py:191} INFO - Collecting joblib (from -r /tmp/venvt0lafe06/requirements.txt (line 1))
[2024-10-08T09:30:24.914-0300] {process_utils.py:191} INFO -   Using cached joblib-1.4.2-py3-none-any.whl.metadata (5.4 kB)
[2024-10-08T09:30:25.335-0300] {process_utils.py:191} INFO - Collecting numpy (from -r /tmp/venvt0lafe06/requirements.txt (line 2))
[2024-10-08T09:30:25.338-0300] {process_utils.py:191} INFO -   Using cached numpy-2.1.2-cp312-cp312-manylinux_2_17_x86_64.manylinux2014_x86_64.whl.metadata (60 kB)
[2024-10-08T09:30:25.699-0300] {process_utils.py:191} INFO - Collecting pandas (from -r /tmp/venvt0lafe06/requirements.txt (line 3))
[2024-10-08T09:30:25.701-0300] {process_utils.py:191} INFO -   Using cached pandas-2.2.3-cp312-cp312-manylinux_2_17_x86_64.manylinux2014_x86_64.whl.metadata (89 kB)
[2024-10-08T09:30:26.032-0300] {process_utils.py:191} INFO - Collecting scikit-learn (from -r /tmp/venvt0lafe06/requirements.txt (line 4))
[2024-10-08T09:30:26.035-0300] {process_utils.py:191} INFO -   Using cached scikit_learn-1.5.2-cp312-cp312-manylinux_2_17_x86_64.manylinux2014_x86_64.whl.metadata (13 kB)
[2024-10-08T09:30:26.137-0300] {process_utils.py:191} INFO - Collecting python-dateutil>=2.8.2 (from pandas->-r /tmp/venvt0lafe06/requirements.txt (line 3))
[2024-10-08T09:30:26.140-0300] {process_utils.py:191} INFO -   Using cached python_dateutil-2.9.0.post0-py2.py3-none-any.whl.metadata (8.4 kB)
[2024-10-08T09:30:26.260-0300] {process_utils.py:191} INFO - Collecting pytz>=2020.1 (from pandas->-r /tmp/venvt0lafe06/requirements.txt (line 3))
[2024-10-08T09:30:26.263-0300] {process_utils.py:191} INFO -   Using cached pytz-2024.2-py2.py3-none-any.whl.metadata (22 kB)
[2024-10-08T09:30:26.311-0300] {process_utils.py:191} INFO - Collecting tzdata>=2022.7 (from pandas->-r /tmp/venvt0lafe06/requirements.txt (line 3))
[2024-10-08T09:30:26.313-0300] {process_utils.py:191} INFO -   Using cached tzdata-2024.2-py2.py3-none-any.whl.metadata (1.4 kB)
[2024-10-08T09:30:26.586-0300] {process_utils.py:191} INFO - Collecting scipy>=1.6.0 (from scikit-learn->-r /tmp/venvt0lafe06/requirements.txt (line 4))
[2024-10-08T09:30:26.589-0300] {process_utils.py:191} INFO -   Using cached scipy-1.14.1-cp312-cp312-manylinux_2_17_x86_64.manylinux2014_x86_64.whl.metadata (60 kB)
[2024-10-08T09:30:26.685-0300] {process_utils.py:191} INFO - Collecting threadpoolctl>=3.1.0 (from scikit-learn->-r /tmp/venvt0lafe06/requirements.txt (line 4))
[2024-10-08T09:30:26.688-0300] {process_utils.py:191} INFO -   Using cached threadpoolctl-3.5.0-py3-none-any.whl.metadata (13 kB)
[2024-10-08T09:30:26.740-0300] {process_utils.py:191} INFO - Collecting six>=1.5 (from python-dateutil>=2.8.2->pandas->-r /tmp/venvt0lafe06/requirements.txt (line 3))
[2024-10-08T09:30:26.744-0300] {process_utils.py:191} INFO -   Using cached six-1.16.0-py2.py3-none-any.whl.metadata (1.8 kB)
[2024-10-08T09:30:26.775-0300] {process_utils.py:191} INFO - Using cached joblib-1.4.2-py3-none-any.whl (301 kB)
[2024-10-08T09:30:26.778-0300] {process_utils.py:191} INFO - Using cached numpy-2.1.2-cp312-cp312-manylinux_2_17_x86_64.manylinux2014_x86_64.whl (16.0 MB)
[2024-10-08T09:30:26.804-0300] {process_utils.py:191} INFO - Using cached pandas-2.2.3-cp312-cp312-manylinux_2_17_x86_64.manylinux2014_x86_64.whl (12.7 MB)
[2024-10-08T09:30:26.831-0300] {process_utils.py:191} INFO - Using cached scikit_learn-1.5.2-cp312-cp312-manylinux_2_17_x86_64.manylinux2014_x86_64.whl (12.9 MB)
[2024-10-08T09:30:26.854-0300] {process_utils.py:191} INFO - Using cached python_dateutil-2.9.0.post0-py2.py3-none-any.whl (229 kB)
[2024-10-08T09:30:26.859-0300] {process_utils.py:191} INFO - Using cached pytz-2024.2-py2.py3-none-any.whl (508 kB)
[2024-10-08T09:30:26.862-0300] {process_utils.py:191} INFO - Using cached scipy-1.14.1-cp312-cp312-manylinux_2_17_x86_64.manylinux2014_x86_64.whl (40.8 MB)
[2024-10-08T09:30:26.929-0300] {process_utils.py:191} INFO - Using cached threadpoolctl-3.5.0-py3-none-any.whl (18 kB)
[2024-10-08T09:30:26.931-0300] {process_utils.py:191} INFO - Using cached tzdata-2024.2-py2.py3-none-any.whl (346 kB)
[2024-10-08T09:30:26.934-0300] {process_utils.py:191} INFO - Using cached six-1.16.0-py2.py3-none-any.whl (11 kB)
[2024-10-08T09:30:27.283-0300] {process_utils.py:191} INFO - Installing collected packages: pytz, tzdata, threadpoolctl, six, numpy, joblib, scipy, python-dateutil, scikit-learn, pandas
[2024-10-08T09:30:52.803-0300] {process_utils.py:191} INFO - Successfully installed joblib-1.4.2 numpy-2.1.2 pandas-2.2.3 python-dateutil-2.9.0.post0 pytz-2024.2 scikit-learn-1.5.2 scipy-1.14.1 six-1.16.0 threadpoolctl-3.5.0 tzdata-2024.2
[2024-10-08T09:30:53.447-0300] {process_utils.py:183} INFO - Executing cmd: /tmp/venvt0lafe06/bin/python /tmp/venv-callormhua8x/script.py /tmp/venv-callormhua8x/script.in /tmp/venv-callormhua8x/script.out /tmp/venv-callormhua8x/string_args.txt /tmp/venv-callormhua8x/termination.log
[2024-10-08T09:30:53.448-0300] {process_utils.py:187} INFO - Output:
[2024-10-08T09:30:57.317-0300] {process_utils.py:191} INFO - Modelo Entrenado y Guardado
[2024-10-08T09:30:58.054-0300] {python.py:237} INFO - Done. Returned value was: None
[2024-10-08T09:30:58.055-0300] {taskinstance.py:441} INFO - ::group::Post task execution logs
[2024-10-08T09:30:58.071-0300] {taskinstance.py:1206} INFO - Marking task as SUCCESS. dag_id=training, task_id=trainingmodel, run_id=manual__2024-10-08T12:30:18.740839+00:00, execution_date=20241008T123018, start_date=20241008T123020, end_date=20241008T123058
[2024-10-08T09:30:58.138-0300] {local_task_job_runner.py:240} INFO - Task exited with return code 0
[2024-10-08T09:30:58.161-0300] {taskinstance.py:3498} INFO - 0 downstream tasks scheduled from follow-on schedule check
[2024-10-08T09:30:58.165-0300] {local_task_job_runner.py:222} INFO - ::endgroup::
