[2024-10-06T21:10:31.728-0300] {processor.py:161} INFO - Started process (PID=39) to work on /opt/airflow/dags/Train/train_dag.py
[2024-10-06T21:10:31.739-0300] {processor.py:830} INFO - Processing file /opt/airflow/dags/Train/train_dag.py for tasks to queue
[2024-10-06T21:10:31.756-0300] {logging_mixin.py:188} INFO - [2024-10-06T21:10:31.753-0300] {dagbag.py:545} INFO - Filling up the DagBag from /opt/airflow/dags/Train/train_dag.py
[2024-10-06T21:10:31.948-0300] {processor.py:840} INFO - DAG(s) 'training' retrieved from /opt/airflow/dags/Train/train_dag.py
[2024-10-06T21:10:32.522-0300] {logging_mixin.py:188} INFO - [2024-10-06T21:10:32.521-0300] {override.py:1829} INFO - Created Permission View: can edit on DAG:training
[2024-10-06T21:10:32.547-0300] {logging_mixin.py:188} INFO - [2024-10-06T21:10:32.546-0300] {override.py:1829} INFO - Created Permission View: can delete on DAG:training
[2024-10-06T21:10:32.562-0300] {logging_mixin.py:188} INFO - [2024-10-06T21:10:32.561-0300] {override.py:1829} INFO - Created Permission View: can read on DAG:training
[2024-10-06T21:10:32.563-0300] {logging_mixin.py:188} INFO - [2024-10-06T21:10:32.563-0300] {dag.py:3096} INFO - Sync 1 DAGs
[2024-10-06T21:10:32.594-0300] {logging_mixin.py:188} INFO - [2024-10-06T21:10:32.594-0300] {dag.py:3118} INFO - Creating ORM DAG for training
[2024-10-06T21:10:32.598-0300] {logging_mixin.py:188} INFO - [2024-10-06T21:10:32.597-0300] {dag.py:3954} INFO - Setting next_dagrun for training to None, run_after=None
[2024-10-06T21:10:32.639-0300] {processor.py:183} INFO - Processing /opt/airflow/dags/Train/train_dag.py took 0.960 seconds
[2024-10-06T21:11:03.420-0300] {processor.py:161} INFO - Started process (PID=50) to work on /opt/airflow/dags/Train/train_dag.py
[2024-10-06T21:11:03.421-0300] {processor.py:830} INFO - Processing file /opt/airflow/dags/Train/train_dag.py for tasks to queue
[2024-10-06T21:11:03.423-0300] {logging_mixin.py:188} INFO - [2024-10-06T21:11:03.423-0300] {dagbag.py:545} INFO - Filling up the DagBag from /opt/airflow/dags/Train/train_dag.py
[2024-10-06T21:11:03.480-0300] {processor.py:840} INFO - DAG(s) 'training' retrieved from /opt/airflow/dags/Train/train_dag.py
[2024-10-06T21:11:03.531-0300] {logging_mixin.py:188} INFO - [2024-10-06T21:11:03.530-0300] {dag.py:3096} INFO - Sync 1 DAGs
[2024-10-06T21:11:03.552-0300] {logging_mixin.py:188} INFO - [2024-10-06T21:11:03.552-0300] {dag.py:3954} INFO - Setting next_dagrun for training to None, run_after=None
[2024-10-06T21:11:03.580-0300] {processor.py:183} INFO - Processing /opt/airflow/dags/Train/train_dag.py took 0.166 seconds
[2024-10-06T21:11:34.286-0300] {processor.py:161} INFO - Started process (PID=60) to work on /opt/airflow/dags/Train/train_dag.py
[2024-10-06T21:11:34.290-0300] {processor.py:830} INFO - Processing file /opt/airflow/dags/Train/train_dag.py for tasks to queue
[2024-10-06T21:11:34.294-0300] {logging_mixin.py:188} INFO - [2024-10-06T21:11:34.294-0300] {dagbag.py:545} INFO - Filling up the DagBag from /opt/airflow/dags/Train/train_dag.py
[2024-10-06T21:11:34.450-0300] {processor.py:840} INFO - DAG(s) 'training' retrieved from /opt/airflow/dags/Train/train_dag.py
[2024-10-06T21:11:34.542-0300] {logging_mixin.py:188} INFO - [2024-10-06T21:11:34.541-0300] {dag.py:3096} INFO - Sync 1 DAGs
[2024-10-06T21:11:34.626-0300] {logging_mixin.py:188} INFO - [2024-10-06T21:11:34.625-0300] {dag.py:3954} INFO - Setting next_dagrun for training to None, run_after=None
[2024-10-06T21:11:34.660-0300] {processor.py:183} INFO - Processing /opt/airflow/dags/Train/train_dag.py took 0.417 seconds
[2024-10-06T21:12:05.101-0300] {processor.py:161} INFO - Started process (PID=70) to work on /opt/airflow/dags/Train/train_dag.py
[2024-10-06T21:12:05.103-0300] {processor.py:830} INFO - Processing file /opt/airflow/dags/Train/train_dag.py for tasks to queue
[2024-10-06T21:12:05.105-0300] {logging_mixin.py:188} INFO - [2024-10-06T21:12:05.104-0300] {dagbag.py:545} INFO - Filling up the DagBag from /opt/airflow/dags/Train/train_dag.py
[2024-10-06T21:12:05.161-0300] {processor.py:840} INFO - DAG(s) 'training' retrieved from /opt/airflow/dags/Train/train_dag.py
[2024-10-06T21:12:05.193-0300] {logging_mixin.py:188} INFO - [2024-10-06T21:12:05.193-0300] {dag.py:3096} INFO - Sync 1 DAGs
[2024-10-06T21:12:05.207-0300] {logging_mixin.py:188} INFO - [2024-10-06T21:12:05.206-0300] {dag.py:3954} INFO - Setting next_dagrun for training to None, run_after=None
[2024-10-06T21:12:05.236-0300] {processor.py:183} INFO - Processing /opt/airflow/dags/Train/train_dag.py took 0.142 seconds
[2024-10-06T21:12:35.749-0300] {processor.py:161} INFO - Started process (PID=80) to work on /opt/airflow/dags/Train/train_dag.py
[2024-10-06T21:12:35.750-0300] {processor.py:830} INFO - Processing file /opt/airflow/dags/Train/train_dag.py for tasks to queue
[2024-10-06T21:12:35.752-0300] {logging_mixin.py:188} INFO - [2024-10-06T21:12:35.751-0300] {dagbag.py:545} INFO - Filling up the DagBag from /opt/airflow/dags/Train/train_dag.py
[2024-10-06T21:12:35.796-0300] {processor.py:840} INFO - DAG(s) 'training' retrieved from /opt/airflow/dags/Train/train_dag.py
[2024-10-06T21:12:35.822-0300] {logging_mixin.py:188} INFO - [2024-10-06T21:12:35.822-0300] {dag.py:3096} INFO - Sync 1 DAGs
[2024-10-06T21:12:35.835-0300] {logging_mixin.py:188} INFO - [2024-10-06T21:12:35.835-0300] {dag.py:3954} INFO - Setting next_dagrun for training to None, run_after=None
[2024-10-06T21:12:35.867-0300] {processor.py:183} INFO - Processing /opt/airflow/dags/Train/train_dag.py took 0.124 seconds
[2024-10-06T21:13:06.359-0300] {processor.py:161} INFO - Started process (PID=90) to work on /opt/airflow/dags/Train/train_dag.py
[2024-10-06T21:13:06.362-0300] {processor.py:830} INFO - Processing file /opt/airflow/dags/Train/train_dag.py for tasks to queue
[2024-10-06T21:13:06.366-0300] {logging_mixin.py:188} INFO - [2024-10-06T21:13:06.365-0300] {dagbag.py:545} INFO - Filling up the DagBag from /opt/airflow/dags/Train/train_dag.py
[2024-10-06T21:13:06.431-0300] {processor.py:840} INFO - DAG(s) 'training' retrieved from /opt/airflow/dags/Train/train_dag.py
[2024-10-06T21:13:06.470-0300] {logging_mixin.py:188} INFO - [2024-10-06T21:13:06.470-0300] {dag.py:3096} INFO - Sync 1 DAGs
[2024-10-06T21:13:06.488-0300] {logging_mixin.py:188} INFO - [2024-10-06T21:13:06.488-0300] {dag.py:3954} INFO - Setting next_dagrun for training to None, run_after=None
[2024-10-06T21:13:06.520-0300] {processor.py:183} INFO - Processing /opt/airflow/dags/Train/train_dag.py took 0.170 seconds
[2024-10-06T21:13:37.190-0300] {processor.py:161} INFO - Started process (PID=100) to work on /opt/airflow/dags/Train/train_dag.py
[2024-10-06T21:13:37.191-0300] {processor.py:830} INFO - Processing file /opt/airflow/dags/Train/train_dag.py for tasks to queue
[2024-10-06T21:13:37.194-0300] {logging_mixin.py:188} INFO - [2024-10-06T21:13:37.193-0300] {dagbag.py:545} INFO - Filling up the DagBag from /opt/airflow/dags/Train/train_dag.py
[2024-10-06T21:13:37.251-0300] {processor.py:840} INFO - DAG(s) 'training' retrieved from /opt/airflow/dags/Train/train_dag.py
[2024-10-06T21:13:37.284-0300] {logging_mixin.py:188} INFO - [2024-10-06T21:13:37.283-0300] {dag.py:3096} INFO - Sync 1 DAGs
[2024-10-06T21:13:37.302-0300] {logging_mixin.py:188} INFO - [2024-10-06T21:13:37.301-0300] {dag.py:3954} INFO - Setting next_dagrun for training to None, run_after=None
[2024-10-06T21:13:37.330-0300] {processor.py:183} INFO - Processing /opt/airflow/dags/Train/train_dag.py took 0.148 seconds
[2024-10-06T21:14:07.798-0300] {processor.py:161} INFO - Started process (PID=116) to work on /opt/airflow/dags/Train/train_dag.py
[2024-10-06T21:14:07.801-0300] {processor.py:830} INFO - Processing file /opt/airflow/dags/Train/train_dag.py for tasks to queue
[2024-10-06T21:14:07.804-0300] {logging_mixin.py:188} INFO - [2024-10-06T21:14:07.804-0300] {dagbag.py:545} INFO - Filling up the DagBag from /opt/airflow/dags/Train/train_dag.py
[2024-10-06T21:14:07.869-0300] {processor.py:840} INFO - DAG(s) 'training' retrieved from /opt/airflow/dags/Train/train_dag.py
[2024-10-06T21:14:07.908-0300] {logging_mixin.py:188} INFO - [2024-10-06T21:14:07.907-0300] {dag.py:3096} INFO - Sync 1 DAGs
[2024-10-06T21:14:07.937-0300] {logging_mixin.py:188} INFO - [2024-10-06T21:14:07.937-0300] {dag.py:3954} INFO - Setting next_dagrun for training to None, run_after=None
[2024-10-06T21:14:07.982-0300] {processor.py:183} INFO - Processing /opt/airflow/dags/Train/train_dag.py took 0.194 seconds
[2024-10-06T21:14:38.426-0300] {processor.py:161} INFO - Started process (PID=126) to work on /opt/airflow/dags/Train/train_dag.py
[2024-10-06T21:14:38.427-0300] {processor.py:830} INFO - Processing file /opt/airflow/dags/Train/train_dag.py for tasks to queue
[2024-10-06T21:14:38.429-0300] {logging_mixin.py:188} INFO - [2024-10-06T21:14:38.429-0300] {dagbag.py:545} INFO - Filling up the DagBag from /opt/airflow/dags/Train/train_dag.py
[2024-10-06T21:14:38.483-0300] {processor.py:840} INFO - DAG(s) 'training' retrieved from /opt/airflow/dags/Train/train_dag.py
[2024-10-06T21:14:38.515-0300] {logging_mixin.py:188} INFO - [2024-10-06T21:14:38.515-0300] {dag.py:3096} INFO - Sync 1 DAGs
[2024-10-06T21:14:38.530-0300] {logging_mixin.py:188} INFO - [2024-10-06T21:14:38.530-0300] {dag.py:3954} INFO - Setting next_dagrun for training to None, run_after=None
[2024-10-06T21:14:38.556-0300] {processor.py:183} INFO - Processing /opt/airflow/dags/Train/train_dag.py took 0.135 seconds
[2024-10-06T21:15:09.135-0300] {processor.py:161} INFO - Started process (PID=138) to work on /opt/airflow/dags/Train/train_dag.py
[2024-10-06T21:15:09.136-0300] {processor.py:830} INFO - Processing file /opt/airflow/dags/Train/train_dag.py for tasks to queue
[2024-10-06T21:15:09.139-0300] {logging_mixin.py:188} INFO - [2024-10-06T21:15:09.138-0300] {dagbag.py:545} INFO - Filling up the DagBag from /opt/airflow/dags/Train/train_dag.py
[2024-10-06T21:15:09.192-0300] {processor.py:840} INFO - DAG(s) 'training' retrieved from /opt/airflow/dags/Train/train_dag.py
[2024-10-06T21:15:09.221-0300] {logging_mixin.py:188} INFO - [2024-10-06T21:15:09.221-0300] {dag.py:3096} INFO - Sync 1 DAGs
[2024-10-06T21:15:09.238-0300] {logging_mixin.py:188} INFO - [2024-10-06T21:15:09.238-0300] {dag.py:3954} INFO - Setting next_dagrun for training to None, run_after=None
[2024-10-06T21:15:09.265-0300] {processor.py:183} INFO - Processing /opt/airflow/dags/Train/train_dag.py took 0.136 seconds
[2024-10-06T21:15:40.098-0300] {processor.py:161} INFO - Started process (PID=148) to work on /opt/airflow/dags/Train/train_dag.py
[2024-10-06T21:15:40.099-0300] {processor.py:830} INFO - Processing file /opt/airflow/dags/Train/train_dag.py for tasks to queue
[2024-10-06T21:15:40.101-0300] {logging_mixin.py:188} INFO - [2024-10-06T21:15:40.101-0300] {dagbag.py:545} INFO - Filling up the DagBag from /opt/airflow/dags/Train/train_dag.py
[2024-10-06T21:15:40.156-0300] {processor.py:840} INFO - DAG(s) 'training' retrieved from /opt/airflow/dags/Train/train_dag.py
[2024-10-06T21:15:40.185-0300] {logging_mixin.py:188} INFO - [2024-10-06T21:15:40.185-0300] {dag.py:3096} INFO - Sync 1 DAGs
[2024-10-06T21:15:40.199-0300] {logging_mixin.py:188} INFO - [2024-10-06T21:15:40.198-0300] {dag.py:3954} INFO - Setting next_dagrun for training to None, run_after=None
[2024-10-06T21:15:40.227-0300] {processor.py:183} INFO - Processing /opt/airflow/dags/Train/train_dag.py took 0.136 seconds
[2024-10-06T21:16:10.652-0300] {processor.py:161} INFO - Started process (PID=158) to work on /opt/airflow/dags/Train/train_dag.py
[2024-10-06T21:16:10.653-0300] {processor.py:830} INFO - Processing file /opt/airflow/dags/Train/train_dag.py for tasks to queue
[2024-10-06T21:16:10.655-0300] {logging_mixin.py:188} INFO - [2024-10-06T21:16:10.655-0300] {dagbag.py:545} INFO - Filling up the DagBag from /opt/airflow/dags/Train/train_dag.py
[2024-10-06T21:16:10.698-0300] {processor.py:840} INFO - DAG(s) 'training' retrieved from /opt/airflow/dags/Train/train_dag.py
[2024-10-06T21:16:10.731-0300] {logging_mixin.py:188} INFO - [2024-10-06T21:16:10.731-0300] {dag.py:3096} INFO - Sync 1 DAGs
[2024-10-06T21:16:10.745-0300] {logging_mixin.py:188} INFO - [2024-10-06T21:16:10.744-0300] {dag.py:3954} INFO - Setting next_dagrun for training to None, run_after=None
[2024-10-06T21:16:10.774-0300] {processor.py:183} INFO - Processing /opt/airflow/dags/Train/train_dag.py took 0.126 seconds
[2024-10-06T21:16:41.413-0300] {processor.py:161} INFO - Started process (PID=169) to work on /opt/airflow/dags/Train/train_dag.py
[2024-10-06T21:16:41.422-0300] {processor.py:830} INFO - Processing file /opt/airflow/dags/Train/train_dag.py for tasks to queue
[2024-10-06T21:16:41.438-0300] {logging_mixin.py:188} INFO - [2024-10-06T21:16:41.437-0300] {dagbag.py:545} INFO - Filling up the DagBag from /opt/airflow/dags/Train/train_dag.py
[2024-10-06T21:16:41.621-0300] {processor.py:840} INFO - DAG(s) 'training' retrieved from /opt/airflow/dags/Train/train_dag.py
[2024-10-06T21:16:41.753-0300] {logging_mixin.py:188} INFO - [2024-10-06T21:16:41.753-0300] {dag.py:3096} INFO - Sync 1 DAGs
[2024-10-06T21:16:41.826-0300] {logging_mixin.py:188} INFO - [2024-10-06T21:16:41.826-0300] {dag.py:3954} INFO - Setting next_dagrun for training to None, run_after=None
[2024-10-06T21:16:41.859-0300] {processor.py:183} INFO - Processing /opt/airflow/dags/Train/train_dag.py took 0.512 seconds
[2024-10-06T21:17:12.475-0300] {processor.py:161} INFO - Started process (PID=179) to work on /opt/airflow/dags/Train/train_dag.py
[2024-10-06T21:17:12.477-0300] {processor.py:830} INFO - Processing file /opt/airflow/dags/Train/train_dag.py for tasks to queue
[2024-10-06T21:17:12.479-0300] {logging_mixin.py:188} INFO - [2024-10-06T21:17:12.478-0300] {dagbag.py:545} INFO - Filling up the DagBag from /opt/airflow/dags/Train/train_dag.py
[2024-10-06T21:17:12.525-0300] {processor.py:840} INFO - DAG(s) 'training' retrieved from /opt/airflow/dags/Train/train_dag.py
[2024-10-06T21:17:12.552-0300] {logging_mixin.py:188} INFO - [2024-10-06T21:17:12.552-0300] {dag.py:3096} INFO - Sync 1 DAGs
[2024-10-06T21:17:12.564-0300] {logging_mixin.py:188} INFO - [2024-10-06T21:17:12.564-0300] {dag.py:3954} INFO - Setting next_dagrun for training to None, run_after=None
[2024-10-06T21:17:12.589-0300] {processor.py:183} INFO - Processing /opt/airflow/dags/Train/train_dag.py took 0.120 seconds
[2024-10-06T21:17:43.013-0300] {processor.py:161} INFO - Started process (PID=189) to work on /opt/airflow/dags/Train/train_dag.py
[2024-10-06T21:17:43.014-0300] {processor.py:830} INFO - Processing file /opt/airflow/dags/Train/train_dag.py for tasks to queue
[2024-10-06T21:17:43.015-0300] {logging_mixin.py:188} INFO - [2024-10-06T21:17:43.015-0300] {dagbag.py:545} INFO - Filling up the DagBag from /opt/airflow/dags/Train/train_dag.py
[2024-10-06T21:17:43.054-0300] {processor.py:840} INFO - DAG(s) 'training' retrieved from /opt/airflow/dags/Train/train_dag.py
[2024-10-06T21:17:43.078-0300] {logging_mixin.py:188} INFO - [2024-10-06T21:17:43.078-0300] {dag.py:3096} INFO - Sync 1 DAGs
[2024-10-06T21:17:43.090-0300] {logging_mixin.py:188} INFO - [2024-10-06T21:17:43.089-0300] {dag.py:3954} INFO - Setting next_dagrun for training to None, run_after=None
[2024-10-06T21:17:43.115-0300] {processor.py:183} INFO - Processing /opt/airflow/dags/Train/train_dag.py took 0.106 seconds
[2024-10-06T21:18:13.536-0300] {processor.py:161} INFO - Started process (PID=199) to work on /opt/airflow/dags/Train/train_dag.py
[2024-10-06T21:18:13.537-0300] {processor.py:830} INFO - Processing file /opt/airflow/dags/Train/train_dag.py for tasks to queue
[2024-10-06T21:18:13.539-0300] {logging_mixin.py:188} INFO - [2024-10-06T21:18:13.539-0300] {dagbag.py:545} INFO - Filling up the DagBag from /opt/airflow/dags/Train/train_dag.py
[2024-10-06T21:18:13.575-0300] {processor.py:840} INFO - DAG(s) 'training' retrieved from /opt/airflow/dags/Train/train_dag.py
[2024-10-06T21:18:13.599-0300] {logging_mixin.py:188} INFO - [2024-10-06T21:18:13.598-0300] {dag.py:3096} INFO - Sync 1 DAGs
[2024-10-06T21:18:13.610-0300] {logging_mixin.py:188} INFO - [2024-10-06T21:18:13.610-0300] {dag.py:3954} INFO - Setting next_dagrun for training to None, run_after=None
[2024-10-06T21:18:13.642-0300] {processor.py:183} INFO - Processing /opt/airflow/dags/Train/train_dag.py took 0.112 seconds
[2024-10-06T21:18:44.021-0300] {processor.py:161} INFO - Started process (PID=209) to work on /opt/airflow/dags/Train/train_dag.py
[2024-10-06T21:18:44.022-0300] {processor.py:830} INFO - Processing file /opt/airflow/dags/Train/train_dag.py for tasks to queue
[2024-10-06T21:18:44.024-0300] {logging_mixin.py:188} INFO - [2024-10-06T21:18:44.024-0300] {dagbag.py:545} INFO - Filling up the DagBag from /opt/airflow/dags/Train/train_dag.py
[2024-10-06T21:18:44.070-0300] {processor.py:840} INFO - DAG(s) 'training' retrieved from /opt/airflow/dags/Train/train_dag.py
[2024-10-06T21:18:44.095-0300] {logging_mixin.py:188} INFO - [2024-10-06T21:18:44.095-0300] {dag.py:3096} INFO - Sync 1 DAGs
[2024-10-06T21:18:44.109-0300] {logging_mixin.py:188} INFO - [2024-10-06T21:18:44.108-0300] {dag.py:3954} INFO - Setting next_dagrun for training to None, run_after=None
[2024-10-06T21:18:44.137-0300] {processor.py:183} INFO - Processing /opt/airflow/dags/Train/train_dag.py took 0.121 seconds
[2024-10-06T21:19:14.543-0300] {processor.py:161} INFO - Started process (PID=219) to work on /opt/airflow/dags/Train/train_dag.py
[2024-10-06T21:19:14.544-0300] {processor.py:830} INFO - Processing file /opt/airflow/dags/Train/train_dag.py for tasks to queue
[2024-10-06T21:19:14.546-0300] {logging_mixin.py:188} INFO - [2024-10-06T21:19:14.546-0300] {dagbag.py:545} INFO - Filling up the DagBag from /opt/airflow/dags/Train/train_dag.py
[2024-10-06T21:19:14.592-0300] {processor.py:840} INFO - DAG(s) 'training' retrieved from /opt/airflow/dags/Train/train_dag.py
[2024-10-06T21:19:14.621-0300] {logging_mixin.py:188} INFO - [2024-10-06T21:19:14.621-0300] {dag.py:3096} INFO - Sync 1 DAGs
[2024-10-06T21:19:14.634-0300] {logging_mixin.py:188} INFO - [2024-10-06T21:19:14.634-0300] {dag.py:3954} INFO - Setting next_dagrun for training to None, run_after=None
[2024-10-06T21:19:14.663-0300] {processor.py:183} INFO - Processing /opt/airflow/dags/Train/train_dag.py took 0.126 seconds
[2024-10-06T21:19:45.061-0300] {processor.py:161} INFO - Started process (PID=229) to work on /opt/airflow/dags/Train/train_dag.py
[2024-10-06T21:19:45.062-0300] {processor.py:830} INFO - Processing file /opt/airflow/dags/Train/train_dag.py for tasks to queue
[2024-10-06T21:19:45.064-0300] {logging_mixin.py:188} INFO - [2024-10-06T21:19:45.064-0300] {dagbag.py:545} INFO - Filling up the DagBag from /opt/airflow/dags/Train/train_dag.py
[2024-10-06T21:19:45.105-0300] {processor.py:840} INFO - DAG(s) 'training' retrieved from /opt/airflow/dags/Train/train_dag.py
[2024-10-06T21:19:45.130-0300] {logging_mixin.py:188} INFO - [2024-10-06T21:19:45.130-0300] {dag.py:3096} INFO - Sync 1 DAGs
[2024-10-06T21:19:45.144-0300] {logging_mixin.py:188} INFO - [2024-10-06T21:19:45.144-0300] {dag.py:3954} INFO - Setting next_dagrun for training to None, run_after=None
[2024-10-06T21:19:45.171-0300] {processor.py:183} INFO - Processing /opt/airflow/dags/Train/train_dag.py took 0.117 seconds
[2024-10-06T21:20:15.569-0300] {processor.py:161} INFO - Started process (PID=239) to work on /opt/airflow/dags/Train/train_dag.py
[2024-10-06T21:20:15.570-0300] {processor.py:830} INFO - Processing file /opt/airflow/dags/Train/train_dag.py for tasks to queue
[2024-10-06T21:20:15.571-0300] {logging_mixin.py:188} INFO - [2024-10-06T21:20:15.571-0300] {dagbag.py:545} INFO - Filling up the DagBag from /opt/airflow/dags/Train/train_dag.py
[2024-10-06T21:20:15.617-0300] {processor.py:840} INFO - DAG(s) 'training' retrieved from /opt/airflow/dags/Train/train_dag.py
[2024-10-06T21:20:15.647-0300] {logging_mixin.py:188} INFO - [2024-10-06T21:20:15.646-0300] {dag.py:3096} INFO - Sync 1 DAGs
[2024-10-06T21:20:15.660-0300] {logging_mixin.py:188} INFO - [2024-10-06T21:20:15.660-0300] {dag.py:3954} INFO - Setting next_dagrun for training to None, run_after=None
[2024-10-06T21:20:15.699-0300] {processor.py:183} INFO - Processing /opt/airflow/dags/Train/train_dag.py took 0.136 seconds
[2024-10-06T21:20:46.352-0300] {processor.py:161} INFO - Started process (PID=249) to work on /opt/airflow/dags/Train/train_dag.py
[2024-10-06T21:20:46.353-0300] {processor.py:830} INFO - Processing file /opt/airflow/dags/Train/train_dag.py for tasks to queue
[2024-10-06T21:20:46.355-0300] {logging_mixin.py:188} INFO - [2024-10-06T21:20:46.355-0300] {dagbag.py:545} INFO - Filling up the DagBag from /opt/airflow/dags/Train/train_dag.py
[2024-10-06T21:20:46.395-0300] {processor.py:840} INFO - DAG(s) 'training' retrieved from /opt/airflow/dags/Train/train_dag.py
[2024-10-06T21:20:46.419-0300] {logging_mixin.py:188} INFO - [2024-10-06T21:20:46.419-0300] {dag.py:3096} INFO - Sync 1 DAGs
[2024-10-06T21:20:46.434-0300] {logging_mixin.py:188} INFO - [2024-10-06T21:20:46.433-0300] {dag.py:3954} INFO - Setting next_dagrun for training to None, run_after=None
[2024-10-06T21:20:46.458-0300] {processor.py:183} INFO - Processing /opt/airflow/dags/Train/train_dag.py took 0.112 seconds
[2024-10-06T21:21:16.852-0300] {processor.py:161} INFO - Started process (PID=259) to work on /opt/airflow/dags/Train/train_dag.py
[2024-10-06T21:21:16.853-0300] {processor.py:830} INFO - Processing file /opt/airflow/dags/Train/train_dag.py for tasks to queue
[2024-10-06T21:21:16.855-0300] {logging_mixin.py:188} INFO - [2024-10-06T21:21:16.854-0300] {dagbag.py:545} INFO - Filling up the DagBag from /opt/airflow/dags/Train/train_dag.py
[2024-10-06T21:21:16.889-0300] {processor.py:840} INFO - DAG(s) 'training' retrieved from /opt/airflow/dags/Train/train_dag.py
[2024-10-06T21:21:16.912-0300] {logging_mixin.py:188} INFO - [2024-10-06T21:21:16.912-0300] {dag.py:3096} INFO - Sync 1 DAGs
[2024-10-06T21:21:16.923-0300] {logging_mixin.py:188} INFO - [2024-10-06T21:21:16.923-0300] {dag.py:3954} INFO - Setting next_dagrun for training to None, run_after=None
[2024-10-06T21:21:16.954-0300] {processor.py:183} INFO - Processing /opt/airflow/dags/Train/train_dag.py took 0.106 seconds
[2024-10-06T21:21:47.347-0300] {processor.py:161} INFO - Started process (PID=269) to work on /opt/airflow/dags/Train/train_dag.py
[2024-10-06T21:21:47.349-0300] {processor.py:830} INFO - Processing file /opt/airflow/dags/Train/train_dag.py for tasks to queue
[2024-10-06T21:21:47.351-0300] {logging_mixin.py:188} INFO - [2024-10-06T21:21:47.351-0300] {dagbag.py:545} INFO - Filling up the DagBag from /opt/airflow/dags/Train/train_dag.py
[2024-10-06T21:21:47.400-0300] {processor.py:840} INFO - DAG(s) 'training' retrieved from /opt/airflow/dags/Train/train_dag.py
[2024-10-06T21:21:47.430-0300] {logging_mixin.py:188} INFO - [2024-10-06T21:21:47.429-0300] {dag.py:3096} INFO - Sync 1 DAGs
[2024-10-06T21:21:47.444-0300] {logging_mixin.py:188} INFO - [2024-10-06T21:21:47.444-0300] {dag.py:3954} INFO - Setting next_dagrun for training to None, run_after=None
[2024-10-06T21:21:47.473-0300] {processor.py:183} INFO - Processing /opt/airflow/dags/Train/train_dag.py took 0.130 seconds
[2024-10-06T21:22:17.873-0300] {processor.py:161} INFO - Started process (PID=279) to work on /opt/airflow/dags/Train/train_dag.py
[2024-10-06T21:22:17.873-0300] {processor.py:830} INFO - Processing file /opt/airflow/dags/Train/train_dag.py for tasks to queue
[2024-10-06T21:22:17.875-0300] {logging_mixin.py:188} INFO - [2024-10-06T21:22:17.875-0300] {dagbag.py:545} INFO - Filling up the DagBag from /opt/airflow/dags/Train/train_dag.py
[2024-10-06T21:22:17.919-0300] {processor.py:840} INFO - DAG(s) 'training' retrieved from /opt/airflow/dags/Train/train_dag.py
[2024-10-06T21:22:17.944-0300] {logging_mixin.py:188} INFO - [2024-10-06T21:22:17.944-0300] {dag.py:3096} INFO - Sync 1 DAGs
[2024-10-06T21:22:17.956-0300] {logging_mixin.py:188} INFO - [2024-10-06T21:22:17.956-0300] {dag.py:3954} INFO - Setting next_dagrun for training to None, run_after=None
[2024-10-06T21:22:17.983-0300] {processor.py:183} INFO - Processing /opt/airflow/dags/Train/train_dag.py took 0.116 seconds
[2024-10-06T21:22:48.409-0300] {processor.py:161} INFO - Started process (PID=289) to work on /opt/airflow/dags/Train/train_dag.py
[2024-10-06T21:22:48.411-0300] {processor.py:830} INFO - Processing file /opt/airflow/dags/Train/train_dag.py for tasks to queue
[2024-10-06T21:22:48.413-0300] {logging_mixin.py:188} INFO - [2024-10-06T21:22:48.413-0300] {dagbag.py:545} INFO - Filling up the DagBag from /opt/airflow/dags/Train/train_dag.py
[2024-10-06T21:22:48.470-0300] {processor.py:840} INFO - DAG(s) 'training' retrieved from /opt/airflow/dags/Train/train_dag.py
[2024-10-06T21:22:48.502-0300] {logging_mixin.py:188} INFO - [2024-10-06T21:22:48.502-0300] {dag.py:3096} INFO - Sync 1 DAGs
[2024-10-06T21:22:48.516-0300] {logging_mixin.py:188} INFO - [2024-10-06T21:22:48.516-0300] {dag.py:3954} INFO - Setting next_dagrun for training to None, run_after=None
[2024-10-06T21:22:48.543-0300] {processor.py:183} INFO - Processing /opt/airflow/dags/Train/train_dag.py took 0.142 seconds
[2024-10-06T21:23:18.941-0300] {processor.py:161} INFO - Started process (PID=299) to work on /opt/airflow/dags/Train/train_dag.py
[2024-10-06T21:23:18.942-0300] {processor.py:830} INFO - Processing file /opt/airflow/dags/Train/train_dag.py for tasks to queue
[2024-10-06T21:23:18.944-0300] {logging_mixin.py:188} INFO - [2024-10-06T21:23:18.944-0300] {dagbag.py:545} INFO - Filling up the DagBag from /opt/airflow/dags/Train/train_dag.py
[2024-10-06T21:23:18.984-0300] {processor.py:840} INFO - DAG(s) 'training' retrieved from /opt/airflow/dags/Train/train_dag.py
[2024-10-06T21:23:19.014-0300] {logging_mixin.py:188} INFO - [2024-10-06T21:23:19.013-0300] {dag.py:3096} INFO - Sync 1 DAGs
[2024-10-06T21:23:19.027-0300] {logging_mixin.py:188} INFO - [2024-10-06T21:23:19.027-0300] {dag.py:3954} INFO - Setting next_dagrun for training to None, run_after=None
[2024-10-06T21:23:19.057-0300] {processor.py:183} INFO - Processing /opt/airflow/dags/Train/train_dag.py took 0.120 seconds
[2024-10-06T21:23:49.464-0300] {processor.py:161} INFO - Started process (PID=309) to work on /opt/airflow/dags/Train/train_dag.py
[2024-10-06T21:23:49.465-0300] {processor.py:830} INFO - Processing file /opt/airflow/dags/Train/train_dag.py for tasks to queue
[2024-10-06T21:23:49.467-0300] {logging_mixin.py:188} INFO - [2024-10-06T21:23:49.466-0300] {dagbag.py:545} INFO - Filling up the DagBag from /opt/airflow/dags/Train/train_dag.py
[2024-10-06T21:23:49.507-0300] {processor.py:840} INFO - DAG(s) 'training' retrieved from /opt/airflow/dags/Train/train_dag.py
[2024-10-06T21:23:49.531-0300] {logging_mixin.py:188} INFO - [2024-10-06T21:23:49.531-0300] {dag.py:3096} INFO - Sync 1 DAGs
[2024-10-06T21:23:49.543-0300] {logging_mixin.py:188} INFO - [2024-10-06T21:23:49.543-0300] {dag.py:3954} INFO - Setting next_dagrun for training to None, run_after=None
[2024-10-06T21:23:49.565-0300] {processor.py:183} INFO - Processing /opt/airflow/dags/Train/train_dag.py took 0.105 seconds
[2024-10-06T21:24:19.987-0300] {processor.py:161} INFO - Started process (PID=319) to work on /opt/airflow/dags/Train/train_dag.py
[2024-10-06T21:24:19.988-0300] {processor.py:830} INFO - Processing file /opt/airflow/dags/Train/train_dag.py for tasks to queue
[2024-10-06T21:24:19.989-0300] {logging_mixin.py:188} INFO - [2024-10-06T21:24:19.989-0300] {dagbag.py:545} INFO - Filling up the DagBag from /opt/airflow/dags/Train/train_dag.py
[2024-10-06T21:24:20.030-0300] {processor.py:840} INFO - DAG(s) 'training' retrieved from /opt/airflow/dags/Train/train_dag.py
[2024-10-06T21:24:20.053-0300] {logging_mixin.py:188} INFO - [2024-10-06T21:24:20.053-0300] {dag.py:3096} INFO - Sync 1 DAGs
[2024-10-06T21:24:20.065-0300] {logging_mixin.py:188} INFO - [2024-10-06T21:24:20.065-0300] {dag.py:3954} INFO - Setting next_dagrun for training to None, run_after=None
[2024-10-06T21:24:20.090-0300] {processor.py:183} INFO - Processing /opt/airflow/dags/Train/train_dag.py took 0.109 seconds
[2024-10-06T21:24:50.566-0300] {processor.py:161} INFO - Started process (PID=329) to work on /opt/airflow/dags/Train/train_dag.py
[2024-10-06T21:24:50.567-0300] {processor.py:830} INFO - Processing file /opt/airflow/dags/Train/train_dag.py for tasks to queue
[2024-10-06T21:24:50.569-0300] {logging_mixin.py:188} INFO - [2024-10-06T21:24:50.569-0300] {dagbag.py:545} INFO - Filling up the DagBag from /opt/airflow/dags/Train/train_dag.py
[2024-10-06T21:24:50.618-0300] {processor.py:840} INFO - DAG(s) 'training' retrieved from /opt/airflow/dags/Train/train_dag.py
[2024-10-06T21:24:50.653-0300] {logging_mixin.py:188} INFO - [2024-10-06T21:24:50.652-0300] {dag.py:3096} INFO - Sync 1 DAGs
[2024-10-06T21:24:50.671-0300] {logging_mixin.py:188} INFO - [2024-10-06T21:24:50.671-0300] {dag.py:3954} INFO - Setting next_dagrun for training to None, run_after=None
[2024-10-06T21:24:50.709-0300] {processor.py:183} INFO - Processing /opt/airflow/dags/Train/train_dag.py took 0.150 seconds
[2024-10-06T21:25:21.154-0300] {processor.py:161} INFO - Started process (PID=339) to work on /opt/airflow/dags/Train/train_dag.py
[2024-10-06T21:25:21.155-0300] {processor.py:830} INFO - Processing file /opt/airflow/dags/Train/train_dag.py for tasks to queue
[2024-10-06T21:25:21.158-0300] {logging_mixin.py:188} INFO - [2024-10-06T21:25:21.157-0300] {dagbag.py:545} INFO - Filling up the DagBag from /opt/airflow/dags/Train/train_dag.py
[2024-10-06T21:25:21.204-0300] {processor.py:840} INFO - DAG(s) 'training' retrieved from /opt/airflow/dags/Train/train_dag.py
[2024-10-06T21:25:21.236-0300] {logging_mixin.py:188} INFO - [2024-10-06T21:25:21.236-0300] {dag.py:3096} INFO - Sync 1 DAGs
[2024-10-06T21:25:21.252-0300] {logging_mixin.py:188} INFO - [2024-10-06T21:25:21.252-0300] {dag.py:3954} INFO - Setting next_dagrun for training to None, run_after=None
[2024-10-06T21:25:21.286-0300] {processor.py:183} INFO - Processing /opt/airflow/dags/Train/train_dag.py took 0.138 seconds
[2024-10-06T21:25:52.117-0300] {processor.py:161} INFO - Started process (PID=349) to work on /opt/airflow/dags/Train/train_dag.py
[2024-10-06T21:25:52.119-0300] {processor.py:830} INFO - Processing file /opt/airflow/dags/Train/train_dag.py for tasks to queue
[2024-10-06T21:25:52.121-0300] {logging_mixin.py:188} INFO - [2024-10-06T21:25:52.120-0300] {dagbag.py:545} INFO - Filling up the DagBag from /opt/airflow/dags/Train/train_dag.py
[2024-10-06T21:25:52.177-0300] {processor.py:840} INFO - DAG(s) 'training' retrieved from /opt/airflow/dags/Train/train_dag.py
[2024-10-06T21:25:52.212-0300] {logging_mixin.py:188} INFO - [2024-10-06T21:25:52.212-0300] {dag.py:3096} INFO - Sync 1 DAGs
[2024-10-06T21:25:52.225-0300] {logging_mixin.py:188} INFO - [2024-10-06T21:25:52.225-0300] {dag.py:3954} INFO - Setting next_dagrun for training to None, run_after=None
[2024-10-06T21:25:52.252-0300] {processor.py:183} INFO - Processing /opt/airflow/dags/Train/train_dag.py took 0.147 seconds
[2024-10-06T21:26:22.717-0300] {processor.py:161} INFO - Started process (PID=359) to work on /opt/airflow/dags/Train/train_dag.py
[2024-10-06T21:26:22.718-0300] {processor.py:830} INFO - Processing file /opt/airflow/dags/Train/train_dag.py for tasks to queue
[2024-10-06T21:26:22.720-0300] {logging_mixin.py:188} INFO - [2024-10-06T21:26:22.720-0300] {dagbag.py:545} INFO - Filling up the DagBag from /opt/airflow/dags/Train/train_dag.py
[2024-10-06T21:26:22.765-0300] {processor.py:840} INFO - DAG(s) 'training' retrieved from /opt/airflow/dags/Train/train_dag.py
[2024-10-06T21:26:22.798-0300] {logging_mixin.py:188} INFO - [2024-10-06T21:26:22.797-0300] {dag.py:3096} INFO - Sync 1 DAGs
[2024-10-06T21:26:22.814-0300] {logging_mixin.py:188} INFO - [2024-10-06T21:26:22.814-0300] {dag.py:3954} INFO - Setting next_dagrun for training to None, run_after=None
[2024-10-06T21:26:22.847-0300] {processor.py:183} INFO - Processing /opt/airflow/dags/Train/train_dag.py took 0.137 seconds
[2024-10-06T21:26:53.337-0300] {processor.py:161} INFO - Started process (PID=369) to work on /opt/airflow/dags/Train/train_dag.py
[2024-10-06T21:26:53.338-0300] {processor.py:830} INFO - Processing file /opt/airflow/dags/Train/train_dag.py for tasks to queue
[2024-10-06T21:26:53.341-0300] {logging_mixin.py:188} INFO - [2024-10-06T21:26:53.340-0300] {dagbag.py:545} INFO - Filling up the DagBag from /opt/airflow/dags/Train/train_dag.py
[2024-10-06T21:26:53.396-0300] {processor.py:840} INFO - DAG(s) 'training' retrieved from /opt/airflow/dags/Train/train_dag.py
[2024-10-06T21:26:53.434-0300] {logging_mixin.py:188} INFO - [2024-10-06T21:26:53.434-0300] {dag.py:3096} INFO - Sync 1 DAGs
[2024-10-06T21:26:53.453-0300] {logging_mixin.py:188} INFO - [2024-10-06T21:26:53.452-0300] {dag.py:3954} INFO - Setting next_dagrun for training to None, run_after=None
[2024-10-06T21:26:53.487-0300] {processor.py:183} INFO - Processing /opt/airflow/dags/Train/train_dag.py took 0.157 seconds
[2024-10-06T21:27:23.949-0300] {processor.py:161} INFO - Started process (PID=379) to work on /opt/airflow/dags/Train/train_dag.py
[2024-10-06T21:27:23.950-0300] {processor.py:830} INFO - Processing file /opt/airflow/dags/Train/train_dag.py for tasks to queue
[2024-10-06T21:27:23.952-0300] {logging_mixin.py:188} INFO - [2024-10-06T21:27:23.952-0300] {dagbag.py:545} INFO - Filling up the DagBag from /opt/airflow/dags/Train/train_dag.py
[2024-10-06T21:27:24.002-0300] {processor.py:840} INFO - DAG(s) 'training' retrieved from /opt/airflow/dags/Train/train_dag.py
[2024-10-06T21:27:24.032-0300] {logging_mixin.py:188} INFO - [2024-10-06T21:27:24.032-0300] {dag.py:3096} INFO - Sync 1 DAGs
[2024-10-06T21:27:24.051-0300] {logging_mixin.py:188} INFO - [2024-10-06T21:27:24.051-0300] {dag.py:3954} INFO - Setting next_dagrun for training to None, run_after=None
[2024-10-06T21:27:24.085-0300] {processor.py:183} INFO - Processing /opt/airflow/dags/Train/train_dag.py took 0.141 seconds
[2024-10-06T21:27:54.567-0300] {processor.py:161} INFO - Started process (PID=389) to work on /opt/airflow/dags/Train/train_dag.py
[2024-10-06T21:27:54.568-0300] {processor.py:830} INFO - Processing file /opt/airflow/dags/Train/train_dag.py for tasks to queue
[2024-10-06T21:27:54.572-0300] {logging_mixin.py:188} INFO - [2024-10-06T21:27:54.571-0300] {dagbag.py:545} INFO - Filling up the DagBag from /opt/airflow/dags/Train/train_dag.py
[2024-10-06T21:27:54.625-0300] {processor.py:840} INFO - DAG(s) 'training' retrieved from /opt/airflow/dags/Train/train_dag.py
[2024-10-06T21:27:54.655-0300] {logging_mixin.py:188} INFO - [2024-10-06T21:27:54.655-0300] {dag.py:3096} INFO - Sync 1 DAGs
[2024-10-06T21:27:54.672-0300] {logging_mixin.py:188} INFO - [2024-10-06T21:27:54.671-0300] {dag.py:3954} INFO - Setting next_dagrun for training to None, run_after=None
[2024-10-06T21:27:54.702-0300] {processor.py:183} INFO - Processing /opt/airflow/dags/Train/train_dag.py took 0.143 seconds
[2024-10-06T21:28:25.183-0300] {processor.py:161} INFO - Started process (PID=399) to work on /opt/airflow/dags/Train/train_dag.py
[2024-10-06T21:28:25.186-0300] {processor.py:830} INFO - Processing file /opt/airflow/dags/Train/train_dag.py for tasks to queue
[2024-10-06T21:28:25.192-0300] {logging_mixin.py:188} INFO - [2024-10-06T21:28:25.191-0300] {dagbag.py:545} INFO - Filling up the DagBag from /opt/airflow/dags/Train/train_dag.py
[2024-10-06T21:28:25.309-0300] {processor.py:840} INFO - DAG(s) 'training' retrieved from /opt/airflow/dags/Train/train_dag.py
[2024-10-06T21:28:25.354-0300] {logging_mixin.py:188} INFO - [2024-10-06T21:28:25.354-0300] {dag.py:3096} INFO - Sync 1 DAGs
[2024-10-06T21:28:25.377-0300] {logging_mixin.py:188} INFO - [2024-10-06T21:28:25.377-0300] {dag.py:3954} INFO - Setting next_dagrun for training to None, run_after=None
[2024-10-06T21:28:25.412-0300] {processor.py:183} INFO - Processing /opt/airflow/dags/Train/train_dag.py took 0.238 seconds
[2024-10-06T21:28:55.998-0300] {processor.py:161} INFO - Started process (PID=410) to work on /opt/airflow/dags/Train/train_dag.py
[2024-10-06T21:28:55.999-0300] {processor.py:830} INFO - Processing file /opt/airflow/dags/Train/train_dag.py for tasks to queue
[2024-10-06T21:28:56.003-0300] {logging_mixin.py:188} INFO - [2024-10-06T21:28:56.003-0300] {dagbag.py:545} INFO - Filling up the DagBag from /opt/airflow/dags/Train/train_dag.py
[2024-10-06T21:28:56.069-0300] {processor.py:840} INFO - DAG(s) 'training' retrieved from /opt/airflow/dags/Train/train_dag.py
[2024-10-06T21:28:56.118-0300] {logging_mixin.py:188} INFO - [2024-10-06T21:28:56.118-0300] {dag.py:3096} INFO - Sync 1 DAGs
[2024-10-06T21:28:56.140-0300] {logging_mixin.py:188} INFO - [2024-10-06T21:28:56.140-0300] {dag.py:3954} INFO - Setting next_dagrun for training to None, run_after=None
[2024-10-06T21:28:56.180-0300] {processor.py:183} INFO - Processing /opt/airflow/dags/Train/train_dag.py took 0.192 seconds
[2024-10-06T21:29:26.666-0300] {processor.py:161} INFO - Started process (PID=420) to work on /opt/airflow/dags/Train/train_dag.py
[2024-10-06T21:29:26.667-0300] {processor.py:830} INFO - Processing file /opt/airflow/dags/Train/train_dag.py for tasks to queue
[2024-10-06T21:29:26.670-0300] {logging_mixin.py:188} INFO - [2024-10-06T21:29:26.669-0300] {dagbag.py:545} INFO - Filling up the DagBag from /opt/airflow/dags/Train/train_dag.py
[2024-10-06T21:29:26.731-0300] {processor.py:840} INFO - DAG(s) 'training' retrieved from /opt/airflow/dags/Train/train_dag.py
[2024-10-06T21:29:26.759-0300] {logging_mixin.py:188} INFO - [2024-10-06T21:29:26.758-0300] {dag.py:3096} INFO - Sync 1 DAGs
[2024-10-06T21:29:26.773-0300] {logging_mixin.py:188} INFO - [2024-10-06T21:29:26.773-0300] {dag.py:3954} INFO - Setting next_dagrun for training to None, run_after=None
[2024-10-06T21:29:26.801-0300] {processor.py:183} INFO - Processing /opt/airflow/dags/Train/train_dag.py took 0.143 seconds
[2024-10-06T21:29:57.232-0300] {processor.py:161} INFO - Started process (PID=430) to work on /opt/airflow/dags/Train/train_dag.py
[2024-10-06T21:29:57.233-0300] {processor.py:830} INFO - Processing file /opt/airflow/dags/Train/train_dag.py for tasks to queue
[2024-10-06T21:29:57.235-0300] {logging_mixin.py:188} INFO - [2024-10-06T21:29:57.235-0300] {dagbag.py:545} INFO - Filling up the DagBag from /opt/airflow/dags/Train/train_dag.py
[2024-10-06T21:29:57.275-0300] {processor.py:840} INFO - DAG(s) 'training' retrieved from /opt/airflow/dags/Train/train_dag.py
[2024-10-06T21:29:57.302-0300] {logging_mixin.py:188} INFO - [2024-10-06T21:29:57.301-0300] {dag.py:3096} INFO - Sync 1 DAGs
[2024-10-06T21:29:57.316-0300] {logging_mixin.py:188} INFO - [2024-10-06T21:29:57.316-0300] {dag.py:3954} INFO - Setting next_dagrun for training to None, run_after=None
[2024-10-06T21:29:57.342-0300] {processor.py:183} INFO - Processing /opt/airflow/dags/Train/train_dag.py took 0.116 seconds
[2024-10-06T21:30:27.894-0300] {processor.py:161} INFO - Started process (PID=440) to work on /opt/airflow/dags/Train/train_dag.py
[2024-10-06T21:30:27.895-0300] {processor.py:830} INFO - Processing file /opt/airflow/dags/Train/train_dag.py for tasks to queue
[2024-10-06T21:30:27.896-0300] {logging_mixin.py:188} INFO - [2024-10-06T21:30:27.896-0300] {dagbag.py:545} INFO - Filling up the DagBag from /opt/airflow/dags/Train/train_dag.py
[2024-10-06T21:30:27.932-0300] {processor.py:840} INFO - DAG(s) 'training' retrieved from /opt/airflow/dags/Train/train_dag.py
[2024-10-06T21:30:27.956-0300] {logging_mixin.py:188} INFO - [2024-10-06T21:30:27.956-0300] {dag.py:3096} INFO - Sync 1 DAGs
[2024-10-06T21:30:27.967-0300] {logging_mixin.py:188} INFO - [2024-10-06T21:30:27.967-0300] {dag.py:3954} INFO - Setting next_dagrun for training to None, run_after=None
[2024-10-06T21:30:27.997-0300] {processor.py:183} INFO - Processing /opt/airflow/dags/Train/train_dag.py took 0.109 seconds
[2024-10-06T21:30:58.681-0300] {processor.py:161} INFO - Started process (PID=450) to work on /opt/airflow/dags/Train/train_dag.py
[2024-10-06T21:30:58.683-0300] {processor.py:830} INFO - Processing file /opt/airflow/dags/Train/train_dag.py for tasks to queue
[2024-10-06T21:30:58.687-0300] {logging_mixin.py:188} INFO - [2024-10-06T21:30:58.686-0300] {dagbag.py:545} INFO - Filling up the DagBag from /opt/airflow/dags/Train/train_dag.py
[2024-10-06T21:30:58.727-0300] {processor.py:840} INFO - DAG(s) 'training' retrieved from /opt/airflow/dags/Train/train_dag.py
[2024-10-06T21:30:58.754-0300] {logging_mixin.py:188} INFO - [2024-10-06T21:30:58.753-0300] {dag.py:3096} INFO - Sync 1 DAGs
[2024-10-06T21:30:58.768-0300] {logging_mixin.py:188} INFO - [2024-10-06T21:30:58.767-0300] {dag.py:3954} INFO - Setting next_dagrun for training to None, run_after=None
[2024-10-06T21:30:58.792-0300] {processor.py:183} INFO - Processing /opt/airflow/dags/Train/train_dag.py took 0.121 seconds
[2024-10-06T21:31:29.285-0300] {processor.py:161} INFO - Started process (PID=461) to work on /opt/airflow/dags/Train/train_dag.py
[2024-10-06T21:31:29.287-0300] {processor.py:830} INFO - Processing file /opt/airflow/dags/Train/train_dag.py for tasks to queue
[2024-10-06T21:31:29.289-0300] {logging_mixin.py:188} INFO - [2024-10-06T21:31:29.289-0300] {dagbag.py:545} INFO - Filling up the DagBag from /opt/airflow/dags/Train/train_dag.py
[2024-10-06T21:31:29.339-0300] {processor.py:840} INFO - DAG(s) 'training' retrieved from /opt/airflow/dags/Train/train_dag.py
[2024-10-06T21:31:29.377-0300] {logging_mixin.py:188} INFO - [2024-10-06T21:31:29.376-0300] {dag.py:3096} INFO - Sync 1 DAGs
[2024-10-06T21:31:29.394-0300] {logging_mixin.py:188} INFO - [2024-10-06T21:31:29.394-0300] {dag.py:3954} INFO - Setting next_dagrun for training to None, run_after=None
[2024-10-06T21:31:29.423-0300] {processor.py:183} INFO - Processing /opt/airflow/dags/Train/train_dag.py took 0.146 seconds
[2024-10-06T21:31:59.980-0300] {processor.py:161} INFO - Started process (PID=471) to work on /opt/airflow/dags/Train/train_dag.py
[2024-10-06T21:31:59.982-0300] {processor.py:830} INFO - Processing file /opt/airflow/dags/Train/train_dag.py for tasks to queue
[2024-10-06T21:31:59.986-0300] {logging_mixin.py:188} INFO - [2024-10-06T21:31:59.985-0300] {dagbag.py:545} INFO - Filling up the DagBag from /opt/airflow/dags/Train/train_dag.py
[2024-10-06T21:32:00.045-0300] {processor.py:840} INFO - DAG(s) 'training' retrieved from /opt/airflow/dags/Train/train_dag.py
[2024-10-06T21:32:00.082-0300] {logging_mixin.py:188} INFO - [2024-10-06T21:32:00.081-0300] {dag.py:3096} INFO - Sync 1 DAGs
[2024-10-06T21:32:00.100-0300] {logging_mixin.py:188} INFO - [2024-10-06T21:32:00.100-0300] {dag.py:3954} INFO - Setting next_dagrun for training to None, run_after=None
[2024-10-06T21:32:00.145-0300] {processor.py:183} INFO - Processing /opt/airflow/dags/Train/train_dag.py took 0.171 seconds
[2024-10-06T21:32:30.618-0300] {processor.py:161} INFO - Started process (PID=481) to work on /opt/airflow/dags/Train/train_dag.py
[2024-10-06T21:32:30.620-0300] {processor.py:830} INFO - Processing file /opt/airflow/dags/Train/train_dag.py for tasks to queue
[2024-10-06T21:32:30.622-0300] {logging_mixin.py:188} INFO - [2024-10-06T21:32:30.622-0300] {dagbag.py:545} INFO - Filling up the DagBag from /opt/airflow/dags/Train/train_dag.py
[2024-10-06T21:32:30.680-0300] {processor.py:840} INFO - DAG(s) 'training' retrieved from /opt/airflow/dags/Train/train_dag.py
[2024-10-06T21:32:30.715-0300] {logging_mixin.py:188} INFO - [2024-10-06T21:32:30.714-0300] {dag.py:3096} INFO - Sync 1 DAGs
[2024-10-06T21:32:30.736-0300] {logging_mixin.py:188} INFO - [2024-10-06T21:32:30.735-0300] {dag.py:3954} INFO - Setting next_dagrun for training to None, run_after=None
[2024-10-06T21:32:30.769-0300] {processor.py:183} INFO - Processing /opt/airflow/dags/Train/train_dag.py took 0.159 seconds
[2024-10-06T21:33:01.231-0300] {processor.py:161} INFO - Started process (PID=491) to work on /opt/airflow/dags/Train/train_dag.py
[2024-10-06T21:33:01.233-0300] {processor.py:830} INFO - Processing file /opt/airflow/dags/Train/train_dag.py for tasks to queue
[2024-10-06T21:33:01.235-0300] {logging_mixin.py:188} INFO - [2024-10-06T21:33:01.235-0300] {dagbag.py:545} INFO - Filling up the DagBag from /opt/airflow/dags/Train/train_dag.py
[2024-10-06T21:33:01.285-0300] {processor.py:840} INFO - DAG(s) 'training' retrieved from /opt/airflow/dags/Train/train_dag.py
[2024-10-06T21:33:01.311-0300] {logging_mixin.py:188} INFO - [2024-10-06T21:33:01.310-0300] {dag.py:3096} INFO - Sync 1 DAGs
[2024-10-06T21:33:01.326-0300] {logging_mixin.py:188} INFO - [2024-10-06T21:33:01.326-0300] {dag.py:3954} INFO - Setting next_dagrun for training to None, run_after=None
[2024-10-06T21:33:01.355-0300] {processor.py:183} INFO - Processing /opt/airflow/dags/Train/train_dag.py took 0.131 seconds
[2024-10-06T21:33:31.802-0300] {processor.py:161} INFO - Started process (PID=501) to work on /opt/airflow/dags/Train/train_dag.py
[2024-10-06T21:33:31.803-0300] {processor.py:830} INFO - Processing file /opt/airflow/dags/Train/train_dag.py for tasks to queue
[2024-10-06T21:33:31.805-0300] {logging_mixin.py:188} INFO - [2024-10-06T21:33:31.805-0300] {dagbag.py:545} INFO - Filling up the DagBag from /opt/airflow/dags/Train/train_dag.py
[2024-10-06T21:33:31.859-0300] {processor.py:840} INFO - DAG(s) 'training' retrieved from /opt/airflow/dags/Train/train_dag.py
[2024-10-06T21:33:31.890-0300] {logging_mixin.py:188} INFO - [2024-10-06T21:33:31.890-0300] {dag.py:3096} INFO - Sync 1 DAGs
[2024-10-06T21:33:31.903-0300] {logging_mixin.py:188} INFO - [2024-10-06T21:33:31.903-0300] {dag.py:3954} INFO - Setting next_dagrun for training to None, run_after=None
[2024-10-06T21:33:31.932-0300] {processor.py:183} INFO - Processing /opt/airflow/dags/Train/train_dag.py took 0.138 seconds
[2024-10-06T21:34:02.387-0300] {processor.py:161} INFO - Started process (PID=511) to work on /opt/airflow/dags/Train/train_dag.py
[2024-10-06T21:34:02.388-0300] {processor.py:830} INFO - Processing file /opt/airflow/dags/Train/train_dag.py for tasks to queue
[2024-10-06T21:34:02.391-0300] {logging_mixin.py:188} INFO - [2024-10-06T21:34:02.390-0300] {dagbag.py:545} INFO - Filling up the DagBag from /opt/airflow/dags/Train/train_dag.py
[2024-10-06T21:34:02.450-0300] {processor.py:840} INFO - DAG(s) 'training' retrieved from /opt/airflow/dags/Train/train_dag.py
[2024-10-06T21:34:02.490-0300] {logging_mixin.py:188} INFO - [2024-10-06T21:34:02.490-0300] {dag.py:3096} INFO - Sync 1 DAGs
[2024-10-06T21:34:02.507-0300] {logging_mixin.py:188} INFO - [2024-10-06T21:34:02.507-0300] {dag.py:3954} INFO - Setting next_dagrun for training to None, run_after=None
[2024-10-06T21:34:02.537-0300] {processor.py:183} INFO - Processing /opt/airflow/dags/Train/train_dag.py took 0.155 seconds
[2024-10-06T21:34:32.976-0300] {processor.py:161} INFO - Started process (PID=521) to work on /opt/airflow/dags/Train/train_dag.py
[2024-10-06T21:34:32.978-0300] {processor.py:830} INFO - Processing file /opt/airflow/dags/Train/train_dag.py for tasks to queue
[2024-10-06T21:34:32.981-0300] {logging_mixin.py:188} INFO - [2024-10-06T21:34:32.981-0300] {dagbag.py:545} INFO - Filling up the DagBag from /opt/airflow/dags/Train/train_dag.py
[2024-10-06T21:34:33.025-0300] {processor.py:840} INFO - DAG(s) 'training' retrieved from /opt/airflow/dags/Train/train_dag.py
[2024-10-06T21:34:33.055-0300] {logging_mixin.py:188} INFO - [2024-10-06T21:34:33.055-0300] {dag.py:3096} INFO - Sync 1 DAGs
[2024-10-06T21:34:33.072-0300] {logging_mixin.py:188} INFO - [2024-10-06T21:34:33.072-0300] {dag.py:3954} INFO - Setting next_dagrun for training to None, run_after=None
[2024-10-06T21:34:33.103-0300] {processor.py:183} INFO - Processing /opt/airflow/dags/Train/train_dag.py took 0.132 seconds
[2024-10-06T21:35:03.612-0300] {processor.py:161} INFO - Started process (PID=531) to work on /opt/airflow/dags/Train/train_dag.py
[2024-10-06T21:35:03.613-0300] {processor.py:830} INFO - Processing file /opt/airflow/dags/Train/train_dag.py for tasks to queue
[2024-10-06T21:35:03.615-0300] {logging_mixin.py:188} INFO - [2024-10-06T21:35:03.615-0300] {dagbag.py:545} INFO - Filling up the DagBag from /opt/airflow/dags/Train/train_dag.py
[2024-10-06T21:35:03.665-0300] {processor.py:840} INFO - DAG(s) 'training' retrieved from /opt/airflow/dags/Train/train_dag.py
[2024-10-06T21:35:03.693-0300] {logging_mixin.py:188} INFO - [2024-10-06T21:35:03.692-0300] {dag.py:3096} INFO - Sync 1 DAGs
[2024-10-06T21:35:03.708-0300] {logging_mixin.py:188} INFO - [2024-10-06T21:35:03.708-0300] {dag.py:3954} INFO - Setting next_dagrun for training to None, run_after=None
[2024-10-06T21:35:03.739-0300] {processor.py:183} INFO - Processing /opt/airflow/dags/Train/train_dag.py took 0.134 seconds
[2024-10-06T21:35:34.476-0300] {processor.py:161} INFO - Started process (PID=541) to work on /opt/airflow/dags/Train/train_dag.py
[2024-10-06T21:35:34.478-0300] {processor.py:830} INFO - Processing file /opt/airflow/dags/Train/train_dag.py for tasks to queue
[2024-10-06T21:35:34.480-0300] {logging_mixin.py:188} INFO - [2024-10-06T21:35:34.479-0300] {dagbag.py:545} INFO - Filling up the DagBag from /opt/airflow/dags/Train/train_dag.py
[2024-10-06T21:35:34.529-0300] {processor.py:840} INFO - DAG(s) 'training' retrieved from /opt/airflow/dags/Train/train_dag.py
[2024-10-06T21:35:34.564-0300] {logging_mixin.py:188} INFO - [2024-10-06T21:35:34.563-0300] {dag.py:3096} INFO - Sync 1 DAGs
[2024-10-06T21:35:34.585-0300] {logging_mixin.py:188} INFO - [2024-10-06T21:35:34.585-0300] {dag.py:3954} INFO - Setting next_dagrun for training to None, run_after=None
[2024-10-06T21:35:34.626-0300] {processor.py:183} INFO - Processing /opt/airflow/dags/Train/train_dag.py took 0.157 seconds
[2024-10-06T21:36:05.079-0300] {processor.py:161} INFO - Started process (PID=551) to work on /opt/airflow/dags/Train/train_dag.py
[2024-10-06T21:36:05.081-0300] {processor.py:830} INFO - Processing file /opt/airflow/dags/Train/train_dag.py for tasks to queue
[2024-10-06T21:36:05.083-0300] {logging_mixin.py:188} INFO - [2024-10-06T21:36:05.082-0300] {dagbag.py:545} INFO - Filling up the DagBag from /opt/airflow/dags/Train/train_dag.py
[2024-10-06T21:36:05.140-0300] {processor.py:840} INFO - DAG(s) 'training' retrieved from /opt/airflow/dags/Train/train_dag.py
[2024-10-06T21:36:05.182-0300] {logging_mixin.py:188} INFO - [2024-10-06T21:36:05.182-0300] {dag.py:3096} INFO - Sync 1 DAGs
[2024-10-06T21:36:05.199-0300] {logging_mixin.py:188} INFO - [2024-10-06T21:36:05.199-0300] {dag.py:3954} INFO - Setting next_dagrun for training to None, run_after=None
[2024-10-06T21:36:05.229-0300] {processor.py:183} INFO - Processing /opt/airflow/dags/Train/train_dag.py took 0.157 seconds
[2024-10-06T21:36:35.723-0300] {processor.py:161} INFO - Started process (PID=561) to work on /opt/airflow/dags/Train/train_dag.py
[2024-10-06T21:36:35.725-0300] {processor.py:830} INFO - Processing file /opt/airflow/dags/Train/train_dag.py for tasks to queue
[2024-10-06T21:36:35.728-0300] {logging_mixin.py:188} INFO - [2024-10-06T21:36:35.727-0300] {dagbag.py:545} INFO - Filling up the DagBag from /opt/airflow/dags/Train/train_dag.py
[2024-10-06T21:36:35.775-0300] {processor.py:840} INFO - DAG(s) 'training' retrieved from /opt/airflow/dags/Train/train_dag.py
[2024-10-06T21:36:35.811-0300] {logging_mixin.py:188} INFO - [2024-10-06T21:36:35.810-0300] {dag.py:3096} INFO - Sync 1 DAGs
[2024-10-06T21:36:35.826-0300] {logging_mixin.py:188} INFO - [2024-10-06T21:36:35.826-0300] {dag.py:3954} INFO - Setting next_dagrun for training to None, run_after=None
[2024-10-06T21:36:35.856-0300] {processor.py:183} INFO - Processing /opt/airflow/dags/Train/train_dag.py took 0.145 seconds
[2024-10-06T21:37:06.342-0300] {processor.py:161} INFO - Started process (PID=571) to work on /opt/airflow/dags/Train/train_dag.py
[2024-10-06T21:37:06.344-0300] {processor.py:830} INFO - Processing file /opt/airflow/dags/Train/train_dag.py for tasks to queue
[2024-10-06T21:37:06.346-0300] {logging_mixin.py:188} INFO - [2024-10-06T21:37:06.346-0300] {dagbag.py:545} INFO - Filling up the DagBag from /opt/airflow/dags/Train/train_dag.py
[2024-10-06T21:37:06.402-0300] {processor.py:840} INFO - DAG(s) 'training' retrieved from /opt/airflow/dags/Train/train_dag.py
[2024-10-06T21:37:06.434-0300] {logging_mixin.py:188} INFO - [2024-10-06T21:37:06.434-0300] {dag.py:3096} INFO - Sync 1 DAGs
[2024-10-06T21:37:06.449-0300] {logging_mixin.py:188} INFO - [2024-10-06T21:37:06.449-0300] {dag.py:3954} INFO - Setting next_dagrun for training to None, run_after=None
[2024-10-06T21:37:06.483-0300] {processor.py:183} INFO - Processing /opt/airflow/dags/Train/train_dag.py took 0.149 seconds
[2024-10-06T21:37:36.923-0300] {processor.py:161} INFO - Started process (PID=581) to work on /opt/airflow/dags/Train/train_dag.py
[2024-10-06T21:37:36.925-0300] {processor.py:830} INFO - Processing file /opt/airflow/dags/Train/train_dag.py for tasks to queue
[2024-10-06T21:37:36.930-0300] {logging_mixin.py:188} INFO - [2024-10-06T21:37:36.930-0300] {dagbag.py:545} INFO - Filling up the DagBag from /opt/airflow/dags/Train/train_dag.py
[2024-10-06T21:37:36.980-0300] {processor.py:840} INFO - DAG(s) 'training' retrieved from /opt/airflow/dags/Train/train_dag.py
[2024-10-06T21:37:37.010-0300] {logging_mixin.py:188} INFO - [2024-10-06T21:37:37.010-0300] {dag.py:3096} INFO - Sync 1 DAGs
[2024-10-06T21:37:37.024-0300] {logging_mixin.py:188} INFO - [2024-10-06T21:37:37.024-0300] {dag.py:3954} INFO - Setting next_dagrun for training to None, run_after=None
[2024-10-06T21:37:37.062-0300] {processor.py:183} INFO - Processing /opt/airflow/dags/Train/train_dag.py took 0.146 seconds
[2024-10-06T21:38:07.544-0300] {processor.py:161} INFO - Started process (PID=591) to work on /opt/airflow/dags/Train/train_dag.py
[2024-10-06T21:38:07.546-0300] {processor.py:830} INFO - Processing file /opt/airflow/dags/Train/train_dag.py for tasks to queue
[2024-10-06T21:38:07.549-0300] {logging_mixin.py:188} INFO - [2024-10-06T21:38:07.548-0300] {dagbag.py:545} INFO - Filling up the DagBag from /opt/airflow/dags/Train/train_dag.py
[2024-10-06T21:38:07.601-0300] {processor.py:840} INFO - DAG(s) 'training' retrieved from /opt/airflow/dags/Train/train_dag.py
[2024-10-06T21:38:07.632-0300] {logging_mixin.py:188} INFO - [2024-10-06T21:38:07.632-0300] {dag.py:3096} INFO - Sync 1 DAGs
[2024-10-06T21:38:07.648-0300] {logging_mixin.py:188} INFO - [2024-10-06T21:38:07.647-0300] {dag.py:3954} INFO - Setting next_dagrun for training to None, run_after=None
[2024-10-06T21:38:07.712-0300] {processor.py:183} INFO - Processing /opt/airflow/dags/Train/train_dag.py took 0.177 seconds
[2024-10-06T21:38:38.215-0300] {processor.py:161} INFO - Started process (PID=601) to work on /opt/airflow/dags/Train/train_dag.py
[2024-10-06T21:38:38.217-0300] {processor.py:830} INFO - Processing file /opt/airflow/dags/Train/train_dag.py for tasks to queue
[2024-10-06T21:38:38.220-0300] {logging_mixin.py:188} INFO - [2024-10-06T21:38:38.219-0300] {dagbag.py:545} INFO - Filling up the DagBag from /opt/airflow/dags/Train/train_dag.py
[2024-10-06T21:38:38.277-0300] {processor.py:840} INFO - DAG(s) 'training' retrieved from /opt/airflow/dags/Train/train_dag.py
[2024-10-06T21:38:38.312-0300] {logging_mixin.py:188} INFO - [2024-10-06T21:38:38.311-0300] {dag.py:3096} INFO - Sync 1 DAGs
[2024-10-06T21:38:38.326-0300] {logging_mixin.py:188} INFO - [2024-10-06T21:38:38.326-0300] {dag.py:3954} INFO - Setting next_dagrun for training to None, run_after=None
[2024-10-06T21:38:38.359-0300] {processor.py:183} INFO - Processing /opt/airflow/dags/Train/train_dag.py took 0.151 seconds
[2024-10-06T21:39:08.836-0300] {processor.py:161} INFO - Started process (PID=611) to work on /opt/airflow/dags/Train/train_dag.py
[2024-10-06T21:39:08.838-0300] {processor.py:830} INFO - Processing file /opt/airflow/dags/Train/train_dag.py for tasks to queue
[2024-10-06T21:39:08.841-0300] {logging_mixin.py:188} INFO - [2024-10-06T21:39:08.840-0300] {dagbag.py:545} INFO - Filling up the DagBag from /opt/airflow/dags/Train/train_dag.py
[2024-10-06T21:39:08.889-0300] {processor.py:840} INFO - DAG(s) 'training' retrieved from /opt/airflow/dags/Train/train_dag.py
[2024-10-06T21:39:08.917-0300] {logging_mixin.py:188} INFO - [2024-10-06T21:39:08.916-0300] {dag.py:3096} INFO - Sync 1 DAGs
[2024-10-06T21:39:08.932-0300] {logging_mixin.py:188} INFO - [2024-10-06T21:39:08.931-0300] {dag.py:3954} INFO - Setting next_dagrun for training to None, run_after=None
[2024-10-06T21:39:08.961-0300] {processor.py:183} INFO - Processing /opt/airflow/dags/Train/train_dag.py took 0.131 seconds
[2024-10-06T21:39:39.459-0300] {processor.py:161} INFO - Started process (PID=621) to work on /opt/airflow/dags/Train/train_dag.py
[2024-10-06T21:39:39.460-0300] {processor.py:830} INFO - Processing file /opt/airflow/dags/Train/train_dag.py for tasks to queue
[2024-10-06T21:39:39.462-0300] {logging_mixin.py:188} INFO - [2024-10-06T21:39:39.462-0300] {dagbag.py:545} INFO - Filling up the DagBag from /opt/airflow/dags/Train/train_dag.py
[2024-10-06T21:39:39.523-0300] {processor.py:840} INFO - DAG(s) 'training' retrieved from /opt/airflow/dags/Train/train_dag.py
[2024-10-06T21:39:39.560-0300] {logging_mixin.py:188} INFO - [2024-10-06T21:39:39.559-0300] {dag.py:3096} INFO - Sync 1 DAGs
[2024-10-06T21:39:39.577-0300] {logging_mixin.py:188} INFO - [2024-10-06T21:39:39.577-0300] {dag.py:3954} INFO - Setting next_dagrun for training to None, run_after=None
[2024-10-06T21:39:39.608-0300] {processor.py:183} INFO - Processing /opt/airflow/dags/Train/train_dag.py took 0.160 seconds
[2024-10-06T21:40:10.101-0300] {processor.py:161} INFO - Started process (PID=631) to work on /opt/airflow/dags/Train/train_dag.py
[2024-10-06T21:40:10.103-0300] {processor.py:830} INFO - Processing file /opt/airflow/dags/Train/train_dag.py for tasks to queue
[2024-10-06T21:40:10.106-0300] {logging_mixin.py:188} INFO - [2024-10-06T21:40:10.106-0300] {dagbag.py:545} INFO - Filling up the DagBag from /opt/airflow/dags/Train/train_dag.py
[2024-10-06T21:40:10.171-0300] {processor.py:840} INFO - DAG(s) 'training' retrieved from /opt/airflow/dags/Train/train_dag.py
[2024-10-06T21:40:10.200-0300] {logging_mixin.py:188} INFO - [2024-10-06T21:40:10.199-0300] {dag.py:3096} INFO - Sync 1 DAGs
[2024-10-06T21:40:10.217-0300] {logging_mixin.py:188} INFO - [2024-10-06T21:40:10.217-0300] {dag.py:3954} INFO - Setting next_dagrun for training to None, run_after=None
[2024-10-06T21:40:10.258-0300] {processor.py:183} INFO - Processing /opt/airflow/dags/Train/train_dag.py took 0.164 seconds
[2024-10-06T21:40:41.040-0300] {processor.py:161} INFO - Started process (PID=647) to work on /opt/airflow/dags/Train/train_dag.py
[2024-10-06T21:40:41.041-0300] {processor.py:830} INFO - Processing file /opt/airflow/dags/Train/train_dag.py for tasks to queue
[2024-10-06T21:40:41.043-0300] {logging_mixin.py:188} INFO - [2024-10-06T21:40:41.043-0300] {dagbag.py:545} INFO - Filling up the DagBag from /opt/airflow/dags/Train/train_dag.py
[2024-10-06T21:40:41.105-0300] {processor.py:840} INFO - DAG(s) 'training' retrieved from /opt/airflow/dags/Train/train_dag.py
[2024-10-06T21:40:41.145-0300] {logging_mixin.py:188} INFO - [2024-10-06T21:40:41.145-0300] {dag.py:3096} INFO - Sync 1 DAGs
[2024-10-06T21:40:41.168-0300] {logging_mixin.py:188} INFO - [2024-10-06T21:40:41.167-0300] {dag.py:3954} INFO - Setting next_dagrun for training to None, run_after=None
[2024-10-06T21:40:41.208-0300] {processor.py:183} INFO - Processing /opt/airflow/dags/Train/train_dag.py took 0.178 seconds
[2024-10-06T21:41:11.881-0300] {processor.py:161} INFO - Started process (PID=657) to work on /opt/airflow/dags/Train/train_dag.py
[2024-10-06T21:41:11.883-0300] {processor.py:830} INFO - Processing file /opt/airflow/dags/Train/train_dag.py for tasks to queue
[2024-10-06T21:41:11.888-0300] {logging_mixin.py:188} INFO - [2024-10-06T21:41:11.886-0300] {dagbag.py:545} INFO - Filling up the DagBag from /opt/airflow/dags/Train/train_dag.py
[2024-10-06T21:41:11.941-0300] {processor.py:840} INFO - DAG(s) 'training' retrieved from /opt/airflow/dags/Train/train_dag.py
[2024-10-06T21:41:11.972-0300] {logging_mixin.py:188} INFO - [2024-10-06T21:41:11.971-0300] {dag.py:3096} INFO - Sync 1 DAGs
[2024-10-06T21:41:11.995-0300] {logging_mixin.py:188} INFO - [2024-10-06T21:41:11.994-0300] {dag.py:3954} INFO - Setting next_dagrun for training to None, run_after=None
[2024-10-06T21:41:12.032-0300] {processor.py:183} INFO - Processing /opt/airflow/dags/Train/train_dag.py took 0.157 seconds
[2024-10-06T21:41:42.694-0300] {processor.py:161} INFO - Started process (PID=668) to work on /opt/airflow/dags/Train/train_dag.py
[2024-10-06T21:41:42.696-0300] {processor.py:830} INFO - Processing file /opt/airflow/dags/Train/train_dag.py for tasks to queue
[2024-10-06T21:41:42.698-0300] {logging_mixin.py:188} INFO - [2024-10-06T21:41:42.698-0300] {dagbag.py:545} INFO - Filling up the DagBag from /opt/airflow/dags/Train/train_dag.py
[2024-10-06T21:41:42.743-0300] {processor.py:840} INFO - DAG(s) 'training' retrieved from /opt/airflow/dags/Train/train_dag.py
[2024-10-06T21:41:42.772-0300] {logging_mixin.py:188} INFO - [2024-10-06T21:41:42.772-0300] {dag.py:3096} INFO - Sync 1 DAGs
[2024-10-06T21:41:42.786-0300] {logging_mixin.py:188} INFO - [2024-10-06T21:41:42.786-0300] {dag.py:3954} INFO - Setting next_dagrun for training to None, run_after=None
[2024-10-06T21:41:42.814-0300] {processor.py:183} INFO - Processing /opt/airflow/dags/Train/train_dag.py took 0.125 seconds
[2024-10-06T21:41:54.073-0300] {processor.py:161} INFO - Started process (PID=673) to work on /opt/airflow/dags/Train/train_dag.py
[2024-10-06T21:41:54.074-0300] {processor.py:830} INFO - Processing file /opt/airflow/dags/Train/train_dag.py for tasks to queue
[2024-10-06T21:41:54.075-0300] {logging_mixin.py:188} INFO - [2024-10-06T21:41:54.075-0300] {dagbag.py:545} INFO - Filling up the DagBag from /opt/airflow/dags/Train/train_dag.py
[2024-10-06T21:41:54.139-0300] {processor.py:840} INFO - DAG(s) 'training' retrieved from /opt/airflow/dags/Train/train_dag.py
[2024-10-06T21:41:54.173-0300] {logging_mixin.py:188} INFO - [2024-10-06T21:41:54.173-0300] {dag.py:3096} INFO - Sync 1 DAGs
[2024-10-06T21:41:54.188-0300] {logging_mixin.py:188} INFO - [2024-10-06T21:41:54.188-0300] {dag.py:3954} INFO - Setting next_dagrun for training to None, run_after=None
[2024-10-06T21:41:54.238-0300] {processor.py:183} INFO - Processing /opt/airflow/dags/Train/train_dag.py took 0.170 seconds
[2024-10-06T21:42:24.548-0300] {processor.py:161} INFO - Started process (PID=683) to work on /opt/airflow/dags/Train/train_dag.py
[2024-10-06T21:42:24.550-0300] {processor.py:830} INFO - Processing file /opt/airflow/dags/Train/train_dag.py for tasks to queue
[2024-10-06T21:42:24.552-0300] {logging_mixin.py:188} INFO - [2024-10-06T21:42:24.552-0300] {dagbag.py:545} INFO - Filling up the DagBag from /opt/airflow/dags/Train/train_dag.py
[2024-10-06T21:42:24.593-0300] {processor.py:840} INFO - DAG(s) 'training' retrieved from /opt/airflow/dags/Train/train_dag.py
[2024-10-06T21:42:24.620-0300] {logging_mixin.py:188} INFO - [2024-10-06T21:42:24.620-0300] {dag.py:3096} INFO - Sync 1 DAGs
[2024-10-06T21:42:24.634-0300] {logging_mixin.py:188} INFO - [2024-10-06T21:42:24.633-0300] {dag.py:3954} INFO - Setting next_dagrun for training to None, run_after=None
[2024-10-06T21:42:24.661-0300] {processor.py:183} INFO - Processing /opt/airflow/dags/Train/train_dag.py took 0.119 seconds
[2024-10-06T21:42:55.108-0300] {processor.py:161} INFO - Started process (PID=693) to work on /opt/airflow/dags/Train/train_dag.py
[2024-10-06T21:42:55.109-0300] {processor.py:830} INFO - Processing file /opt/airflow/dags/Train/train_dag.py for tasks to queue
[2024-10-06T21:42:55.110-0300] {logging_mixin.py:188} INFO - [2024-10-06T21:42:55.109-0300] {dagbag.py:545} INFO - Filling up the DagBag from /opt/airflow/dags/Train/train_dag.py
[2024-10-06T21:42:55.165-0300] {processor.py:840} INFO - DAG(s) 'training' retrieved from /opt/airflow/dags/Train/train_dag.py
[2024-10-06T21:42:55.191-0300] {logging_mixin.py:188} INFO - [2024-10-06T21:42:55.191-0300] {dag.py:3096} INFO - Sync 1 DAGs
[2024-10-06T21:42:55.205-0300] {logging_mixin.py:188} INFO - [2024-10-06T21:42:55.205-0300] {dag.py:3954} INFO - Setting next_dagrun for training to None, run_after=None
[2024-10-06T21:42:55.234-0300] {processor.py:183} INFO - Processing /opt/airflow/dags/Train/train_dag.py took 0.132 seconds
[2024-10-06T21:43:25.784-0300] {processor.py:161} INFO - Started process (PID=703) to work on /opt/airflow/dags/Train/train_dag.py
[2024-10-06T21:43:25.785-0300] {processor.py:830} INFO - Processing file /opt/airflow/dags/Train/train_dag.py for tasks to queue
[2024-10-06T21:43:25.786-0300] {logging_mixin.py:188} INFO - [2024-10-06T21:43:25.786-0300] {dagbag.py:545} INFO - Filling up the DagBag from /opt/airflow/dags/Train/train_dag.py
[2024-10-06T21:43:25.828-0300] {processor.py:840} INFO - DAG(s) 'training' retrieved from /opt/airflow/dags/Train/train_dag.py
[2024-10-06T21:43:25.868-0300] {logging_mixin.py:188} INFO - [2024-10-06T21:43:25.867-0300] {dag.py:3096} INFO - Sync 1 DAGs
[2024-10-06T21:43:25.891-0300] {logging_mixin.py:188} INFO - [2024-10-06T21:43:25.890-0300] {dag.py:3954} INFO - Setting next_dagrun for training to None, run_after=None
[2024-10-06T21:43:25.922-0300] {processor.py:183} INFO - Processing /opt/airflow/dags/Train/train_dag.py took 0.145 seconds
[2024-10-06T21:43:56.486-0300] {processor.py:161} INFO - Started process (PID=713) to work on /opt/airflow/dags/Train/train_dag.py
[2024-10-06T21:43:56.487-0300] {processor.py:830} INFO - Processing file /opt/airflow/dags/Train/train_dag.py for tasks to queue
[2024-10-06T21:43:56.488-0300] {logging_mixin.py:188} INFO - [2024-10-06T21:43:56.488-0300] {dagbag.py:545} INFO - Filling up the DagBag from /opt/airflow/dags/Train/train_dag.py
[2024-10-06T21:43:56.540-0300] {processor.py:840} INFO - DAG(s) 'training' retrieved from /opt/airflow/dags/Train/train_dag.py
[2024-10-06T21:43:56.574-0300] {logging_mixin.py:188} INFO - [2024-10-06T21:43:56.574-0300] {dag.py:3096} INFO - Sync 1 DAGs
[2024-10-06T21:43:56.593-0300] {logging_mixin.py:188} INFO - [2024-10-06T21:43:56.593-0300] {dag.py:3954} INFO - Setting next_dagrun for training to None, run_after=None
[2024-10-06T21:43:56.636-0300] {processor.py:183} INFO - Processing /opt/airflow/dags/Train/train_dag.py took 0.158 seconds
[2024-10-06T21:44:27.121-0300] {processor.py:161} INFO - Started process (PID=723) to work on /opt/airflow/dags/Train/train_dag.py
[2024-10-06T21:44:27.122-0300] {processor.py:830} INFO - Processing file /opt/airflow/dags/Train/train_dag.py for tasks to queue
[2024-10-06T21:44:27.123-0300] {logging_mixin.py:188} INFO - [2024-10-06T21:44:27.123-0300] {dagbag.py:545} INFO - Filling up the DagBag from /opt/airflow/dags/Train/train_dag.py
[2024-10-06T21:44:27.181-0300] {processor.py:840} INFO - DAG(s) 'training' retrieved from /opt/airflow/dags/Train/train_dag.py
[2024-10-06T21:44:27.210-0300] {logging_mixin.py:188} INFO - [2024-10-06T21:44:27.209-0300] {dag.py:3096} INFO - Sync 1 DAGs
[2024-10-06T21:44:27.228-0300] {logging_mixin.py:188} INFO - [2024-10-06T21:44:27.228-0300] {dag.py:3954} INFO - Setting next_dagrun for training to None, run_after=None
[2024-10-06T21:44:27.255-0300] {processor.py:183} INFO - Processing /opt/airflow/dags/Train/train_dag.py took 0.140 seconds
[2024-10-06T21:44:57.782-0300] {processor.py:161} INFO - Started process (PID=733) to work on /opt/airflow/dags/Train/train_dag.py
[2024-10-06T21:44:57.785-0300] {processor.py:830} INFO - Processing file /opt/airflow/dags/Train/train_dag.py for tasks to queue
[2024-10-06T21:44:57.786-0300] {logging_mixin.py:188} INFO - [2024-10-06T21:44:57.786-0300] {dagbag.py:545} INFO - Filling up the DagBag from /opt/airflow/dags/Train/train_dag.py
[2024-10-06T21:44:57.846-0300] {processor.py:840} INFO - DAG(s) 'training' retrieved from /opt/airflow/dags/Train/train_dag.py
[2024-10-06T21:44:57.887-0300] {logging_mixin.py:188} INFO - [2024-10-06T21:44:57.886-0300] {dag.py:3096} INFO - Sync 1 DAGs
[2024-10-06T21:44:57.905-0300] {logging_mixin.py:188} INFO - [2024-10-06T21:44:57.905-0300] {dag.py:3954} INFO - Setting next_dagrun for training to None, run_after=None
[2024-10-06T21:44:57.941-0300] {processor.py:183} INFO - Processing /opt/airflow/dags/Train/train_dag.py took 0.169 seconds
[2024-10-07T20:55:09.917-0300] {processor.py:161} INFO - Started process (PID=40) to work on /opt/airflow/dags/Train/train_dag.py
[2024-10-07T20:55:09.923-0300] {processor.py:830} INFO - Processing file /opt/airflow/dags/Train/train_dag.py for tasks to queue
[2024-10-07T20:55:09.932-0300] {logging_mixin.py:188} INFO - [2024-10-07T20:55:09.931-0300] {dagbag.py:545} INFO - Filling up the DagBag from /opt/airflow/dags/Train/train_dag.py
[2024-10-07T20:55:10.016-0300] {processor.py:840} INFO - DAG(s) 'training' retrieved from /opt/airflow/dags/Train/train_dag.py
[2024-10-07T20:55:10.226-0300] {logging_mixin.py:188} INFO - [2024-10-07T20:55:10.226-0300] {dag.py:3096} INFO - Sync 1 DAGs
[2024-10-07T20:55:10.254-0300] {logging_mixin.py:188} INFO - [2024-10-07T20:55:10.253-0300] {dag.py:3954} INFO - Setting next_dagrun for training to None, run_after=None
[2024-10-07T20:55:10.301-0300] {processor.py:183} INFO - Processing /opt/airflow/dags/Train/train_dag.py took 0.401 seconds
[2024-10-07T20:55:40.628-0300] {processor.py:161} INFO - Started process (PID=49) to work on /opt/airflow/dags/Train/train_dag.py
[2024-10-07T20:55:40.630-0300] {processor.py:830} INFO - Processing file /opt/airflow/dags/Train/train_dag.py for tasks to queue
[2024-10-07T20:55:40.633-0300] {logging_mixin.py:188} INFO - [2024-10-07T20:55:40.633-0300] {dagbag.py:545} INFO - Filling up the DagBag from /opt/airflow/dags/Train/train_dag.py
[2024-10-07T20:55:40.685-0300] {processor.py:840} INFO - DAG(s) 'training' retrieved from /opt/airflow/dags/Train/train_dag.py
[2024-10-07T20:55:40.990-0300] {logging_mixin.py:188} INFO - [2024-10-07T20:55:40.989-0300] {dag.py:3096} INFO - Sync 1 DAGs
[2024-10-07T20:55:41.013-0300] {logging_mixin.py:188} INFO - [2024-10-07T20:55:41.012-0300] {dag.py:3954} INFO - Setting next_dagrun for training to None, run_after=None
[2024-10-07T20:55:41.045-0300] {processor.py:183} INFO - Processing /opt/airflow/dags/Train/train_dag.py took 0.423 seconds
[2024-10-07T20:56:12.047-0300] {processor.py:161} INFO - Started process (PID=58) to work on /opt/airflow/dags/Train/train_dag.py
[2024-10-07T20:56:12.049-0300] {processor.py:830} INFO - Processing file /opt/airflow/dags/Train/train_dag.py for tasks to queue
[2024-10-07T20:56:12.051-0300] {logging_mixin.py:188} INFO - [2024-10-07T20:56:12.051-0300] {dagbag.py:545} INFO - Filling up the DagBag from /opt/airflow/dags/Train/train_dag.py
[2024-10-07T20:56:12.101-0300] {processor.py:840} INFO - DAG(s) 'training' retrieved from /opt/airflow/dags/Train/train_dag.py
[2024-10-07T20:56:12.133-0300] {logging_mixin.py:188} INFO - [2024-10-07T20:56:12.132-0300] {dag.py:3096} INFO - Sync 1 DAGs
[2024-10-07T20:56:12.148-0300] {logging_mixin.py:188} INFO - [2024-10-07T20:56:12.148-0300] {dag.py:3954} INFO - Setting next_dagrun for training to None, run_after=None
[2024-10-07T20:56:12.173-0300] {processor.py:183} INFO - Processing /opt/airflow/dags/Train/train_dag.py took 0.133 seconds
[2024-10-07T20:56:42.455-0300] {processor.py:161} INFO - Started process (PID=67) to work on /opt/airflow/dags/Train/train_dag.py
[2024-10-07T20:56:42.456-0300] {processor.py:830} INFO - Processing file /opt/airflow/dags/Train/train_dag.py for tasks to queue
[2024-10-07T20:56:42.459-0300] {logging_mixin.py:188} INFO - [2024-10-07T20:56:42.458-0300] {dagbag.py:545} INFO - Filling up the DagBag from /opt/airflow/dags/Train/train_dag.py
[2024-10-07T20:56:42.500-0300] {processor.py:840} INFO - DAG(s) 'training' retrieved from /opt/airflow/dags/Train/train_dag.py
[2024-10-07T20:56:42.527-0300] {logging_mixin.py:188} INFO - [2024-10-07T20:56:42.527-0300] {dag.py:3096} INFO - Sync 1 DAGs
[2024-10-07T20:56:42.550-0300] {logging_mixin.py:188} INFO - [2024-10-07T20:56:42.550-0300] {dag.py:3954} INFO - Setting next_dagrun for training to None, run_after=None
[2024-10-07T20:56:42.593-0300] {processor.py:183} INFO - Processing /opt/airflow/dags/Train/train_dag.py took 0.143 seconds
[2024-10-07T20:57:12.692-0300] {processor.py:161} INFO - Started process (PID=76) to work on /opt/airflow/dags/Train/train_dag.py
[2024-10-07T20:57:12.693-0300] {processor.py:830} INFO - Processing file /opt/airflow/dags/Train/train_dag.py for tasks to queue
[2024-10-07T20:57:12.695-0300] {logging_mixin.py:188} INFO - [2024-10-07T20:57:12.695-0300] {dagbag.py:545} INFO - Filling up the DagBag from /opt/airflow/dags/Train/train_dag.py
[2024-10-07T20:57:12.729-0300] {processor.py:840} INFO - DAG(s) 'training' retrieved from /opt/airflow/dags/Train/train_dag.py
[2024-10-07T20:57:12.751-0300] {logging_mixin.py:188} INFO - [2024-10-07T20:57:12.751-0300] {dag.py:3096} INFO - Sync 1 DAGs
[2024-10-07T20:57:12.763-0300] {logging_mixin.py:188} INFO - [2024-10-07T20:57:12.763-0300] {dag.py:3954} INFO - Setting next_dagrun for training to None, run_after=None
[2024-10-07T20:57:12.785-0300] {processor.py:183} INFO - Processing /opt/airflow/dags/Train/train_dag.py took 0.097 seconds
[2024-10-07T20:57:43.128-0300] {processor.py:161} INFO - Started process (PID=85) to work on /opt/airflow/dags/Train/train_dag.py
[2024-10-07T20:57:43.129-0300] {processor.py:830} INFO - Processing file /opt/airflow/dags/Train/train_dag.py for tasks to queue
[2024-10-07T20:57:43.131-0300] {logging_mixin.py:188} INFO - [2024-10-07T20:57:43.131-0300] {dagbag.py:545} INFO - Filling up the DagBag from /opt/airflow/dags/Train/train_dag.py
[2024-10-07T20:57:43.183-0300] {processor.py:840} INFO - DAG(s) 'training' retrieved from /opt/airflow/dags/Train/train_dag.py
[2024-10-07T20:57:43.213-0300] {logging_mixin.py:188} INFO - [2024-10-07T20:57:43.213-0300] {dag.py:3096} INFO - Sync 1 DAGs
[2024-10-07T20:57:43.227-0300] {logging_mixin.py:188} INFO - [2024-10-07T20:57:43.226-0300] {dag.py:3954} INFO - Setting next_dagrun for training to None, run_after=None
[2024-10-07T20:57:43.252-0300] {processor.py:183} INFO - Processing /opt/airflow/dags/Train/train_dag.py took 0.129 seconds
[2024-10-07T20:58:13.673-0300] {processor.py:161} INFO - Started process (PID=94) to work on /opt/airflow/dags/Train/train_dag.py
[2024-10-07T20:58:13.675-0300] {processor.py:830} INFO - Processing file /opt/airflow/dags/Train/train_dag.py for tasks to queue
[2024-10-07T20:58:13.679-0300] {logging_mixin.py:188} INFO - [2024-10-07T20:58:13.678-0300] {dagbag.py:545} INFO - Filling up the DagBag from /opt/airflow/dags/Train/train_dag.py
[2024-10-07T20:58:13.780-0300] {processor.py:840} INFO - DAG(s) 'training' retrieved from /opt/airflow/dags/Train/train_dag.py
[2024-10-07T20:58:13.842-0300] {logging_mixin.py:188} INFO - [2024-10-07T20:58:13.842-0300] {dag.py:3096} INFO - Sync 1 DAGs
[2024-10-07T20:58:13.875-0300] {logging_mixin.py:188} INFO - [2024-10-07T20:58:13.874-0300] {dag.py:3954} INFO - Setting next_dagrun for training to None, run_after=None
[2024-10-07T20:58:13.929-0300] {processor.py:183} INFO - Processing /opt/airflow/dags/Train/train_dag.py took 0.268 seconds
[2024-10-07T20:58:44.319-0300] {processor.py:161} INFO - Started process (PID=103) to work on /opt/airflow/dags/Train/train_dag.py
[2024-10-07T20:58:44.320-0300] {processor.py:830} INFO - Processing file /opt/airflow/dags/Train/train_dag.py for tasks to queue
[2024-10-07T20:58:44.322-0300] {logging_mixin.py:188} INFO - [2024-10-07T20:58:44.321-0300] {dagbag.py:545} INFO - Filling up the DagBag from /opt/airflow/dags/Train/train_dag.py
[2024-10-07T20:58:44.358-0300] {processor.py:840} INFO - DAG(s) 'training' retrieved from /opt/airflow/dags/Train/train_dag.py
[2024-10-07T20:58:44.382-0300] {logging_mixin.py:188} INFO - [2024-10-07T20:58:44.381-0300] {dag.py:3096} INFO - Sync 1 DAGs
[2024-10-07T20:58:44.393-0300] {logging_mixin.py:188} INFO - [2024-10-07T20:58:44.393-0300] {dag.py:3954} INFO - Setting next_dagrun for training to None, run_after=None
[2024-10-07T20:58:44.417-0300] {processor.py:183} INFO - Processing /opt/airflow/dags/Train/train_dag.py took 0.102 seconds
[2024-10-07T20:59:14.757-0300] {processor.py:161} INFO - Started process (PID=112) to work on /opt/airflow/dags/Train/train_dag.py
[2024-10-07T20:59:14.758-0300] {processor.py:830} INFO - Processing file /opt/airflow/dags/Train/train_dag.py for tasks to queue
[2024-10-07T20:59:14.760-0300] {logging_mixin.py:188} INFO - [2024-10-07T20:59:14.760-0300] {dagbag.py:545} INFO - Filling up the DagBag from /opt/airflow/dags/Train/train_dag.py
[2024-10-07T20:59:14.807-0300] {processor.py:840} INFO - DAG(s) 'training' retrieved from /opt/airflow/dags/Train/train_dag.py
[2024-10-07T20:59:14.834-0300] {logging_mixin.py:188} INFO - [2024-10-07T20:59:14.834-0300] {dag.py:3096} INFO - Sync 1 DAGs
[2024-10-07T20:59:14.848-0300] {logging_mixin.py:188} INFO - [2024-10-07T20:59:14.848-0300] {dag.py:3954} INFO - Setting next_dagrun for training to None, run_after=None
[2024-10-07T20:59:14.883-0300] {processor.py:183} INFO - Processing /opt/airflow/dags/Train/train_dag.py took 0.131 seconds
[2024-10-07T20:59:45.289-0300] {processor.py:161} INFO - Started process (PID=121) to work on /opt/airflow/dags/Train/train_dag.py
[2024-10-07T20:59:45.290-0300] {processor.py:830} INFO - Processing file /opt/airflow/dags/Train/train_dag.py for tasks to queue
[2024-10-07T20:59:45.293-0300] {logging_mixin.py:188} INFO - [2024-10-07T20:59:45.293-0300] {dagbag.py:545} INFO - Filling up the DagBag from /opt/airflow/dags/Train/train_dag.py
[2024-10-07T20:59:45.332-0300] {processor.py:840} INFO - DAG(s) 'training' retrieved from /opt/airflow/dags/Train/train_dag.py
[2024-10-07T20:59:45.357-0300] {logging_mixin.py:188} INFO - [2024-10-07T20:59:45.357-0300] {dag.py:3096} INFO - Sync 1 DAGs
[2024-10-07T20:59:45.370-0300] {logging_mixin.py:188} INFO - [2024-10-07T20:59:45.370-0300] {dag.py:3954} INFO - Setting next_dagrun for training to None, run_after=None
[2024-10-07T20:59:45.398-0300] {processor.py:183} INFO - Processing /opt/airflow/dags/Train/train_dag.py took 0.113 seconds
