[2024-10-08T09:22:23.612-0300] {local_task_job_runner.py:120} INFO - ::group::Pre task execution logs
[2024-10-08T09:22:23.641-0300] {taskinstance.py:2076} INFO - Dependencies all met for dep_context=non-requeueable deps ti=<TaskInstance: preprocess_predict.prediction manual__2024-10-08T12:21:57.681416+00:00 [queued]>
[2024-10-08T09:22:23.652-0300] {taskinstance.py:2076} INFO - Dependencies all met for dep_context=requeueable deps ti=<TaskInstance: preprocess_predict.prediction manual__2024-10-08T12:21:57.681416+00:00 [queued]>
[2024-10-08T09:22:23.653-0300] {taskinstance.py:2306} INFO - Starting attempt 1 of 1
[2024-10-08T09:22:23.672-0300] {taskinstance.py:2330} INFO - Executing <Task(_PythonVirtualenvDecoratedOperator): prediction> on 2024-10-08 12:21:57.681416+00:00
[2024-10-08T09:22:23.678-0300] {warnings.py:110} WARNING - /home/***/.local/lib/python3.12/site-packages/***/task/task_runner/standard_task_runner.py:61: DeprecationWarning: This process (pid=197) is multi-threaded, use of fork() may lead to deadlocks in the child.
  pid = os.fork()

[2024-10-08T09:22:23.679-0300] {standard_task_runner.py:63} INFO - Started process 198 to run task
[2024-10-08T09:22:23.680-0300] {standard_task_runner.py:90} INFO - Running: ['***', 'tasks', 'run', 'preprocess_predict', 'prediction', 'manual__2024-10-08T12:21:57.681416+00:00', '--job-id', '138', '--raw', '--subdir', 'DAGS_FOLDER/Predict/preprocess_predict.py', '--cfg-path', '/tmp/tmpqo2q7e3s']
[2024-10-08T09:22:23.682-0300] {standard_task_runner.py:91} INFO - Job 138: Subtask prediction
[2024-10-08T09:22:23.734-0300] {task_command.py:426} INFO - Running <TaskInstance: preprocess_predict.prediction manual__2024-10-08T12:21:57.681416+00:00 [running]> on host 4a07270c49a4
[2024-10-08T09:22:23.844-0300] {taskinstance.py:2648} INFO - Exporting env vars: AIRFLOW_CTX_DAG_OWNER='***' AIRFLOW_CTX_DAG_ID='preprocess_predict' AIRFLOW_CTX_TASK_ID='prediction' AIRFLOW_CTX_EXECUTION_DATE='2024-10-08T12:21:57.681416+00:00' AIRFLOW_CTX_TRY_NUMBER='1' AIRFLOW_CTX_DAG_RUN_ID='manual__2024-10-08T12:21:57.681416+00:00'
[2024-10-08T09:22:23.846-0300] {taskinstance.py:430} INFO - ::endgroup::
[2024-10-08T09:22:23.847-0300] {process_utils.py:183} INFO - Executing cmd: /home/***/.local/bin/python -m virtualenv /tmp/venv26wy3te1 --python=python
[2024-10-08T09:22:23.848-0300] {process_utils.py:187} INFO - Output:
[2024-10-08T09:22:24.577-0300] {process_utils.py:191} INFO - created virtual environment CPython3.12.3.final.0-64 in 193ms
[2024-10-08T09:22:24.578-0300] {process_utils.py:191} INFO -   creator CPython3Posix(dest=/tmp/venv26wy3te1, clear=False, no_vcs_ignore=False, global=False)
[2024-10-08T09:22:24.579-0300] {process_utils.py:191} INFO -   seeder FromAppData(download=False, pip=bundle, via=copy, app_data_dir=/home/***/.local/share/virtualenv)
[2024-10-08T09:22:24.580-0300] {process_utils.py:191} INFO -     added seed packages: pip==24.2
[2024-10-08T09:22:24.581-0300] {process_utils.py:191} INFO -   activators BashActivator,CShellActivator,FishActivator,NushellActivator,PowerShellActivator,PythonActivator
[2024-10-08T09:22:24.610-0300] {process_utils.py:183} INFO - Executing cmd: /tmp/venv26wy3te1/bin/pip install -r /tmp/venv26wy3te1/requirements.txt
[2024-10-08T09:22:24.612-0300] {process_utils.py:187} INFO - Output:
[2024-10-08T09:22:26.118-0300] {process_utils.py:191} INFO - Collecting joblib (from -r /tmp/venv26wy3te1/requirements.txt (line 1))
[2024-10-08T09:22:26.120-0300] {process_utils.py:191} INFO -   Using cached joblib-1.4.2-py3-none-any.whl.metadata (5.4 kB)
[2024-10-08T09:22:26.360-0300] {process_utils.py:191} INFO - Collecting numpy (from -r /tmp/venv26wy3te1/requirements.txt (line 2))
[2024-10-08T09:22:26.363-0300] {process_utils.py:191} INFO -   Using cached numpy-2.1.2-cp312-cp312-manylinux_2_17_x86_64.manylinux2014_x86_64.whl.metadata (60 kB)
[2024-10-08T09:22:26.663-0300] {process_utils.py:191} INFO - Collecting pandas (from -r /tmp/venv26wy3te1/requirements.txt (line 3))
[2024-10-08T09:22:26.665-0300] {process_utils.py:191} INFO -   Using cached pandas-2.2.3-cp312-cp312-manylinux_2_17_x86_64.manylinux2014_x86_64.whl.metadata (89 kB)
[2024-10-08T09:22:26.838-0300] {process_utils.py:191} INFO - Collecting scikit-learn (from -r /tmp/venv26wy3te1/requirements.txt (line 4))
[2024-10-08T09:22:26.840-0300] {process_utils.py:191} INFO -   Using cached scikit_learn-1.5.2-cp312-cp312-manylinux_2_17_x86_64.manylinux2014_x86_64.whl.metadata (13 kB)
[2024-10-08T09:22:26.898-0300] {process_utils.py:191} INFO - Collecting python-dateutil>=2.8.2 (from pandas->-r /tmp/venv26wy3te1/requirements.txt (line 3))
[2024-10-08T09:22:26.900-0300] {process_utils.py:191} INFO -   Using cached python_dateutil-2.9.0.post0-py2.py3-none-any.whl.metadata (8.4 kB)
[2024-10-08T09:22:26.992-0300] {process_utils.py:191} INFO - Collecting pytz>=2020.1 (from pandas->-r /tmp/venv26wy3te1/requirements.txt (line 3))
[2024-10-08T09:22:26.995-0300] {process_utils.py:191} INFO -   Using cached pytz-2024.2-py2.py3-none-any.whl.metadata (22 kB)
[2024-10-08T09:22:27.030-0300] {process_utils.py:191} INFO - Collecting tzdata>=2022.7 (from pandas->-r /tmp/venv26wy3te1/requirements.txt (line 3))
[2024-10-08T09:22:27.032-0300] {process_utils.py:191} INFO -   Using cached tzdata-2024.2-py2.py3-none-any.whl.metadata (1.4 kB)
[2024-10-08T09:22:27.208-0300] {process_utils.py:191} INFO - Collecting scipy>=1.6.0 (from scikit-learn->-r /tmp/venv26wy3te1/requirements.txt (line 4))
[2024-10-08T09:22:27.211-0300] {process_utils.py:191} INFO -   Using cached scipy-1.14.1-cp312-cp312-manylinux_2_17_x86_64.manylinux2014_x86_64.whl.metadata (60 kB)
[2024-10-08T09:22:27.272-0300] {process_utils.py:191} INFO - Collecting threadpoolctl>=3.1.0 (from scikit-learn->-r /tmp/venv26wy3te1/requirements.txt (line 4))
[2024-10-08T09:22:27.275-0300] {process_utils.py:191} INFO -   Using cached threadpoolctl-3.5.0-py3-none-any.whl.metadata (13 kB)
[2024-10-08T09:22:27.304-0300] {process_utils.py:191} INFO - Collecting six>=1.5 (from python-dateutil>=2.8.2->pandas->-r /tmp/venv26wy3te1/requirements.txt (line 3))
[2024-10-08T09:22:27.306-0300] {process_utils.py:191} INFO -   Using cached six-1.16.0-py2.py3-none-any.whl.metadata (1.8 kB)
[2024-10-08T09:22:27.329-0300] {process_utils.py:191} INFO - Using cached joblib-1.4.2-py3-none-any.whl (301 kB)
[2024-10-08T09:22:27.332-0300] {process_utils.py:191} INFO - Using cached numpy-2.1.2-cp312-cp312-manylinux_2_17_x86_64.manylinux2014_x86_64.whl (16.0 MB)
[2024-10-08T09:22:27.349-0300] {process_utils.py:191} INFO - Using cached pandas-2.2.3-cp312-cp312-manylinux_2_17_x86_64.manylinux2014_x86_64.whl (12.7 MB)
[2024-10-08T09:22:27.366-0300] {process_utils.py:191} INFO - Using cached scikit_learn-1.5.2-cp312-cp312-manylinux_2_17_x86_64.manylinux2014_x86_64.whl (12.9 MB)
[2024-10-08T09:22:27.406-0300] {process_utils.py:191} INFO - Using cached python_dateutil-2.9.0.post0-py2.py3-none-any.whl (229 kB)
[2024-10-08T09:22:27.409-0300] {process_utils.py:191} INFO - Using cached pytz-2024.2-py2.py3-none-any.whl (508 kB)
[2024-10-08T09:22:27.415-0300] {process_utils.py:191} INFO - Using cached scipy-1.14.1-cp312-cp312-manylinux_2_17_x86_64.manylinux2014_x86_64.whl (40.8 MB)
[2024-10-08T09:22:27.518-0300] {process_utils.py:191} INFO - Using cached threadpoolctl-3.5.0-py3-none-any.whl (18 kB)
[2024-10-08T09:22:27.521-0300] {process_utils.py:191} INFO - Using cached tzdata-2024.2-py2.py3-none-any.whl (346 kB)
[2024-10-08T09:22:27.523-0300] {process_utils.py:191} INFO - Using cached six-1.16.0-py2.py3-none-any.whl (11 kB)
[2024-10-08T09:22:27.762-0300] {process_utils.py:191} INFO - Installing collected packages: pytz, tzdata, threadpoolctl, six, numpy, joblib, scipy, python-dateutil, scikit-learn, pandas
[2024-10-08T09:22:42.740-0300] {process_utils.py:191} INFO - Successfully installed joblib-1.4.2 numpy-2.1.2 pandas-2.2.3 python-dateutil-2.9.0.post0 pytz-2024.2 scikit-learn-1.5.2 scipy-1.14.1 six-1.16.0 threadpoolctl-3.5.0 tzdata-2024.2
[2024-10-08T09:22:43.146-0300] {process_utils.py:183} INFO - Executing cmd: /tmp/venv26wy3te1/bin/python /tmp/venv-calltwzih6m8/script.py /tmp/venv-calltwzih6m8/script.in /tmp/venv-calltwzih6m8/script.out /tmp/venv-calltwzih6m8/string_args.txt /tmp/venv-calltwzih6m8/termination.log
[2024-10-08T09:22:43.147-0300] {process_utils.py:187} INFO - Output:
[2024-10-08T09:22:44.953-0300] {process_utils.py:191} INFO - prediction Guardada
[2024-10-08T09:22:45.438-0300] {python.py:237} INFO - Done. Returned value was: None
[2024-10-08T09:22:45.438-0300] {taskinstance.py:441} INFO - ::group::Post task execution logs
[2024-10-08T09:22:45.451-0300] {taskinstance.py:1206} INFO - Marking task as SUCCESS. dag_id=preprocess_predict, task_id=prediction, run_id=manual__2024-10-08T12:21:57.681416+00:00, execution_date=20241008T122157, start_date=20241008T122223, end_date=20241008T122245
[2024-10-08T09:22:45.510-0300] {local_task_job_runner.py:240} INFO - Task exited with return code 0
[2024-10-08T09:22:45.532-0300] {taskinstance.py:3498} INFO - 0 downstream tasks scheduled from follow-on schedule check
[2024-10-08T09:22:45.536-0300] {local_task_job_runner.py:222} INFO - ::endgroup::
