[2024-10-07T23:10:23.834-0300] {local_task_job_runner.py:120} INFO - ::group::Pre task execution logs
[2024-10-07T23:10:23.872-0300] {taskinstance.py:2076} INFO - Dependencies all met for dep_context=non-requeueable deps ti=<TaskInstance: preprocess_predict.preprocess manual__2024-10-08T02:10:21.508042+00:00 [queued]>
[2024-10-07T23:10:23.886-0300] {taskinstance.py:2076} INFO - Dependencies all met for dep_context=requeueable deps ti=<TaskInstance: preprocess_predict.preprocess manual__2024-10-08T02:10:21.508042+00:00 [queued]>
[2024-10-07T23:10:23.888-0300] {taskinstance.py:2306} INFO - Starting attempt 1 of 1
[2024-10-07T23:10:23.910-0300] {taskinstance.py:2330} INFO - Executing <Task(_PythonVirtualenvDecoratedOperator): preprocess> on 2024-10-08 02:10:21.508042+00:00
[2024-10-07T23:10:23.916-0300] {warnings.py:110} WARNING - /home/***/.local/lib/python3.12/site-packages/***/task/task_runner/standard_task_runner.py:61: DeprecationWarning: This process (pid=3554) is multi-threaded, use of fork() may lead to deadlocks in the child.
  pid = os.fork()

[2024-10-07T23:10:23.919-0300] {standard_task_runner.py:63} INFO - Started process 3555 to run task
[2024-10-07T23:10:23.918-0300] {standard_task_runner.py:90} INFO - Running: ['***', 'tasks', 'run', 'preprocess_predict', 'preprocess', 'manual__2024-10-08T02:10:21.508042+00:00', '--job-id', '80', '--raw', '--subdir', 'DAGS_FOLDER/Predict/preprocess_predict.py', '--cfg-path', '/tmp/tmpzrm97h98']
[2024-10-07T23:10:23.920-0300] {standard_task_runner.py:91} INFO - Job 80: Subtask preprocess
[2024-10-07T23:10:23.981-0300] {task_command.py:426} INFO - Running <TaskInstance: preprocess_predict.preprocess manual__2024-10-08T02:10:21.508042+00:00 [running]> on host 4a07270c49a4
[2024-10-07T23:10:24.102-0300] {taskinstance.py:2648} INFO - Exporting env vars: AIRFLOW_CTX_DAG_OWNER='***' AIRFLOW_CTX_DAG_ID='preprocess_predict' AIRFLOW_CTX_TASK_ID='preprocess' AIRFLOW_CTX_EXECUTION_DATE='2024-10-08T02:10:21.508042+00:00' AIRFLOW_CTX_TRY_NUMBER='1' AIRFLOW_CTX_DAG_RUN_ID='manual__2024-10-08T02:10:21.508042+00:00'
[2024-10-07T23:10:24.103-0300] {taskinstance.py:430} INFO - ::endgroup::
[2024-10-07T23:10:24.106-0300] {process_utils.py:183} INFO - Executing cmd: /home/***/.local/bin/python -m virtualenv /tmp/venv11qfijcq --python=python
[2024-10-07T23:10:24.107-0300] {process_utils.py:187} INFO - Output:
[2024-10-07T23:10:25.160-0300] {process_utils.py:191} INFO - created virtual environment CPython3.12.3.final.0-64 in 452ms
[2024-10-07T23:10:25.162-0300] {process_utils.py:191} INFO -   creator CPython3Posix(dest=/tmp/venv11qfijcq, clear=False, no_vcs_ignore=False, global=False)
[2024-10-07T23:10:25.163-0300] {process_utils.py:191} INFO -   seeder FromAppData(download=False, pip=bundle, via=copy, app_data_dir=/home/***/.local/share/virtualenv)
[2024-10-07T23:10:25.164-0300] {process_utils.py:191} INFO -     added seed packages: pip==24.2
[2024-10-07T23:10:25.165-0300] {process_utils.py:191} INFO -   activators BashActivator,CShellActivator,FishActivator,NushellActivator,PowerShellActivator,PythonActivator
[2024-10-07T23:10:25.283-0300] {process_utils.py:183} INFO - Executing cmd: /tmp/venv11qfijcq/bin/pip install -r /tmp/venv11qfijcq/requirements.txt
[2024-10-07T23:10:25.286-0300] {process_utils.py:187} INFO - Output:
[2024-10-07T23:10:29.071-0300] {process_utils.py:191} INFO - Collecting joblib (from -r /tmp/venv11qfijcq/requirements.txt (line 1))
[2024-10-07T23:10:29.076-0300] {process_utils.py:191} INFO -   Using cached joblib-1.4.2-py3-none-any.whl.metadata (5.4 kB)
[2024-10-07T23:10:29.555-0300] {process_utils.py:191} INFO - Collecting numpy (from -r /tmp/venv11qfijcq/requirements.txt (line 2))
[2024-10-07T23:10:29.568-0300] {process_utils.py:191} INFO -   Using cached numpy-2.1.2-cp312-cp312-manylinux_2_17_x86_64.manylinux2014_x86_64.whl.metadata (60 kB)
[2024-10-07T23:10:30.126-0300] {process_utils.py:191} INFO - Collecting pandas (from -r /tmp/venv11qfijcq/requirements.txt (line 3))
[2024-10-07T23:10:30.130-0300] {process_utils.py:191} INFO -   Using cached pandas-2.2.3-cp312-cp312-manylinux_2_17_x86_64.manylinux2014_x86_64.whl.metadata (89 kB)
[2024-10-07T23:10:30.497-0300] {process_utils.py:191} INFO - Collecting scikit-learn (from -r /tmp/venv11qfijcq/requirements.txt (line 4))
[2024-10-07T23:10:30.500-0300] {process_utils.py:191} INFO -   Using cached scikit_learn-1.5.2-cp312-cp312-manylinux_2_17_x86_64.manylinux2014_x86_64.whl.metadata (13 kB)
[2024-10-07T23:10:30.597-0300] {process_utils.py:191} INFO - Collecting python-dateutil>=2.8.2 (from pandas->-r /tmp/venv11qfijcq/requirements.txt (line 3))
[2024-10-07T23:10:30.601-0300] {process_utils.py:191} INFO -   Using cached python_dateutil-2.9.0.post0-py2.py3-none-any.whl.metadata (8.4 kB)
[2024-10-07T23:10:30.746-0300] {process_utils.py:191} INFO - Collecting pytz>=2020.1 (from pandas->-r /tmp/venv11qfijcq/requirements.txt (line 3))
[2024-10-07T23:10:30.751-0300] {process_utils.py:191} INFO -   Using cached pytz-2024.2-py2.py3-none-any.whl.metadata (22 kB)
[2024-10-07T23:10:30.809-0300] {process_utils.py:191} INFO - Collecting tzdata>=2022.7 (from pandas->-r /tmp/venv11qfijcq/requirements.txt (line 3))
[2024-10-07T23:10:30.812-0300] {process_utils.py:191} INFO -   Using cached tzdata-2024.2-py2.py3-none-any.whl.metadata (1.4 kB)
[2024-10-07T23:10:31.177-0300] {process_utils.py:191} INFO - Collecting scipy>=1.6.0 (from scikit-learn->-r /tmp/venv11qfijcq/requirements.txt (line 4))
[2024-10-07T23:10:31.179-0300] {process_utils.py:191} INFO -   Using cached scipy-1.14.1-cp312-cp312-manylinux_2_17_x86_64.manylinux2014_x86_64.whl.metadata (60 kB)
[2024-10-07T23:10:31.224-0300] {process_utils.py:191} INFO - Collecting threadpoolctl>=3.1.0 (from scikit-learn->-r /tmp/venv11qfijcq/requirements.txt (line 4))
[2024-10-07T23:10:31.226-0300] {process_utils.py:191} INFO -   Using cached threadpoolctl-3.5.0-py3-none-any.whl.metadata (13 kB)
[2024-10-07T23:10:31.266-0300] {process_utils.py:191} INFO - Collecting six>=1.5 (from python-dateutil>=2.8.2->pandas->-r /tmp/venv11qfijcq/requirements.txt (line 3))
[2024-10-07T23:10:31.269-0300] {process_utils.py:191} INFO -   Using cached six-1.16.0-py2.py3-none-any.whl.metadata (1.8 kB)
[2024-10-07T23:10:31.299-0300] {process_utils.py:191} INFO - Using cached joblib-1.4.2-py3-none-any.whl (301 kB)
[2024-10-07T23:10:31.310-0300] {process_utils.py:191} INFO - Using cached numpy-2.1.2-cp312-cp312-manylinux_2_17_x86_64.manylinux2014_x86_64.whl (16.0 MB)
[2024-10-07T23:10:31.387-0300] {process_utils.py:191} INFO - Using cached pandas-2.2.3-cp312-cp312-manylinux_2_17_x86_64.manylinux2014_x86_64.whl (12.7 MB)
[2024-10-07T23:10:31.507-0300] {process_utils.py:191} INFO - Using cached scikit_learn-1.5.2-cp312-cp312-manylinux_2_17_x86_64.manylinux2014_x86_64.whl (12.9 MB)
[2024-10-07T23:10:31.562-0300] {process_utils.py:191} INFO - Using cached python_dateutil-2.9.0.post0-py2.py3-none-any.whl (229 kB)
[2024-10-07T23:10:31.565-0300] {process_utils.py:191} INFO - Using cached pytz-2024.2-py2.py3-none-any.whl (508 kB)
[2024-10-07T23:10:31.569-0300] {process_utils.py:191} INFO - Using cached scipy-1.14.1-cp312-cp312-manylinux_2_17_x86_64.manylinux2014_x86_64.whl (40.8 MB)
[2024-10-07T23:10:31.625-0300] {process_utils.py:191} INFO - Using cached threadpoolctl-3.5.0-py3-none-any.whl (18 kB)
[2024-10-07T23:10:31.626-0300] {process_utils.py:191} INFO - Using cached tzdata-2024.2-py2.py3-none-any.whl (346 kB)
[2024-10-07T23:10:31.628-0300] {process_utils.py:191} INFO - Using cached six-1.16.0-py2.py3-none-any.whl (11 kB)
[2024-10-07T23:10:31.844-0300] {process_utils.py:191} INFO - Installing collected packages: pytz, tzdata, threadpoolctl, six, numpy, joblib, scipy, python-dateutil, scikit-learn, pandas
[2024-10-07T23:10:55.063-0300] {process_utils.py:191} INFO - Successfully installed joblib-1.4.2 numpy-2.1.2 pandas-2.2.3 python-dateutil-2.9.0.post0 pytz-2024.2 scikit-learn-1.5.2 scipy-1.14.1 six-1.16.0 threadpoolctl-3.5.0 tzdata-2024.2
[2024-10-07T23:10:55.549-0300] {process_utils.py:183} INFO - Executing cmd: /tmp/venv11qfijcq/bin/python /tmp/venv-callpod_cwso/script.py /tmp/venv-callpod_cwso/script.in /tmp/venv-callpod_cwso/script.out /tmp/venv-callpod_cwso/string_args.txt /tmp/venv-callpod_cwso/termination.log
[2024-10-07T23:10:55.551-0300] {process_utils.py:187} INFO - Output:
[2024-10-07T23:10:57.618-0300] {process_utils.py:191} INFO - Datos Preprocesados
[2024-10-07T23:10:59.085-0300] {python.py:237} INFO - Done. Returned value was:    color_black  color_silver  color_white  ...     running  status  year
0          1.0           0.0          0.0  ...   24000.000       3  2020
1          0.0           0.0          1.0  ...  136794.240       3  2017
2          0.0           0.0          1.0  ...   48280.320       3  2021
3          0.0           1.0          0.0  ...   85295.232       3  2018
4          0.0           0.0          1.0  ...  226112.832       3  2013
5          0.0           0.0          0.0  ...  230000.000       3  1997

[6 rows x 10 columns]
[2024-10-07T23:10:59.133-0300] {taskinstance.py:441} INFO - ::group::Post task execution logs
[2024-10-07T23:10:59.182-0300] {taskinstance.py:1206} INFO - Marking task as SUCCESS. dag_id=preprocess_predict, task_id=preprocess, run_id=manual__2024-10-08T02:10:21.508042+00:00, execution_date=20241008T021021, start_date=20241008T021023, end_date=20241008T021059
[2024-10-07T23:10:59.224-0300] {local_task_job_runner.py:240} INFO - Task exited with return code 0
[2024-10-07T23:10:59.255-0300] {taskinstance.py:3498} INFO - 1 downstream tasks scheduled from follow-on schedule check
[2024-10-07T23:10:59.258-0300] {local_task_job_runner.py:222} INFO - ::endgroup::
